-- The C compiler identification is GNU 7.5.0
-- The CXX compiler identification is GNU 7.5.0
-- Check for working C compiler: /usr/bin/cc
-- Check for working C compiler: /usr/bin/cc -- works
-- Detecting C compiler ABI info
-- Detecting C compiler ABI info - done
-- Detecting C compile features
-- Detecting C compile features - done
-- Check for working CXX compiler: /usr/bin/c++
-- Check for working CXX compiler: /usr/bin/c++ -- works
-- Detecting CXX compiler ABI info
-- Detecting CXX compiler ABI info - done
-- Detecting CXX compile features
-- Detecting CXX compile features - done
-- Found ament_cmake: 0.7.5 (/home/manish/ros2_ws/ros2_ws/src/install/ament_cmake/share/ament_cmake/cmake)
-- Found PythonInterp: /usr/bin/python3 (found suitable version "3.6.9", minimum required is "3") 
-- Using PYTHON_EXECUTABLE: /usr/bin/python3
-- Override CMake install command with custom implementation using symlinks instead of copying resources
-- Found rclcpp: 0.7.14 (/home/manish/ros2_ws/ros2_ws/install/rclcpp/share/rclcpp/cmake)
-- Found rosidl_adapter: 0.7.9 (/home/manish/ros2_ws/ros2_ws/install/rosidl_adapter/share/rosidl_adapter/cmake)
-- Found rmw_implementation_cmake: 0.7.2 (/home/manish/ros2_ws/ros2_ws/install/rmw_implementation_cmake/share/rmw_implementation_cmake/cmake)
-- Using RMW implementation 'rmw_fastrtps_cpp' as default
-- Looking for pthread.h
-- Looking for pthread.h - found
-- Looking for pthread_create
-- Looking for pthread_create - not found
-- Looking for pthread_create in pthreads
-- Looking for pthread_create in pthreads - not found
-- Looking for pthread_create in pthread
-- Looking for pthread_create in pthread - found
-- Found Threads: TRUE  
-- Found sensor_msgs: 0.7.0 (/home/manish/ros2_ws/ros2_ws/install/sensor_msgs/share/sensor_msgs/cmake)
-- Found tf2: 0.11.6 (/home/manish/ros2_ws/ros2_ws/install/tf2/share/tf2/cmake)
-- Found ament_cmake_cppcheck: 0.7.12 (/home/manish/ros2_ws/ros2_ws/src/install/ament_cmake_cppcheck/share/ament_cmake_cppcheck/cmake)
-- Found ament_cmake_cpplint: 0.7.12 (/home/manish/ros2_ws/ros2_ws/src/install/ament_cmake_cpplint/share/ament_cmake_cpplint/cmake)
-- Found ament_cmake_lint_cmake: 0.7.12 (/home/manish/ros2_ws/ros2_ws/src/install/ament_cmake_lint_cmake/share/ament_cmake_lint_cmake/cmake)
-- Found ament_cmake_uncrustify: 0.7.12 (/home/manish/ros2_ws/ros2_ws/src/install/ament_cmake_uncrustify/share/ament_cmake_uncrustify/cmake)
-- Found ament_cmake_gtest: 0.7.5 (/home/manish/ros2_ws/ros2_ws/src/install/ament_cmake_gtest/share/ament_cmake_gtest/cmake)
-- Found ament_cmake_gmock: 0.7.5 (/home/manish/ros2_ws/ros2_ws/src/install/ament_cmake_gmock/share/ament_cmake_gmock/cmake)
-- Found gtest sources under '/home/manish/ros2_ws/ros2_ws/src/install/gtest_vendor/src/gtest_vendor': C++ tests using 'Google Test' will be built
-- Check if compiler accepts -pthread
-- Check if compiler accepts -pthread - yes
-- Configuring done
-- Generating done
-- Build files have been written to: /home/manish/ros2_ws/ros2_ws/src/build/laser_geometry
[35m[1mScanning dependencies of target laser_geometry[0m
[ 12%] [32mBuilding CXX object CMakeFiles/laser_geometry.dir/src/laser_geometry.cpp.o[0m
[ 25%] [32m[1mLinking CXX shared library liblaser_geometry.so[0m
[ 25%] Built target laser_geometry
[35m[1mScanning dependencies of target gtest[0m
[ 37%] [32mBuilding CXX object gtest/CMakeFiles/gtest.dir/src/gtest-all.cc.o[0m
[ 50%] [32m[1mLinking CXX static library libgtest.a[0m
[ 50%] Built target gtest
[35m[1mScanning dependencies of target gtest_main[0m
[ 62%] [32mBuilding CXX object gtest/CMakeFiles/gtest_main.dir/src/gtest_main.cc.o[0m
[ 75%] [32m[1mLinking CXX static library libgtest_main.a[0m
[ 75%] Built target gtest_main
[35m[1mScanning dependencies of target projection_test[0m
[ 87%] [32mBuilding CXX object CMakeFiles/projection_test.dir/test/projection_test.cpp.o[0m
[100%] [32m[1mLinking CXX executable projection_test[0m
[100%] Built target projection_test
[ 25%] Built target laser_geometry
[ 50%] Built target gtest
[ 75%] Built target gtest_main
[100%] Built target projection_test
[36mInstall the project...[0m
-- Install configuration: ""
-- Execute custom install script
-- Symlinking: /home/manish/ros2_ws/ros2_ws/src/install/laser_geometry/share/laser_geometry/environment/library_path.sh
-- Symlinking: /home/manish/ros2_ws/ros2_ws/src/install/laser_geometry/include/laser_geometry/laser_geometry.hpp
-- Symlinking: /home/manish/ros2_ws/ros2_ws/src/install/laser_geometry/include/laser_geometry/visibility_control.hpp
-- Symlinking: /home/manish/ros2_ws/ros2_ws/src/install/laser_geometry/share/ament_index/resource_index/package_run_dependencies/laser_geometry
-- Symlinking: /home/manish/ros2_ws/ros2_ws/src/install/laser_geometry/share/ament_index/resource_index/parent_prefix_path/laser_geometry
-- Symlinking: /home/manish/ros2_ws/ros2_ws/src/install/laser_geometry/share/laser_geometry/environment/ament_prefix_path.sh
-- Symlinking: /home/manish/ros2_ws/ros2_ws/src/install/laser_geometry/share/laser_geometry/environment/path.sh
-- Symlinking: /home/manish/ros2_ws/ros2_ws/src/install/laser_geometry/share/laser_geometry/local_setup.bash
-- Symlinking: /home/manish/ros2_ws/ros2_ws/src/install/laser_geometry/share/laser_geometry/local_setup.sh
-- Symlinking: /home/manish/ros2_ws/ros2_ws/src/install/laser_geometry/share/laser_geometry/local_setup.zsh
-- Symlinking: /home/manish/ros2_ws/ros2_ws/src/install/laser_geometry/share/ament_index/resource_index/packages/laser_geometry
-- Symlinking: /home/manish/ros2_ws/ros2_ws/src/install/laser_geometry/share/laser_geometry/cmake/laser_geometry-extras.cmake
-- Symlinking: /home/manish/ros2_ws/ros2_ws/src/install/laser_geometry/share/laser_geometry/cmake/ament_cmake_export_include_directories-extras.cmake
-- Symlinking: /home/manish/ros2_ws/ros2_ws/src/install/laser_geometry/share/laser_geometry/cmake/ament_cmake_export_interfaces-extras.cmake
-- Symlinking: /home/manish/ros2_ws/ros2_ws/src/install/laser_geometry/share/laser_geometry/cmake/ament_cmake_export_libraries-extras.cmake
-- Symlinking: /home/manish/ros2_ws/ros2_ws/src/install/laser_geometry/share/laser_geometry/cmake/laser_geometryConfig.cmake
-- Symlinking: /home/manish/ros2_ws/ros2_ws/src/install/laser_geometry/share/laser_geometry/cmake/laser_geometryConfig-version.cmake
-- Symlinking: /home/manish/ros2_ws/ros2_ws/src/install/laser_geometry/share/laser_geometry/package.xml
-- Installing: /home/manish/ros2_ws/ros2_ws/src/install/laser_geometry/lib/liblaser_geometry.so
-- Set runtime path of "/home/manish/ros2_ws/ros2_ws/src/install/laser_geometry/lib/liblaser_geometry.so" to ""
-- Installing: /home/manish/ros2_ws/ros2_ws/src/install/laser_geometry/share/laser_geometry/cmake/laser_geometryExport.cmake
-- Installing: /home/manish/ros2_ws/ros2_ws/src/install/laser_geometry/share/laser_geometry/cmake/laser_geometryExport-noconfig.cmake
