[1.116s] Invoking command in '/home/manish/ros2_ws/ros2_ws/src/build/ament_pyflakes': AMENT_PREFIX_PATH=/home/manish/ros2_ws/ros2_ws/src/install/ament_pep8:${AMENT_PREFIX_PATH} PATH=/home/manish/ros2_ws/ros2_ws/src/install/ament_pep8/bin:/home/manish/ros2_ws/ros2_ws/install/rviz2/bin:/home/manish/ros2_ws/ros2_ws/install/urdfdom/bin:/home/manish/ros2_ws/ros2_ws/install/rqt_topic/bin:/home/manish/ros2_ws/ros2_ws/install/rqt_gui/bin:/home/manish/ros2_ws/ros2_ws/install/ros2cli/bin:/home/manish/ros2_ws/ros2_ws/install/ament_uncrustify/bin:/home/manish/ros2_ws/ros2_ws/install/uncrustify_vendor/bin:/home/manish/ros2_ws/ros2_ws/install/pendulum_control/bin:/home/manish/ros2_ws/ros2_ws/install/tlsf_cpp/bin:/home/manish/ros2_ws/ros2_ws/install/rttest/bin:/home/manish/ros2_ws/ros2_ws/install/launch_testing/bin:/home/manish/ros2_ws/ros2_ws/install/cyclonedds/bin:/home/manish/ros2_ws/ros2_ws/install/ament_xmllint/bin:/home/manish/ros2_ws/ros2_ws/install/ament_pyflakes/bin:/home/manish/ros2_ws/ros2_ws/install/ament_pep8/bin:/home/manish/ros2_ws/ros2_ws/install/ament_pep257/bin:/home/manish/ros2_ws/ros2_ws/install/ament_pclint/bin:/home/manish/ros2_ws/ros2_ws/install/ament_lint_cmake/bin:/home/manish/ros2_ws/ros2_ws/install/ament_flake8/bin:/home/manish/ros2_ws/ros2_ws/install/ament_copyright/bin:/home/manish/ros2_ws/ros2_ws/install/ament_index_python/bin:/home/manish/ros2_ws/ros2_ws/install/ament_cpplint/bin:/home/manish/ros2_ws/ros2_ws/install/ament_cppcheck/bin:/home/manish/ros2_ws/ros2_ws/install/ament_clang_tidy/bin:/home/manish/ros2_ws/ros2_ws/install/ament_clang_format/bin:/home/manish/eclipse/:/snap/bin/:/usr/local/cuda/bin:/home/manish/.local/bin:/usr/local/sbin:/usr/local/bin:/usr/sbin:/usr/bin:/sbin:/bin:/usr/games:/usr/local/games:/snap/bin:/usr/lib/jvm/java-14-oracle/bin:/usr/lib/jvm/java-14-oracle/db/bin18615$ PYTHONPATH=/home/manish/ros2_ws/ros2_ws/src/install/ament_pyflakes/lib/python3.6/site-packages:/home/manish/ros2_ws/ros2_ws/src/build/ament_pep8:/home/manish/ros2_ws/ros2_ws/src/install/ament_pep8/lib/python3.6/site-packages:${PYTHONPATH} /usr/bin/python3 setup.py develop --prefix /home/manish/ros2_ws/ros2_ws/src/install/ament_pyflakes --editable --build-directory /home/manish/ros2_ws/ros2_ws/src/build/ament_pyflakes/build --no-deps install_data --install-dir /home/manish/ros2_ws/ros2_ws/src/install/ament_pyflakes
[1.642s] running develop
[1.854s] running egg_info
[1.855s] creating ament_pyflakes.egg-info
[1.855s] writing ament_pyflakes.egg-info/PKG-INFO
[1.855s] writing dependency_links to ament_pyflakes.egg-info/dependency_links.txt
[1.855s] writing entry points to ament_pyflakes.egg-info/entry_points.txt
[1.855s] writing requirements to ament_pyflakes.egg-info/requires.txt
[1.855s] writing top-level names to ament_pyflakes.egg-info/top_level.txt
[1.858s] writing manifest file 'ament_pyflakes.egg-info/SOURCES.txt'
[1.893s] reading manifest file 'ament_pyflakes.egg-info/SOURCES.txt'
[1.894s] writing manifest file 'ament_pyflakes.egg-info/SOURCES.txt'
[1.899s] running build_ext
[1.899s] Creating /home/manish/ros2_ws/ros2_ws/src/install/ament_pyflakes/lib/python3.6/site-packages/ament-pyflakes.egg-link (link to .)
[1.900s] Installing ament_pyflakes script to /home/manish/ros2_ws/ros2_ws/src/install/ament_pyflakes/bin
[1.900s] 
[1.908s] Installed /home/manish/ros2_ws/ros2_ws/src/build/ament_pyflakes
[1.909s] running install_data
[1.909s] copying package.xml -> /home/manish/ros2_ws/ros2_ws/src/install/ament_pyflakes/share/ament_pyflakes
[1.909s] creating /home/manish/ros2_ws/ros2_ws/src/install/ament_pyflakes/share/ament_index
[1.909s] creating /home/manish/ros2_ws/ros2_ws/src/install/ament_pyflakes/share/ament_index/resource_index
[1.909s] creating /home/manish/ros2_ws/ros2_ws/src/install/ament_pyflakes/share/ament_index/resource_index/packages
[1.909s] copying resource/ament_pyflakes -> /home/manish/ros2_ws/ros2_ws/src/install/ament_pyflakes/share/ament_index/resource_index/packages
[1.931s] Invoked command in '/home/manish/ros2_ws/ros2_ws/src/build/ament_pyflakes' returned '0': AMENT_PREFIX_PATH=/home/manish/ros2_ws/ros2_ws/src/install/ament_pep8:${AMENT_PREFIX_PATH} PATH=/home/manish/ros2_ws/ros2_ws/src/install/ament_pep8/bin:/home/manish/ros2_ws/ros2_ws/install/rviz2/bin:/home/manish/ros2_ws/ros2_ws/install/urdfdom/bin:/home/manish/ros2_ws/ros2_ws/install/rqt_topic/bin:/home/manish/ros2_ws/ros2_ws/install/rqt_gui/bin:/home/manish/ros2_ws/ros2_ws/install/ros2cli/bin:/home/manish/ros2_ws/ros2_ws/install/ament_uncrustify/bin:/home/manish/ros2_ws/ros2_ws/install/uncrustify_vendor/bin:/home/manish/ros2_ws/ros2_ws/install/pendulum_control/bin:/home/manish/ros2_ws/ros2_ws/install/tlsf_cpp/bin:/home/manish/ros2_ws/ros2_ws/install/rttest/bin:/home/manish/ros2_ws/ros2_ws/install/launch_testing/bin:/home/manish/ros2_ws/ros2_ws/install/cyclonedds/bin:/home/manish/ros2_ws/ros2_ws/install/ament_xmllint/bin:/home/manish/ros2_ws/ros2_ws/install/ament_pyflakes/bin:/home/manish/ros2_ws/ros2_ws/install/ament_pep8/bin:/home/manish/ros2_ws/ros2_ws/install/ament_pep257/bin:/home/manish/ros2_ws/ros2_ws/install/ament_pclint/bin:/home/manish/ros2_ws/ros2_ws/install/ament_lint_cmake/bin:/home/manish/ros2_ws/ros2_ws/install/ament_flake8/bin:/home/manish/ros2_ws/ros2_ws/install/ament_copyright/bin:/home/manish/ros2_ws/ros2_ws/install/ament_index_python/bin:/home/manish/ros2_ws/ros2_ws/install/ament_cpplint/bin:/home/manish/ros2_ws/ros2_ws/install/ament_cppcheck/bin:/home/manish/ros2_ws/ros2_ws/install/ament_clang_tidy/bin:/home/manish/ros2_ws/ros2_ws/install/ament_clang_format/bin:/home/manish/eclipse/:/snap/bin/:/usr/local/cuda/bin:/home/manish/.local/bin:/usr/local/sbin:/usr/local/bin:/usr/sbin:/usr/bin:/sbin:/bin:/usr/games:/usr/local/games:/snap/bin:/usr/lib/jvm/java-14-oracle/bin:/usr/lib/jvm/java-14-oracle/db/bin18615$ PYTHONPATH=/home/manish/ros2_ws/ros2_ws/src/install/ament_pyflakes/lib/python3.6/site-packages:/home/manish/ros2_ws/ros2_ws/src/build/ament_pep8:/home/manish/ros2_ws/ros2_ws/src/install/ament_pep8/lib/python3.6/site-packages:${PYTHONPATH} /usr/bin/python3 setup.py develop --prefix /home/manish/ros2_ws/ros2_ws/src/install/ament_pyflakes --editable --build-directory /home/manish/ros2_ws/ros2_ws/src/build/ament_pyflakes/build --no-deps install_data --install-dir /home/manish/ros2_ws/ros2_ws/src/install/ament_pyflakes
