-- Found ament_cmake_core: 0.7.5 (/home/manish/ros2_ws/ros2_ws/src/install/ament_cmake_core/share/ament_cmake_core/cmake)
-- Found PythonInterp: /usr/bin/python3 (found suitable version "3.6.9", minimum required is "3") 
-- Using PYTHON_EXECUTABLE: /usr/bin/python3
-- Override CMake install command with custom implementation using symlinks instead of copying resources
-- Configuring done
-- Generating done
-- Build files have been written to: /home/manish/ros2_ws/ros2_ws/src/build/ament_cmake_export_dependencies
[36mInstall the project...[0m
-- Install configuration: ""
-- Execute custom install script
-- Symlinking: /home/manish/ros2_ws/ros2_ws/src/install/ament_cmake_export_dependencies/share/ament_index/resource_index/package_run_dependencies/ament_cmake_export_dependencies
-- Symlinking: /home/manish/ros2_ws/ros2_ws/src/install/ament_cmake_export_dependencies/share/ament_index/resource_index/parent_prefix_path/ament_cmake_export_dependencies
-- Symlinking: /home/manish/ros2_ws/ros2_ws/src/install/ament_cmake_export_dependencies/share/ament_cmake_export_dependencies/environment/ament_prefix_path.sh
-- Symlinking: /home/manish/ros2_ws/ros2_ws/src/install/ament_cmake_export_dependencies/share/ament_cmake_export_dependencies/environment/path.sh
-- Symlinking: /home/manish/ros2_ws/ros2_ws/src/install/ament_cmake_export_dependencies/share/ament_cmake_export_dependencies/local_setup.bash
-- Symlinking: /home/manish/ros2_ws/ros2_ws/src/install/ament_cmake_export_dependencies/share/ament_cmake_export_dependencies/local_setup.sh
-- Symlinking: /home/manish/ros2_ws/ros2_ws/src/install/ament_cmake_export_dependencies/share/ament_cmake_export_dependencies/local_setup.zsh
-- Symlinking: /home/manish/ros2_ws/ros2_ws/src/install/ament_cmake_export_dependencies/share/ament_index/resource_index/packages/ament_cmake_export_dependencies
-- Symlinking: /home/manish/ros2_ws/ros2_ws/src/install/ament_cmake_export_dependencies/share/ament_cmake_export_dependencies/cmake/ament_cmake_export_dependencies-extras.cmake
-- Symlinking: /home/manish/ros2_ws/ros2_ws/src/install/ament_cmake_export_dependencies/share/ament_cmake_export_dependencies/cmake/ament_cmake_export_dependenciesConfig.cmake
-- Symlinking: /home/manish/ros2_ws/ros2_ws/src/install/ament_cmake_export_dependencies/share/ament_cmake_export_dependencies/cmake/ament_cmake_export_dependenciesConfig-version.cmake
-- Symlinking: /home/manish/ros2_ws/ros2_ws/src/install/ament_cmake_export_dependencies/share/ament_cmake_export_dependencies/package.xml
-- Symlinking: /home/manish/ros2_ws/ros2_ws/src/install/ament_cmake_export_dependencies/share/ament_cmake_export_dependencies/cmake/ament_cmake_export_dependencies-extras.cmake.in
-- Symlinking: /home/manish/ros2_ws/ros2_ws/src/install/ament_cmake_export_dependencies/share/ament_cmake_export_dependencies/cmake/ament_cmake_export_dependencies_package_hook.cmake
-- Symlinking: /home/manish/ros2_ws/ros2_ws/src/install/ament_cmake_export_dependencies/share/ament_cmake_export_dependencies/cmake/ament_export_dependencies.cmake
