-- Setting build type to 'Release' as none was specified.
-- The C compiler identification is GNU 7.5.0
-- The CXX compiler identification is GNU 7.5.0
-- Check for working C compiler: /usr/bin/cc
-- Check for working C compiler: /usr/bin/cc -- works
-- Detecting C compiler ABI info
-- Detecting C compiler ABI info - done
-- Detecting C compile features
-- Detecting C compile features - done
-- Check for working CXX compiler: /usr/bin/c++
-- Check for working CXX compiler: /usr/bin/c++ -- works
-- Detecting CXX compiler ABI info
-- Detecting CXX compiler ABI info - done
-- Detecting CXX compile features
-- Detecting CXX compile features - done
-- Configuring Fast RTPS
-- Version: 1.8.2
-- To change the version modify the file configure.ac
-- Performing Test SUPPORTS_CXX14
-- Performing Test SUPPORTS_CXX14 - Success
-- Performing Test SUPPORTS_CXX1Y
-- Performing Test SUPPORTS_CXX1Y - Success
-- Performing Test SUPPORTS_CXX11
-- Performing Test SUPPORTS_CXX11 - Success
-- Check if the system is big endian
-- Searching 16 bit integer
-- Looking for sys/types.h
-- Looking for sys/types.h - found
-- Looking for stdint.h
-- Looking for stdint.h - found
-- Looking for stddef.h
-- Looking for stddef.h - found
-- Check size of unsigned short
-- Check size of unsigned short - done
-- Using unsigned short
-- Check if the system is big endian - little endian
-- fastcdr library found...
-- Found tinyxml2: /usr/lib/x86_64-linux-gnu/libtinyxml2.so  
-- Found OpenSSL: /usr/lib/x86_64-linux-gnu/libcrypto.so (found version "1.1.1") 
-- Looking for pthread.h
-- Looking for pthread.h - found
-- Looking for pthread_kill
-- Looking for pthread_kill - not found
-- Looking for pthread_create in pthreads
-- Looking for pthread_create in pthreads - not found
-- Looking for pthread_create in pthread
-- Looking for pthread_create in pthread - found
-- Found Threads: TRUE  
-- Could NOT find GTest (missing: GTEST_LIBRARY GTEST_INCLUDE_DIR GTEST_MAIN_LIBRARY) 
-- Could NOT find GMock (missing: GMOCK_LIBRARY GMOCK_INCLUDE_DIR GMOCK_MAIN_LIBRARY) 
-- Configuring done
-- Generating done
-- Build files have been written to: /home/manish/ros2_ws/ros2_ws/src/build/fastrtps
[35m[1mScanning dependencies of target fastrtps[0m
[  0%] [32mBuilding CXX object src/cpp/CMakeFiles/fastrtps.dir/log/Log.cpp.o[0m
[  0%] [32mBuilding CXX object src/cpp/CMakeFiles/fastrtps.dir/utils/eClock.cpp.o[0m
[  1%] [32mBuilding CXX object src/cpp/CMakeFiles/fastrtps.dir/log/StdoutConsumer.cpp.o[0m
[  2%] [32mBuilding CXX object src/cpp/CMakeFiles/fastrtps.dir/log/FileConsumer.cpp.o[0m
[  3%] [32mBuilding CXX object src/cpp/CMakeFiles/fastrtps.dir/utils/IPFinder.cpp.o[0m
[  4%] [32mBuilding CXX object src/cpp/CMakeFiles/fastrtps.dir/utils/md5.cpp.o[0m
[  5%] [32mBuilding CXX object src/cpp/CMakeFiles/fastrtps.dir/utils/StringMatching.cpp.o[0m
[  5%] [32mBuilding CXX object src/cpp/CMakeFiles/fastrtps.dir/utils/IPLocator.cpp.o[0m
[  6%] [32mBuilding CXX object src/cpp/CMakeFiles/fastrtps.dir/utils/System.cpp.o[0m
[  7%] [32mBuilding CXX object src/cpp/CMakeFiles/fastrtps.dir/rtps/common/Time_t.cpp.o[0m
[  8%] [32mBuilding CXX object src/cpp/CMakeFiles/fastrtps.dir/rtps/resources/ResourceEvent.cpp.o[0m
[  8%] [32mBuilding CXX object src/cpp/CMakeFiles/fastrtps.dir/rtps/resources/TimedEvent.cpp.o[0m
[  9%] [32mBuilding CXX object src/cpp/CMakeFiles/fastrtps.dir/rtps/resources/TimedEventImpl.cpp.o[0m
[ 10%] [32mBuilding CXX object src/cpp/CMakeFiles/fastrtps.dir/rtps/resources/AsyncWriterThread.cpp.o[0m
[ 11%] [32mBuilding CXX object src/cpp/CMakeFiles/fastrtps.dir/rtps/resources/AsyncInterestTree.cpp.o[0m
[ 11%] [32mBuilding CXX object src/cpp/CMakeFiles/fastrtps.dir/rtps/timedevent/TimedCallback.cpp.o[0m
[ 12%] [32mBuilding CXX object src/cpp/CMakeFiles/fastrtps.dir/rtps/writer/RTPSWriter.cpp.o[0m
[ 13%] [32mBuilding CXX object src/cpp/CMakeFiles/fastrtps.dir/rtps/writer/LivelinessManager.cpp.o[0m
[ 14%] [32mBuilding CXX object src/cpp/CMakeFiles/fastrtps.dir/rtps/writer/StatefulWriter.cpp.o[0m
[ 14%] [32mBuilding CXX object src/cpp/CMakeFiles/fastrtps.dir/rtps/writer/ReaderProxy.cpp.o[0m
[ 15%] [32mBuilding CXX object src/cpp/CMakeFiles/fastrtps.dir/rtps/writer/StatelessWriter.cpp.o[0m
[ 16%] [32mBuilding CXX object src/cpp/CMakeFiles/fastrtps.dir/rtps/writer/ReaderLocator.cpp.o[0m
[ 17%] [32mBuilding CXX object src/cpp/CMakeFiles/fastrtps.dir/rtps/writer/timedevent/PeriodicHeartbeat.cpp.o[0m
[ 17%] [32mBuilding CXX object src/cpp/CMakeFiles/fastrtps.dir/rtps/writer/timedevent/NackResponseDelay.cpp.o[0m
[ 18%] [32mBuilding CXX object src/cpp/CMakeFiles/fastrtps.dir/rtps/writer/timedevent/NackSupressionDuration.cpp.o[0m
[ 19%] [32mBuilding CXX object src/cpp/CMakeFiles/fastrtps.dir/rtps/history/CacheChangePool.cpp.o[0m
[ 20%] [32mBuilding CXX object src/cpp/CMakeFiles/fastrtps.dir/rtps/history/History.cpp.o[0m
[ 20%] [32mBuilding CXX object src/cpp/CMakeFiles/fastrtps.dir/rtps/history/WriterHistory.cpp.o[0m
[ 21%] [32mBuilding CXX object src/cpp/CMakeFiles/fastrtps.dir/rtps/history/ReaderHistory.cpp.o[0m
[ 22%] [32mBuilding CXX object src/cpp/CMakeFiles/fastrtps.dir/rtps/reader/timedevent/HeartbeatResponseDelay.cpp.o[0m
[ 23%] [32mBuilding CXX object src/cpp/CMakeFiles/fastrtps.dir/rtps/reader/timedevent/InitialAckNack.cpp.o[0m
[ 24%] [32mBuilding CXX object src/cpp/CMakeFiles/fastrtps.dir/rtps/reader/StatelessReader.cpp.o[0m
[ 25%] [32mBuilding CXX object src/cpp/CMakeFiles/fastrtps.dir/rtps/reader/RTPSReader.cpp.o[0m
[ 25%] [32mBuilding CXX object src/cpp/CMakeFiles/fastrtps.dir/rtps/reader/FragmentedChangePitStop.cpp.o[0m
[ 26%] [32mBuilding CXX object src/cpp/CMakeFiles/fastrtps.dir/rtps/messages/RTPSMessageCreator.cpp.o[0m
[ 27%] [32mBuilding CXX object src/cpp/CMakeFiles/fastrtps.dir/rtps/messages/RTPSMessageGroup.cpp.o[0m
[ 28%] [32mBuilding CXX object src/cpp/CMakeFiles/fastrtps.dir/rtps/messages/MessageReceiver.cpp.o[0m
[ 28%] [32mBuilding CXX object src/cpp/CMakeFiles/fastrtps.dir/rtps/network/NetworkFactory.cpp.o[0m
[ 29%] [32mBuilding CXX object src/cpp/CMakeFiles/fastrtps.dir/rtps/network/ReceiverResource.cpp.o[0m
[ 30%] [32mBuilding CXX object src/cpp/CMakeFiles/fastrtps.dir/rtps/participant/RTPSParticipant.cpp.o[0m
[ 31%] [32mBuilding CXX object src/cpp/CMakeFiles/fastrtps.dir/rtps/participant/RTPSParticipantImpl.cpp.o[0m
[ 31%] [32mBuilding CXX object src/cpp/CMakeFiles/fastrtps.dir/rtps/RTPSDomain.cpp.o[0m
[ 32%] [32mBuilding CXX object src/cpp/CMakeFiles/fastrtps.dir/rtps/reader/StatefulReader.cpp.o[0m
[ 32%] [32mBuilding CXX object src/cpp/CMakeFiles/fastrtps.dir/rtps/reader/WriterProxy.cpp.o[0m
[ 33%] [32mBuilding CXX object src/cpp/CMakeFiles/fastrtps.dir/Domain.cpp.o[0m
[ 34%] [32mBuilding CXX object src/cpp/CMakeFiles/fastrtps.dir/participant/Participant.cpp.o[0m
[ 35%] [32mBuilding CXX object src/cpp/CMakeFiles/fastrtps.dir/participant/ParticipantImpl.cpp.o[0m
[ 35%] [32mBuilding CXX object src/cpp/CMakeFiles/fastrtps.dir/publisher/Publisher.cpp.o[0m
[ 36%] [32mBuilding CXX object src/cpp/CMakeFiles/fastrtps.dir/publisher/PublisherImpl.cpp.o[0m
[ 37%] [32mBuilding CXX object src/cpp/CMakeFiles/fastrtps.dir/publisher/PublisherHistory.cpp.o[0m
[ 38%] [32mBuilding CXX object src/cpp/CMakeFiles/fastrtps.dir/subscriber/Subscriber.cpp.o[0m
[ 38%] [32mBuilding CXX object src/cpp/CMakeFiles/fastrtps.dir/subscriber/SubscriberImpl.cpp.o[0m
[ 39%] [32mBuilding CXX object src/cpp/CMakeFiles/fastrtps.dir/subscriber/SubscriberHistory.cpp.o[0m
[ 40%] [32mBuilding CXX object src/cpp/CMakeFiles/fastrtps.dir/transport/ChannelResource.cpp.o[0m
[ 41%] [32mBuilding CXX object src/cpp/CMakeFiles/fastrtps.dir/transport/UDPChannelResource.cpp.o[0m
[ 41%] [32mBuilding CXX object src/cpp/CMakeFiles/fastrtps.dir/transport/TCPChannelResource.cpp.o[0m
[ 42%] [32mBuilding CXX object src/cpp/CMakeFiles/fastrtps.dir/transport/TCPChannelResourceBasic.cpp.o[0m
[ 43%] [32mBuilding CXX object src/cpp/CMakeFiles/fastrtps.dir/transport/TCPAcceptor.cpp.o[0m
[ 44%] [32mBuilding CXX object src/cpp/CMakeFiles/fastrtps.dir/transport/TCPAcceptorBasic.cpp.o[0m
[ 44%] [32mBuilding CXX object src/cpp/CMakeFiles/fastrtps.dir/transport/UDPv4Transport.cpp.o[0m
[ 45%] [32mBuilding CXX object src/cpp/CMakeFiles/fastrtps.dir/transport/TCPTransportInterface.cpp.o[0m
[ 46%] [32mBuilding CXX object src/cpp/CMakeFiles/fastrtps.dir/transport/UDPTransportInterface.cpp.o[0m
[ 47%] [32mBuilding CXX object src/cpp/CMakeFiles/fastrtps.dir/transport/TCPv4Transport.cpp.o[0m
[ 47%] [32mBuilding CXX object src/cpp/CMakeFiles/fastrtps.dir/transport/UDPv6Transport.cpp.o[0m
[ 48%] [32mBuilding CXX object src/cpp/CMakeFiles/fastrtps.dir/transport/TCPv6Transport.cpp.o[0m
[ 49%] [32mBuilding CXX object src/cpp/CMakeFiles/fastrtps.dir/transport/test_UDPv4Transport.cpp.o[0m
[ 50%] [32mBuilding CXX object src/cpp/CMakeFiles/fastrtps.dir/transport/tcp/TCPControlMessage.cpp.o[0m
[ 50%] [32mBuilding CXX object src/cpp/CMakeFiles/fastrtps.dir/transport/tcp/RTCPMessageManager.cpp.o[0m
[ 51%] [32mBuilding CXX object src/cpp/CMakeFiles/fastrtps.dir/transport/timedevent/TCPKeepAliveEvent.cpp.o[0m
[ 52%] [32mBuilding CXX object src/cpp/CMakeFiles/fastrtps.dir/types/AnnotationDescriptor.cpp.o[0m
[ 52%] [32mBuilding CXX object src/cpp/CMakeFiles/fastrtps.dir/types/AnnotationParameterValue.cpp.o[0m
[ 53%] [32mBuilding CXX object src/cpp/CMakeFiles/fastrtps.dir/types/DynamicData.cpp.o[0m
[ 54%] [32mBuilding CXX object src/cpp/CMakeFiles/fastrtps.dir/types/DynamicDataFactory.cpp.o[0m
[ 55%] [32mBuilding CXX object src/cpp/CMakeFiles/fastrtps.dir/types/DynamicType.cpp.o[0m
[ 55%] [32mBuilding CXX object src/cpp/CMakeFiles/fastrtps.dir/types/DynamicPubSubType.cpp.o[0m
[ 56%] [32mBuilding CXX object src/cpp/CMakeFiles/fastrtps.dir/types/DynamicTypePtr.cpp.o[0m
[ 57%] [32mBuilding CXX object src/cpp/CMakeFiles/fastrtps.dir/types/DynamicDataPtr.cpp.o[0m
[ 58%] [32mBuilding CXX object src/cpp/CMakeFiles/fastrtps.dir/types/DynamicTypeBuilder.cpp.o[0m
[ 58%] [32mBuilding CXX object src/cpp/CMakeFiles/fastrtps.dir/types/DynamicTypeBuilderPtr.cpp.o[0m
[ 59%] [32mBuilding CXX object src/cpp/CMakeFiles/fastrtps.dir/types/DynamicTypeBuilderFactory.cpp.o[0m
[ 60%] [32mBuilding CXX object src/cpp/CMakeFiles/fastrtps.dir/types/DynamicTypeMember.cpp.o[0m
[ 61%] [32mBuilding CXX object src/cpp/CMakeFiles/fastrtps.dir/types/MemberDescriptor.cpp.o[0m
[ 61%] [32mBuilding CXX object src/cpp/CMakeFiles/fastrtps.dir/types/TypeDescriptor.cpp.o[0m
[ 62%] [32mBuilding CXX object src/cpp/CMakeFiles/fastrtps.dir/types/TypeIdentifier.cpp.o[0m
[ 63%] [32mBuilding CXX object src/cpp/CMakeFiles/fastrtps.dir/types/TypeIdentifierTypes.cpp.o[0m
[ 64%] [32mBuilding CXX object src/cpp/CMakeFiles/fastrtps.dir/types/TypeObject.cpp.o[0m
[ 64%] [32mBuilding CXX object src/cpp/CMakeFiles/fastrtps.dir/types/TypeObjectHashId.cpp.o[0m
[ 65%] [32mBuilding CXX object src/cpp/CMakeFiles/fastrtps.dir/types/TypeObjectFactory.cpp.o[0m
[ 66%] [32mBuilding CXX object src/cpp/CMakeFiles/fastrtps.dir/types/TypeNamesGenerator.cpp.o[0m
[ 67%] [32mBuilding CXX object src/cpp/CMakeFiles/fastrtps.dir/types/TypesBase.cpp.o[0m
[ 67%] [32mBuilding CXX object src/cpp/CMakeFiles/fastrtps.dir/types/BuiltinAnnotationsTypeObject.cpp.o[0m
[ 68%] [32mBuilding CXX object src/cpp/CMakeFiles/fastrtps.dir/attributes/TopicAttributes.cpp.o[0m
[ 69%] [32mBuilding CXX object src/cpp/CMakeFiles/fastrtps.dir/qos/ParameterList.cpp.o[0m
[ 70%] [32mBuilding CXX object src/cpp/CMakeFiles/fastrtps.dir/qos/ParameterTypes.cpp.o[0m
[ 70%] [32mBuilding CXX object src/cpp/CMakeFiles/fastrtps.dir/qos/QosPolicies.cpp.o[0m
[ 71%] [32mBuilding CXX object src/cpp/CMakeFiles/fastrtps.dir/qos/WriterQos.cpp.o[0m
[ 72%] [32mBuilding CXX object src/cpp/CMakeFiles/fastrtps.dir/qos/ReaderQos.cpp.o[0m
[ 73%] [32mBuilding CXX object src/cpp/CMakeFiles/fastrtps.dir/rtps/builtin/BuiltinProtocols.cpp.o[0m
[ 73%] [32mBuilding CXX object src/cpp/CMakeFiles/fastrtps.dir/rtps/builtin/discovery/participant/PDPSimple.cpp.o[0m
[ 74%] [32mBuilding CXX object src/cpp/CMakeFiles/fastrtps.dir/rtps/builtin/discovery/participant/PDPSimpleListener.cpp.o[0m
[ 75%] [32mBuilding CXX object src/cpp/CMakeFiles/fastrtps.dir/rtps/builtin/discovery/participant/timedevent/RemoteParticipantLeaseDuration.cpp.o[0m
[ 76%] [32mBuilding CXX object src/cpp/CMakeFiles/fastrtps.dir/rtps/builtin/discovery/participant/timedevent/ResendParticipantProxyDataPeriod.cpp.o[0m
[ 76%] [32mBuilding CXX object src/cpp/CMakeFiles/fastrtps.dir/rtps/builtin/discovery/endpoint/EDP.cpp.o[0m
[ 77%] [32mBuilding CXX object src/cpp/CMakeFiles/fastrtps.dir/rtps/builtin/discovery/endpoint/EDPSimple.cpp.o[0m
[ 78%] [32mBuilding CXX object src/cpp/CMakeFiles/fastrtps.dir/rtps/builtin/discovery/endpoint/EDPSimpleListeners.cpp.o[0m
[ 79%] [32mBuilding CXX object src/cpp/CMakeFiles/fastrtps.dir/rtps/builtin/discovery/endpoint/EDPStatic.cpp.o[0m
[ 79%] [32mBuilding CXX object src/cpp/CMakeFiles/fastrtps.dir/rtps/builtin/liveliness/WLP.cpp.o[0m
[ 80%] [32mBuilding CXX object src/cpp/CMakeFiles/fastrtps.dir/rtps/builtin/liveliness/WLPListener.cpp.o[0m
[ 81%] [32mBuilding CXX object src/cpp/CMakeFiles/fastrtps.dir/rtps/builtin/liveliness/timedevent/WLivelinessPeriodicAssertion.cpp.o[0m
[ 82%] [32mBuilding CXX object src/cpp/CMakeFiles/fastrtps.dir/rtps/builtin/data/ParticipantProxyData.cpp.o[0m
src/cpp/CMakeFiles/fastrtps.dir/build.make:2654: recipe for target 'src/cpp/CMakeFiles/fastrtps.dir/rtps/builtin/liveliness/timedevent/WLivelinessPeriodicAssertion.cpp.o' failed
make[2]: *** [src/cpp/CMakeFiles/fastrtps.dir/rtps/builtin/liveliness/timedevent/WLivelinessPeriodicAssertion.cpp.o] Interrupt
make[2]: *** [src/cpp/CMakeFiles/fastrtps.dir/rtps/builtin/liveliness/WLP.cpp.o] Interrupt
make[2]: *** [src/cpp/CMakeFiles/fastrtps.dir/rtps/builtin/liveliness/WLPListener.cpp.o] Interrupt
src/cpp/CMakeFiles/fastrtps.dir/build.make:2606: recipe for target 'src/cpp/CMakeFiles/fastrtps.dir/rtps/builtin/liveliness/WLP.cpp.o' failed
src/cpp/CMakeFiles/fastrtps.dir/build.make:2630: recipe for target 'src/cpp/CMakeFiles/fastrtps.dir/rtps/builtin/liveliness/WLPListener.cpp.o' failed
src/cpp/CMakeFiles/fastrtps.dir/build.make:2678: recipe for target 'src/cpp/CMakeFiles/fastrtps.dir/rtps/builtin/data/ParticipantProxyData.cpp.o' failed
make[2]: *** [src/cpp/CMakeFiles/fastrtps.dir/rtps/builtin/data/ParticipantProxyData.cpp.o] Interrupt
make[1]: *** [src/cpp/CMakeFiles/fastrtps.dir/all] Interrupt
make: *** [all] Interrupt
CMakeFiles/Makefile2:981: recipe for target 'src/cpp/CMakeFiles/fastrtps.dir/all' failed
Makefile:162: recipe for target 'all' failed
