[0.048s] Invoking command in '/home/manish/ros2_ws/ros2_ws/src/build/fastrtps': CMAKE_PREFIX_PATH=/home/manish/ros2_ws/ros2_ws/src/install/osrf_testing_tools_cpp:/home/manish/ros2_ws/ros2_ws/src/install/fastcdr:${CMAKE_PREFIX_PATH} LD_LIBRARY_PATH=/home/manish/ros2_ws/ros2_ws/src/install/osrf_testing_tools_cpp/lib:/home/manish/ros2_ws/ros2_ws/src/install/fastcdr/lib:${LD_LIBRARY_PATH} PKG_CONFIG_PATH=/home/manish/ros2_ws/ros2_ws/src/install/osrf_testing_tools_cpp/lib/x86_64-linux-gnu/pkgconfig:/home/manish/ros2_ws/ros2_ws/src/install/osrf_testing_tools_cpp/lib/pkgconfig:${PKG_CONFIG_PATH} /usr/bin/cmake /home/manish/ros2_ws/ros2_ws/src/eProsima/Fast-DDS -DCMAKE_INSTALL_PREFIX=/home/manish/ros2_ws/ros2_ws/src/install/fastrtps
[0.069s] -- Setting build type to 'Release' as none was specified.
[0.149s] -- The C compiler identification is GNU 7.5.0
[0.247s] -- The CXX compiler identification is GNU 7.5.0
[0.258s] -- Check for working C compiler: /usr/bin/cc
[0.385s] -- Check for working C compiler: /usr/bin/cc -- works
[0.386s] -- Detecting C compiler ABI info
[0.511s] -- Detecting C compiler ABI info - done
[0.521s] -- Detecting C compile features
[0.910s] -- Detecting C compile features - done
[0.914s] -- Check for working CXX compiler: /usr/bin/c++
[1.059s] -- Check for working CXX compiler: /usr/bin/c++ -- works
[1.060s] -- Detecting CXX compiler ABI info
[1.212s] -- Detecting CXX compiler ABI info - done
[1.222s] -- Detecting CXX compile features
[1.827s] -- Detecting CXX compile features - done
[1.828s] -- Configuring Fast RTPS
[1.829s] -- Version: 1.8.2
[1.829s] -- To change the version modify the file configure.ac
[1.834s] -- Performing Test SUPPORTS_CXX14
[1.970s] -- Performing Test SUPPORTS_CXX14 - Success
[1.975s] -- Performing Test SUPPORTS_CXX1Y
[2.125s] -- Performing Test SUPPORTS_CXX1Y - Success
[2.129s] -- Performing Test SUPPORTS_CXX11
[2.268s] -- Performing Test SUPPORTS_CXX11 - Success
[2.268s] -- Check if the system is big endian
[2.268s] -- Searching 16 bit integer
[2.270s] -- Looking for sys/types.h
[2.394s] -- Looking for sys/types.h - found
[2.394s] -- Looking for stdint.h
[2.511s] -- Looking for stdint.h - found
[2.512s] -- Looking for stddef.h
[2.630s] -- Looking for stddef.h - found
[2.631s] -- Check size of unsigned short
[2.755s] -- Check size of unsigned short - done
[2.755s] -- Using unsigned short
[2.935s] -- Check if the system is big endian - little endian
[2.937s] -- fastcdr library found...
[3.016s] -- Found tinyxml2: /usr/lib/x86_64-linux-gnu/libtinyxml2.so  
[3.283s] -- Found OpenSSL: /usr/lib/x86_64-linux-gnu/libcrypto.so (found version "1.1.1") 
[3.294s] -- Looking for pthread.h
[3.639s] -- Looking for pthread.h - found
[3.639s] -- Looking for pthread_kill
[3.745s] -- Looking for pthread_kill - not found
[3.745s] -- Looking for pthread_create in pthreads
[4.026s] -- Looking for pthread_create in pthreads - not found
[4.026s] -- Looking for pthread_create in pthread
[4.356s] -- Looking for pthread_create in pthread - found
[4.356s] -- Found Threads: TRUE  
[4.486s] -- Could NOT find GTest (missing: GTEST_LIBRARY GTEST_INCLUDE_DIR GTEST_MAIN_LIBRARY) 
[4.523s] -- Could NOT find GMock (missing: GMOCK_LIBRARY GMOCK_INCLUDE_DIR GMOCK_MAIN_LIBRARY) 
[4.576s] -- Configuring done
[4.668s] -- Generating done
[4.676s] -- Build files have been written to: /home/manish/ros2_ws/ros2_ws/src/build/fastrtps
[4.691s] Invoked command in '/home/manish/ros2_ws/ros2_ws/src/build/fastrtps' returned '0': CMAKE_PREFIX_PATH=/home/manish/ros2_ws/ros2_ws/src/install/osrf_testing_tools_cpp:/home/manish/ros2_ws/ros2_ws/src/install/fastcdr:${CMAKE_PREFIX_PATH} LD_LIBRARY_PATH=/home/manish/ros2_ws/ros2_ws/src/install/osrf_testing_tools_cpp/lib:/home/manish/ros2_ws/ros2_ws/src/install/fastcdr/lib:${LD_LIBRARY_PATH} PKG_CONFIG_PATH=/home/manish/ros2_ws/ros2_ws/src/install/osrf_testing_tools_cpp/lib/x86_64-linux-gnu/pkgconfig:/home/manish/ros2_ws/ros2_ws/src/install/osrf_testing_tools_cpp/lib/pkgconfig:${PKG_CONFIG_PATH} /usr/bin/cmake /home/manish/ros2_ws/ros2_ws/src/eProsima/Fast-DDS -DCMAKE_INSTALL_PREFIX=/home/manish/ros2_ws/ros2_ws/src/install/fastrtps
[4.692s] Invoking command in '/home/manish/ros2_ws/ros2_ws/src/build/fastrtps': CMAKE_PREFIX_PATH=/home/manish/ros2_ws/ros2_ws/src/install/osrf_testing_tools_cpp:/home/manish/ros2_ws/ros2_ws/src/install/fastcdr:${CMAKE_PREFIX_PATH} LD_LIBRARY_PATH=/home/manish/ros2_ws/ros2_ws/src/install/osrf_testing_tools_cpp/lib:/home/manish/ros2_ws/ros2_ws/src/install/fastcdr/lib:${LD_LIBRARY_PATH} PKG_CONFIG_PATH=/home/manish/ros2_ws/ros2_ws/src/install/osrf_testing_tools_cpp/lib/x86_64-linux-gnu/pkgconfig:/home/manish/ros2_ws/ros2_ws/src/install/osrf_testing_tools_cpp/lib/pkgconfig:${PKG_CONFIG_PATH} /usr/bin/cmake --build /home/manish/ros2_ws/ros2_ws/src/build/fastrtps -- -j4 -l4
[4.956s] [35m[1mScanning dependencies of target fastrtps[0m
[5.510s] [  0%] [32mBuilding CXX object src/cpp/CMakeFiles/fastrtps.dir/log/Log.cpp.o[0m
[5.550s] [  0%] [32mBuilding CXX object src/cpp/CMakeFiles/fastrtps.dir/utils/eClock.cpp.o[0m
[5.578s] [  1%] [32mBuilding CXX object src/cpp/CMakeFiles/fastrtps.dir/log/StdoutConsumer.cpp.o[0m
[5.579s] [  2%] [32mBuilding CXX object src/cpp/CMakeFiles/fastrtps.dir/log/FileConsumer.cpp.o[0m
[6.412s] [  3%] [32mBuilding CXX object src/cpp/CMakeFiles/fastrtps.dir/utils/IPFinder.cpp.o[0m
[6.797s] [  4%] [32mBuilding CXX object src/cpp/CMakeFiles/fastrtps.dir/utils/md5.cpp.o[0m
[7.243s] [  5%] [32mBuilding CXX object src/cpp/CMakeFiles/fastrtps.dir/utils/StringMatching.cpp.o[0m
[7.454s] [  5%] [32mBuilding CXX object src/cpp/CMakeFiles/fastrtps.dir/utils/IPLocator.cpp.o[0m
[7.604s] [  6%] [32mBuilding CXX object src/cpp/CMakeFiles/fastrtps.dir/utils/System.cpp.o[0m
[7.806s] [  7%] [32mBuilding CXX object src/cpp/CMakeFiles/fastrtps.dir/rtps/common/Time_t.cpp.o[0m
[8.309s] [  8%] [32mBuilding CXX object src/cpp/CMakeFiles/fastrtps.dir/rtps/resources/ResourceEvent.cpp.o[0m
[8.588s] [  8%] [32mBuilding CXX object src/cpp/CMakeFiles/fastrtps.dir/rtps/resources/TimedEvent.cpp.o[0m
[9.952s] [  9%] [32mBuilding CXX object src/cpp/CMakeFiles/fastrtps.dir/rtps/resources/TimedEventImpl.cpp.o[0m
[10.429s] [ 10%] [32mBuilding CXX object src/cpp/CMakeFiles/fastrtps.dir/rtps/resources/AsyncWriterThread.cpp.o[0m
[10.698s] [ 11%] [32mBuilding CXX object src/cpp/CMakeFiles/fastrtps.dir/rtps/resources/AsyncInterestTree.cpp.o[0m
[12.808s] [ 11%] [32mBuilding CXX object src/cpp/CMakeFiles/fastrtps.dir/rtps/timedevent/TimedCallback.cpp.o[0m
[13.276s] [ 12%] [32mBuilding CXX object src/cpp/CMakeFiles/fastrtps.dir/rtps/writer/RTPSWriter.cpp.o[0m
[13.278s] [ 13%] [32mBuilding CXX object src/cpp/CMakeFiles/fastrtps.dir/rtps/writer/LivelinessManager.cpp.o[0m
[15.174s] [ 14%] [32mBuilding CXX object src/cpp/CMakeFiles/fastrtps.dir/rtps/writer/StatefulWriter.cpp.o[0m
[16.032s] [ 14%] [32mBuilding CXX object src/cpp/CMakeFiles/fastrtps.dir/rtps/writer/ReaderProxy.cpp.o[0m
[16.828s] [ 15%] [32mBuilding CXX object src/cpp/CMakeFiles/fastrtps.dir/rtps/writer/StatelessWriter.cpp.o[0m
[17.693s] [ 16%] [32mBuilding CXX object src/cpp/CMakeFiles/fastrtps.dir/rtps/writer/ReaderLocator.cpp.o[0m
[19.955s] [ 17%] [32mBuilding CXX object src/cpp/CMakeFiles/fastrtps.dir/rtps/writer/timedevent/PeriodicHeartbeat.cpp.o[0m
[20.158s] [ 17%] [32mBuilding CXX object src/cpp/CMakeFiles/fastrtps.dir/rtps/writer/timedevent/NackResponseDelay.cpp.o[0m
[20.645s] [ 18%] [32mBuilding CXX object src/cpp/CMakeFiles/fastrtps.dir/rtps/writer/timedevent/NackSupressionDuration.cpp.o[0m
[22.524s] [ 19%] [32mBuilding CXX object src/cpp/CMakeFiles/fastrtps.dir/rtps/history/CacheChangePool.cpp.o[0m
[22.709s] [ 20%] [32mBuilding CXX object src/cpp/CMakeFiles/fastrtps.dir/rtps/history/History.cpp.o[0m
[23.564s] [ 20%] [32mBuilding CXX object src/cpp/CMakeFiles/fastrtps.dir/rtps/history/WriterHistory.cpp.o[0m
[23.590s] [ 21%] [32mBuilding CXX object src/cpp/CMakeFiles/fastrtps.dir/rtps/history/ReaderHistory.cpp.o[0m
[23.755s] [ 22%] [32mBuilding CXX object src/cpp/CMakeFiles/fastrtps.dir/rtps/reader/timedevent/HeartbeatResponseDelay.cpp.o[0m
[24.840s] [ 23%] [32mBuilding CXX object src/cpp/CMakeFiles/fastrtps.dir/rtps/reader/timedevent/InitialAckNack.cpp.o[0m
[27.193s] [ 24%] [32mBuilding CXX object src/cpp/CMakeFiles/fastrtps.dir/rtps/reader/StatelessReader.cpp.o[0m
[29.924s] [ 25%] [32mBuilding CXX object src/cpp/CMakeFiles/fastrtps.dir/rtps/reader/RTPSReader.cpp.o[0m
[32.449s] [ 25%] [32mBuilding CXX object src/cpp/CMakeFiles/fastrtps.dir/rtps/reader/FragmentedChangePitStop.cpp.o[0m
[33.643s] [ 26%] [32mBuilding CXX object src/cpp/CMakeFiles/fastrtps.dir/rtps/messages/RTPSMessageCreator.cpp.o[0m
[35.027s] [ 27%] [32mBuilding CXX object src/cpp/CMakeFiles/fastrtps.dir/rtps/messages/RTPSMessageGroup.cpp.o[0m
[37.341s] [ 28%] [32mBuilding CXX object src/cpp/CMakeFiles/fastrtps.dir/rtps/messages/MessageReceiver.cpp.o[0m
[40.188s] [ 28%] [32mBuilding CXX object src/cpp/CMakeFiles/fastrtps.dir/rtps/network/NetworkFactory.cpp.o[0m
[41.962s] [ 29%] [32mBuilding CXX object src/cpp/CMakeFiles/fastrtps.dir/rtps/network/ReceiverResource.cpp.o[0m
[43.418s] [ 30%] [32mBuilding CXX object src/cpp/CMakeFiles/fastrtps.dir/rtps/participant/RTPSParticipant.cpp.o[0m
[44.879s] [ 31%] [32mBuilding CXX object src/cpp/CMakeFiles/fastrtps.dir/rtps/participant/RTPSParticipantImpl.cpp.o[0m
[45.900s] [ 31%] [32mBuilding CXX object src/cpp/CMakeFiles/fastrtps.dir/rtps/RTPSDomain.cpp.o[0m
[46.921s] [ 32%] [32mBuilding CXX object src/cpp/CMakeFiles/fastrtps.dir/rtps/reader/StatefulReader.cpp.o[0m
[46.943s] [ 32%] [32mBuilding CXX object src/cpp/CMakeFiles/fastrtps.dir/rtps/reader/WriterProxy.cpp.o[0m
[48.125s] [ 33%] [32mBuilding CXX object src/cpp/CMakeFiles/fastrtps.dir/Domain.cpp.o[0m
[48.329s] [ 34%] [32mBuilding CXX object src/cpp/CMakeFiles/fastrtps.dir/participant/Participant.cpp.o[0m
[49.002s] [ 35%] [32mBuilding CXX object src/cpp/CMakeFiles/fastrtps.dir/participant/ParticipantImpl.cpp.o[0m
[49.535s] [ 35%] [32mBuilding CXX object src/cpp/CMakeFiles/fastrtps.dir/publisher/Publisher.cpp.o[0m
[49.582s] [ 36%] [32mBuilding CXX object src/cpp/CMakeFiles/fastrtps.dir/publisher/PublisherImpl.cpp.o[0m
[51.107s] [ 37%] [32mBuilding CXX object src/cpp/CMakeFiles/fastrtps.dir/publisher/PublisherHistory.cpp.o[0m
[51.310s] [ 38%] [32mBuilding CXX object src/cpp/CMakeFiles/fastrtps.dir/subscriber/Subscriber.cpp.o[0m
[52.658s] [ 38%] [32mBuilding CXX object src/cpp/CMakeFiles/fastrtps.dir/subscriber/SubscriberImpl.cpp.o[0m
[52.739s] [ 39%] [32mBuilding CXX object src/cpp/CMakeFiles/fastrtps.dir/subscriber/SubscriberHistory.cpp.o[0m
[52.873s] [ 40%] [32mBuilding CXX object src/cpp/CMakeFiles/fastrtps.dir/transport/ChannelResource.cpp.o[0m
[53.313s] [ 41%] [32mBuilding CXX object src/cpp/CMakeFiles/fastrtps.dir/transport/UDPChannelResource.cpp.o[0m
[53.825s] [ 41%] [32mBuilding CXX object src/cpp/CMakeFiles/fastrtps.dir/transport/TCPChannelResource.cpp.o[0m
[55.124s] [ 42%] [32mBuilding CXX object src/cpp/CMakeFiles/fastrtps.dir/transport/TCPChannelResourceBasic.cpp.o[0m
[55.315s] [ 43%] [32mBuilding CXX object src/cpp/CMakeFiles/fastrtps.dir/transport/TCPAcceptor.cpp.o[0m
[55.355s] [ 44%] [32mBuilding CXX object src/cpp/CMakeFiles/fastrtps.dir/transport/TCPAcceptorBasic.cpp.o[0m
[56.556s] [ 44%] [32mBuilding CXX object src/cpp/CMakeFiles/fastrtps.dir/transport/UDPv4Transport.cpp.o[0m
[57.804s] [ 45%] [32mBuilding CXX object src/cpp/CMakeFiles/fastrtps.dir/transport/TCPTransportInterface.cpp.o[0m
[58.414s] [ 46%] [32mBuilding CXX object src/cpp/CMakeFiles/fastrtps.dir/transport/UDPTransportInterface.cpp.o[0m
[58.839s] [ 47%] [32mBuilding CXX object src/cpp/CMakeFiles/fastrtps.dir/transport/TCPv4Transport.cpp.o[0m
[60.250s] [ 47%] [32mBuilding CXX object src/cpp/CMakeFiles/fastrtps.dir/transport/UDPv6Transport.cpp.o[0m
[61.342s] [ 48%] [32mBuilding CXX object src/cpp/CMakeFiles/fastrtps.dir/transport/TCPv6Transport.cpp.o[0m
[61.870s] [ 49%] [32mBuilding CXX object src/cpp/CMakeFiles/fastrtps.dir/transport/test_UDPv4Transport.cpp.o[0m
[62.344s] [ 50%] [32mBuilding CXX object src/cpp/CMakeFiles/fastrtps.dir/transport/tcp/TCPControlMessage.cpp.o[0m
[63.246s] [ 50%] [32mBuilding CXX object src/cpp/CMakeFiles/fastrtps.dir/transport/tcp/RTCPMessageManager.cpp.o[0m
[63.330s] [ 51%] [32mBuilding CXX object src/cpp/CMakeFiles/fastrtps.dir/transport/timedevent/TCPKeepAliveEvent.cpp.o[0m
[63.595s] [ 52%] [32mBuilding CXX object src/cpp/CMakeFiles/fastrtps.dir/types/AnnotationDescriptor.cpp.o[0m
[64.093s] [ 52%] [32mBuilding CXX object src/cpp/CMakeFiles/fastrtps.dir/types/AnnotationParameterValue.cpp.o[0m
[64.663s] [ 53%] [32mBuilding CXX object src/cpp/CMakeFiles/fastrtps.dir/types/DynamicData.cpp.o[0m
[65.185s] [ 54%] [32mBuilding CXX object src/cpp/CMakeFiles/fastrtps.dir/types/DynamicDataFactory.cpp.o[0m
[65.366s] [ 55%] [32mBuilding CXX object src/cpp/CMakeFiles/fastrtps.dir/types/DynamicType.cpp.o[0m
[66.151s] [ 55%] [32mBuilding CXX object src/cpp/CMakeFiles/fastrtps.dir/types/DynamicPubSubType.cpp.o[0m
[66.235s] [ 56%] [32mBuilding CXX object src/cpp/CMakeFiles/fastrtps.dir/types/DynamicTypePtr.cpp.o[0m
[66.783s] [ 57%] [32mBuilding CXX object src/cpp/CMakeFiles/fastrtps.dir/types/DynamicDataPtr.cpp.o[0m
[67.081s] [ 58%] [32mBuilding CXX object src/cpp/CMakeFiles/fastrtps.dir/types/DynamicTypeBuilder.cpp.o[0m
[67.102s] [ 58%] [32mBuilding CXX object src/cpp/CMakeFiles/fastrtps.dir/types/DynamicTypeBuilderPtr.cpp.o[0m
[67.251s] [ 59%] [32mBuilding CXX object src/cpp/CMakeFiles/fastrtps.dir/types/DynamicTypeBuilderFactory.cpp.o[0m
[67.651s] [ 60%] [32mBuilding CXX object src/cpp/CMakeFiles/fastrtps.dir/types/DynamicTypeMember.cpp.o[0m
[67.903s] [ 61%] [32mBuilding CXX object src/cpp/CMakeFiles/fastrtps.dir/types/MemberDescriptor.cpp.o[0m
[68.433s] [ 61%] [32mBuilding CXX object src/cpp/CMakeFiles/fastrtps.dir/types/TypeDescriptor.cpp.o[0m
[68.624s] [ 62%] [32mBuilding CXX object src/cpp/CMakeFiles/fastrtps.dir/types/TypeIdentifier.cpp.o[0m
[69.213s] [ 63%] [32mBuilding CXX object src/cpp/CMakeFiles/fastrtps.dir/types/TypeIdentifierTypes.cpp.o[0m
[69.230s] [ 64%] [32mBuilding CXX object src/cpp/CMakeFiles/fastrtps.dir/types/TypeObject.cpp.o[0m
[69.674s] [ 64%] [32mBuilding CXX object src/cpp/CMakeFiles/fastrtps.dir/types/TypeObjectHashId.cpp.o[0m
[70.060s] [ 65%] [32mBuilding CXX object src/cpp/CMakeFiles/fastrtps.dir/types/TypeObjectFactory.cpp.o[0m
[70.122s] [ 66%] [32mBuilding CXX object src/cpp/CMakeFiles/fastrtps.dir/types/TypeNamesGenerator.cpp.o[0m
[70.810s] [ 67%] [32mBuilding CXX object src/cpp/CMakeFiles/fastrtps.dir/types/TypesBase.cpp.o[0m
[71.142s] [ 67%] [32mBuilding CXX object src/cpp/CMakeFiles/fastrtps.dir/types/BuiltinAnnotationsTypeObject.cpp.o[0m
[71.230s] [ 68%] [32mBuilding CXX object src/cpp/CMakeFiles/fastrtps.dir/attributes/TopicAttributes.cpp.o[0m
[72.631s] [ 69%] [32mBuilding CXX object src/cpp/CMakeFiles/fastrtps.dir/qos/ParameterList.cpp.o[0m
[72.666s] [ 70%] [32mBuilding CXX object src/cpp/CMakeFiles/fastrtps.dir/qos/ParameterTypes.cpp.o[0m
[73.576s] [ 70%] [32mBuilding CXX object src/cpp/CMakeFiles/fastrtps.dir/qos/QosPolicies.cpp.o[0m
[73.873s] [ 71%] [32mBuilding CXX object src/cpp/CMakeFiles/fastrtps.dir/qos/WriterQos.cpp.o[0m
[74.520s] [ 72%] [32mBuilding CXX object src/cpp/CMakeFiles/fastrtps.dir/qos/ReaderQos.cpp.o[0m
[74.751s] [ 73%] [32mBuilding CXX object src/cpp/CMakeFiles/fastrtps.dir/rtps/builtin/BuiltinProtocols.cpp.o[0m
[75.412s] [ 73%] [32mBuilding CXX object src/cpp/CMakeFiles/fastrtps.dir/rtps/builtin/discovery/participant/PDPSimple.cpp.o[0m
[75.631s] [ 74%] [32mBuilding CXX object src/cpp/CMakeFiles/fastrtps.dir/rtps/builtin/discovery/participant/PDPSimpleListener.cpp.o[0m
[76.176s] [ 75%] [32mBuilding CXX object src/cpp/CMakeFiles/fastrtps.dir/rtps/builtin/discovery/participant/timedevent/RemoteParticipantLeaseDuration.cpp.o[0m
[76.761s] [ 76%] [32mBuilding CXX object src/cpp/CMakeFiles/fastrtps.dir/rtps/builtin/discovery/participant/timedevent/ResendParticipantProxyDataPeriod.cpp.o[0m
[77.713s] [ 76%] [32mBuilding CXX object src/cpp/CMakeFiles/fastrtps.dir/rtps/builtin/discovery/endpoint/EDP.cpp.o[0m
[77.972s] [ 77%] [32mBuilding CXX object src/cpp/CMakeFiles/fastrtps.dir/rtps/builtin/discovery/endpoint/EDPSimple.cpp.o[0m
[78.330s] [ 78%] [32mBuilding CXX object src/cpp/CMakeFiles/fastrtps.dir/rtps/builtin/discovery/endpoint/EDPSimpleListeners.cpp.o[0m
[78.573s] [ 79%] [32mBuilding CXX object src/cpp/CMakeFiles/fastrtps.dir/rtps/builtin/discovery/endpoint/EDPStatic.cpp.o[0m
[80.349s] [ 79%] [32mBuilding CXX object src/cpp/CMakeFiles/fastrtps.dir/rtps/builtin/liveliness/WLP.cpp.o[0m
[80.368s] [ 80%] [32mBuilding CXX object src/cpp/CMakeFiles/fastrtps.dir/rtps/builtin/liveliness/WLPListener.cpp.o[0m
[80.410s] [ 81%] [32mBuilding CXX object src/cpp/CMakeFiles/fastrtps.dir/rtps/builtin/liveliness/timedevent/WLivelinessPeriodicAssertion.cpp.o[0m
[81.107s] [ 82%] [32mBuilding CXX object src/cpp/CMakeFiles/fastrtps.dir/rtps/builtin/data/ParticipantProxyData.cpp.o[0m
[81.490s] src/cpp/CMakeFiles/fastrtps.dir/build.make:2654: recipe for target 'src/cpp/CMakeFiles/fastrtps.dir/rtps/builtin/liveliness/timedevent/WLivelinessPeriodicAssertion.cpp.o' failed
[81.491s] make[2]: *** [src/cpp/CMakeFiles/fastrtps.dir/rtps/builtin/liveliness/timedevent/WLivelinessPeriodicAssertion.cpp.o] Interrupt
[81.491s] make[2]: *** [src/cpp/CMakeFiles/fastrtps.dir/rtps/builtin/liveliness/WLP.cpp.o] Interrupt
[81.491s] make[2]: *** [src/cpp/CMakeFiles/fastrtps.dir/rtps/builtin/liveliness/WLPListener.cpp.o] Interrupt
[81.491s] src/cpp/CMakeFiles/fastrtps.dir/build.make:2606: recipe for target 'src/cpp/CMakeFiles/fastrtps.dir/rtps/builtin/liveliness/WLP.cpp.o' failed
[81.491s] src/cpp/CMakeFiles/fastrtps.dir/build.make:2630: recipe for target 'src/cpp/CMakeFiles/fastrtps.dir/rtps/builtin/liveliness/WLPListener.cpp.o' failed
[81.491s] src/cpp/CMakeFiles/fastrtps.dir/build.make:2678: recipe for target 'src/cpp/CMakeFiles/fastrtps.dir/rtps/builtin/data/ParticipantProxyData.cpp.o' failed
[81.491s] make[2]: *** [src/cpp/CMakeFiles/fastrtps.dir/rtps/builtin/data/ParticipantProxyData.cpp.o] Interrupt
[81.491s] make[1]: *** [src/cpp/CMakeFiles/fastrtps.dir/all] Interrupt
[81.491s] make: *** [all] Interrupt
[81.492s] CMakeFiles/Makefile2:981: recipe for target 'src/cpp/CMakeFiles/fastrtps.dir/all' failed
[81.492s] Makefile:162: recipe for target 'all' failed
[81.503s] Invoked command in '/home/manish/ros2_ws/ros2_ws/src/build/fastrtps' returned '-2': CMAKE_PREFIX_PATH=/home/manish/ros2_ws/ros2_ws/src/install/osrf_testing_tools_cpp:/home/manish/ros2_ws/ros2_ws/src/install/fastcdr:${CMAKE_PREFIX_PATH} LD_LIBRARY_PATH=/home/manish/ros2_ws/ros2_ws/src/install/osrf_testing_tools_cpp/lib:/home/manish/ros2_ws/ros2_ws/src/install/fastcdr/lib:${LD_LIBRARY_PATH} PKG_CONFIG_PATH=/home/manish/ros2_ws/ros2_ws/src/install/osrf_testing_tools_cpp/lib/x86_64-linux-gnu/pkgconfig:/home/manish/ros2_ws/ros2_ws/src/install/osrf_testing_tools_cpp/lib/pkgconfig:${PKG_CONFIG_PATH} /usr/bin/cmake --build /home/manish/ros2_ws/ros2_ws/src/build/fastrtps -- -j4 -l4
