-- Found ament_cmake_core: 0.7.5 (/home/manish/ros2_ws/ros2_ws/src/install/ament_cmake_core/share/ament_cmake_core/cmake)
-- Found PythonInterp: /usr/bin/python3 (found suitable version "3.6.9", minimum required is "3") 
-- Using PYTHON_EXECUTABLE: /usr/bin/python3
-- Override CMake install command with custom implementation using symlinks instead of copying resources
-- Configuring done
-- Generating done
-- Build files have been written to: /home/manish/ros2_ws/ros2_ws/src/build/ament_cmake_libraries
[36mInstall the project...[0m
-- Install configuration: ""
-- Execute custom install script
-- Symlinking: /home/manish/ros2_ws/ros2_ws/src/install/ament_cmake_libraries/share/ament_index/resource_index/package_run_dependencies/ament_cmake_libraries
-- Symlinking: /home/manish/ros2_ws/ros2_ws/src/install/ament_cmake_libraries/share/ament_index/resource_index/parent_prefix_path/ament_cmake_libraries
-- Symlinking: /home/manish/ros2_ws/ros2_ws/src/install/ament_cmake_libraries/share/ament_cmake_libraries/environment/ament_prefix_path.sh
-- Symlinking: /home/manish/ros2_ws/ros2_ws/src/install/ament_cmake_libraries/share/ament_cmake_libraries/environment/path.sh
-- Symlinking: /home/manish/ros2_ws/ros2_ws/src/install/ament_cmake_libraries/share/ament_cmake_libraries/local_setup.bash
-- Symlinking: /home/manish/ros2_ws/ros2_ws/src/install/ament_cmake_libraries/share/ament_cmake_libraries/local_setup.sh
-- Symlinking: /home/manish/ros2_ws/ros2_ws/src/install/ament_cmake_libraries/share/ament_cmake_libraries/local_setup.zsh
-- Symlinking: /home/manish/ros2_ws/ros2_ws/src/install/ament_cmake_libraries/share/ament_index/resource_index/packages/ament_cmake_libraries
-- Symlinking: /home/manish/ros2_ws/ros2_ws/src/install/ament_cmake_libraries/share/ament_cmake_libraries/cmake/ament_cmake_libraries-extras.cmake
-- Symlinking: /home/manish/ros2_ws/ros2_ws/src/install/ament_cmake_libraries/share/ament_cmake_libraries/cmake/ament_cmake_librariesConfig.cmake
-- Symlinking: /home/manish/ros2_ws/ros2_ws/src/install/ament_cmake_libraries/share/ament_cmake_libraries/cmake/ament_cmake_librariesConfig-version.cmake
-- Symlinking: /home/manish/ros2_ws/ros2_ws/src/install/ament_cmake_libraries/share/ament_cmake_libraries/package.xml
-- Symlinking: /home/manish/ros2_ws/ros2_ws/src/install/ament_cmake_libraries/share/ament_cmake_libraries/cmake/ament_libraries_deduplicate.cmake
-- Symlinking: /home/manish/ros2_ws/ros2_ws/src/install/ament_cmake_libraries/share/ament_cmake_libraries/cmake/ament_libraries_pack_build_configuration.cmake
-- Symlinking: /home/manish/ros2_ws/ros2_ws/src/install/ament_cmake_libraries/share/ament_cmake_libraries/cmake/ament_libraries_unpack_build_configuration.cmake
