-- The C compiler identification is GNU 7.5.0
-- The CXX compiler identification is GNU 7.5.0
-- Check for working C compiler: /usr/bin/cc
-- Check for working C compiler: /usr/bin/cc -- works
-- Detecting C compiler ABI info
-- Detecting C compiler ABI info - done
-- Detecting C compile features
-- Detecting C compile features - done
-- Check for working CXX compiler: /usr/bin/c++
-- Check for working CXX compiler: /usr/bin/c++ -- works
-- Detecting CXX compiler ABI info
-- Detecting CXX compiler ABI info - done
-- Detecting CXX compile features
-- Detecting CXX compile features - done
-- Found ament_cmake: 0.7.5 (/home/manish/ros2_ws/ros2_ws/src/install/ament_cmake/share/ament_cmake/cmake)
-- Found PythonInterp: /usr/bin/python3 (found suitable version "3.6.9", minimum required is "3") 
-- Using PYTHON_EXECUTABLE: /usr/bin/python3
-- Override CMake install command with custom implementation using symlinks instead of copying resources
-- Found ament_lint_auto: 0.7.12 (/home/manish/ros2_ws/ros2_ws/src/install/ament_lint_auto/share/ament_lint_auto/cmake)
-- Found gtest sources under '/home/manish/ros2_ws/ros2_ws/src/install/gtest_vendor/src/gtest_vendor': C++ tests using 'Google Test' will be built
-- Looking for pthread.h
-- Looking for pthread.h - found
-- Looking for pthread_create
-- Looking for pthread_create - not found
-- Check if compiler accepts -pthread
-- Check if compiler accepts -pthread - yes
-- Found Threads: TRUE  
-- Added test 'copyright' to check for copyright in CMake / C / C++ / Python code
-- Added test 'cppcheck' to perform static code analysis on C / C++ code
-- Configured cppcheck include dirs: $<BUILD_INTERFACE:/home/manish/ros2_ws/ros2_ws/src/ament/ament_index/ament_index_cpp/include>;/home/manish/ros2_ws/ros2_ws/src/ament/ament_index/ament_index_cpp/include
-- Added test 'cpplint' to check C / C++ code against the Google style
-- Added test 'lint_cmake' to check CMake code style
-- Added test 'uncrustify' to check C / C++ code style
-- Added test 'xmllint' to check XML markup files
-- Configuring done
-- Generating done
-- Build files have been written to: /home/manish/ros2_ws/ros2_ws/src/build/ament_index_cpp
[35m[1mScanning dependencies of target ament_index_cpp[0m
[  7%] [32mBuilding CXX object CMakeFiles/ament_index_cpp.dir/src/get_package_prefix.cpp.o[0m
[ 14%] [32mBuilding CXX object CMakeFiles/ament_index_cpp.dir/src/get_package_share_directory.cpp.o[0m
[ 21%] [32mBuilding CXX object CMakeFiles/ament_index_cpp.dir/src/get_packages_with_prefixes.cpp.o[0m
[ 28%] [32mBuilding CXX object CMakeFiles/ament_index_cpp.dir/src/get_resource.cpp.o[0m
[ 35%] [32mBuilding CXX object CMakeFiles/ament_index_cpp.dir/src/get_resources.cpp.o[0m
[ 42%] [32mBuilding CXX object CMakeFiles/ament_index_cpp.dir/src/get_search_paths.cpp.o[0m
[ 50%] [32mBuilding CXX object CMakeFiles/ament_index_cpp.dir/src/has_resource.cpp.o[0m
[ 57%] [32m[1mLinking CXX shared library libament_index_cpp.so[0m
[ 57%] Built target ament_index_cpp
[35m[1mScanning dependencies of target gtest_main[0m
[ 64%] [32mBuilding CXX object gtest/CMakeFiles/gtest_main.dir/src/gtest_main.cc.o[0m
[ 71%] [32m[1mLinking CXX static library libgtest_main.a[0m
[ 71%] Built target gtest_main
[35m[1mScanning dependencies of target gtest[0m
[ 78%] [32mBuilding CXX object gtest/CMakeFiles/gtest.dir/src/gtest-all.cc.o[0m
[ 85%] [32m[1mLinking CXX static library libgtest.a[0m
[ 85%] Built target gtest
[35m[1mScanning dependencies of target ament_index_cpp_utest[0m
[ 92%] [32mBuilding CXX object CMakeFiles/ament_index_cpp_utest.dir/test/utest.cpp.o[0m
[100%] [32m[1mLinking CXX executable ament_index_cpp_utest[0m
[100%] Built target ament_index_cpp_utest
[ 57%] Built target ament_index_cpp
[ 71%] Built target gtest_main
[ 85%] Built target gtest
[100%] Built target ament_index_cpp_utest
[36mInstall the project...[0m
-- Install configuration: ""
-- Execute custom install script
-- Symlinking: /home/manish/ros2_ws/ros2_ws/src/install/ament_index_cpp/share/ament_index_cpp/environment/library_path.sh
-- Symlinking: /home/manish/ros2_ws/ros2_ws/src/install/ament_index_cpp/share/ament_index/resource_index/package_run_dependencies/ament_index_cpp
-- Symlinking: /home/manish/ros2_ws/ros2_ws/src/install/ament_index_cpp/share/ament_index/resource_index/parent_prefix_path/ament_index_cpp
-- Symlinking: /home/manish/ros2_ws/ros2_ws/src/install/ament_index_cpp/share/ament_index_cpp/environment/ament_prefix_path.sh
-- Symlinking: /home/manish/ros2_ws/ros2_ws/src/install/ament_index_cpp/share/ament_index_cpp/environment/path.sh
-- Symlinking: /home/manish/ros2_ws/ros2_ws/src/install/ament_index_cpp/share/ament_index_cpp/local_setup.bash
-- Symlinking: /home/manish/ros2_ws/ros2_ws/src/install/ament_index_cpp/share/ament_index_cpp/local_setup.sh
-- Symlinking: /home/manish/ros2_ws/ros2_ws/src/install/ament_index_cpp/share/ament_index_cpp/local_setup.zsh
-- Symlinking: /home/manish/ros2_ws/ros2_ws/src/install/ament_index_cpp/share/ament_index/resource_index/packages/ament_index_cpp
-- Symlinking: /home/manish/ros2_ws/ros2_ws/src/install/ament_index_cpp/share/ament_index_cpp/cmake/ament_cmake_export_include_directories-extras.cmake
-- Symlinking: /home/manish/ros2_ws/ros2_ws/src/install/ament_index_cpp/share/ament_index_cpp/cmake/ament_cmake_export_interfaces-extras.cmake
-- Symlinking: /home/manish/ros2_ws/ros2_ws/src/install/ament_index_cpp/share/ament_index_cpp/cmake/ament_cmake_export_libraries-extras.cmake
-- Symlinking: /home/manish/ros2_ws/ros2_ws/src/install/ament_index_cpp/share/ament_index_cpp/cmake/ament_index_cppConfig.cmake
-- Symlinking: /home/manish/ros2_ws/ros2_ws/src/install/ament_index_cpp/share/ament_index_cpp/cmake/ament_index_cppConfig-version.cmake
-- Symlinking: /home/manish/ros2_ws/ros2_ws/src/install/ament_index_cpp/share/ament_index_cpp/package.xml
-- Symlinking: /home/manish/ros2_ws/ros2_ws/src/install/ament_index_cpp/include/ament_index_cpp/get_package_prefix.hpp
-- Symlinking: /home/manish/ros2_ws/ros2_ws/src/install/ament_index_cpp/include/ament_index_cpp/get_package_share_directory.hpp
-- Symlinking: /home/manish/ros2_ws/ros2_ws/src/install/ament_index_cpp/include/ament_index_cpp/get_packages_with_prefixes.hpp
-- Symlinking: /home/manish/ros2_ws/ros2_ws/src/install/ament_index_cpp/include/ament_index_cpp/get_resource.hpp
-- Symlinking: /home/manish/ros2_ws/ros2_ws/src/install/ament_index_cpp/include/ament_index_cpp/get_resources.hpp
-- Symlinking: /home/manish/ros2_ws/ros2_ws/src/install/ament_index_cpp/include/ament_index_cpp/get_search_paths.hpp
-- Symlinking: /home/manish/ros2_ws/ros2_ws/src/install/ament_index_cpp/include/ament_index_cpp/has_resource.hpp
-- Symlinking: /home/manish/ros2_ws/ros2_ws/src/install/ament_index_cpp/include/ament_index_cpp/visibility_control.h
-- Installing: /home/manish/ros2_ws/ros2_ws/src/install/ament_index_cpp/share/ament_index_cpp/cmake/export_ament_index_cppExport.cmake
-- Installing: /home/manish/ros2_ws/ros2_ws/src/install/ament_index_cpp/share/ament_index_cpp/cmake/export_ament_index_cppExport-noconfig.cmake
-- Installing: /home/manish/ros2_ws/ros2_ws/src/install/ament_index_cpp/lib/libament_index_cpp.so
