running develop
running egg_info
creating ament_cpplint.egg-info
writing ament_cpplint.egg-info/PKG-INFO
writing dependency_links to ament_cpplint.egg-info/dependency_links.txt
writing entry points to ament_cpplint.egg-info/entry_points.txt
writing requirements to ament_cpplint.egg-info/requires.txt
writing top-level names to ament_cpplint.egg-info/top_level.txt
writing manifest file 'ament_cpplint.egg-info/SOURCES.txt'
reading manifest file 'ament_cpplint.egg-info/SOURCES.txt'
writing manifest file 'ament_cpplint.egg-info/SOURCES.txt'
running build_ext
Creating /home/manish/ros2_ws/ros2_ws/src/install/ament_cpplint/lib/python3.6/site-packages/ament-cpplint.egg-link (link to .)
Installing ament_cpplint script to /home/manish/ros2_ws/ros2_ws/src/install/ament_cpplint/bin

Installed /home/manish/ros2_ws/ros2_ws/src/build/ament_cpplint
running install_data
copying package.xml -> /home/manish/ros2_ws/ros2_ws/src/install/ament_cpplint/share/ament_cpplint
creating /home/manish/ros2_ws/ros2_ws/src/install/ament_cpplint/share/ament_index
creating /home/manish/ros2_ws/ros2_ws/src/install/ament_cpplint/share/ament_index/resource_index
creating /home/manish/ros2_ws/ros2_ws/src/install/ament_cpplint/share/ament_index/resource_index/packages
copying resource/ament_cpplint -> /home/manish/ros2_ws/ros2_ws/src/install/ament_cpplint/share/ament_index/resource_index/packages
