running develop
running egg_info
creating ament_copyright.egg-info
writing ament_copyright.egg-info/PKG-INFO
writing dependency_links to ament_copyright.egg-info/dependency_links.txt
writing entry points to ament_copyright.egg-info/entry_points.txt
writing requirements to ament_copyright.egg-info/requires.txt
writing top-level names to ament_copyright.egg-info/top_level.txt
writing manifest file 'ament_copyright.egg-info/SOURCES.txt'
reading manifest file 'ament_copyright.egg-info/SOURCES.txt'
writing manifest file 'ament_copyright.egg-info/SOURCES.txt'
running build_ext
Creating /home/manish/ros2_ws/ros2_ws/src/install/ament_copyright/lib/python3.6/site-packages/ament-copyright.egg-link (link to .)
Installing ament_copyright script to /home/manish/ros2_ws/ros2_ws/src/install/ament_copyright/bin

Installed /home/manish/ros2_ws/ros2_ws/src/build/ament_copyright
running install_data
copying package.xml -> /home/manish/ros2_ws/ros2_ws/src/install/ament_copyright/share/ament_copyright
creating /home/manish/ros2_ws/ros2_ws/src/install/ament_copyright/share/ament_index
creating /home/manish/ros2_ws/ros2_ws/src/install/ament_copyright/share/ament_index/resource_index
creating /home/manish/ros2_ws/ros2_ws/src/install/ament_copyright/share/ament_index/resource_index/packages
copying resource/ament_copyright -> /home/manish/ros2_ws/ros2_ws/src/install/ament_copyright/share/ament_index/resource_index/packages
