[1.090s] Invoking command in '/home/manish/ros2_ws/ros2_ws/src/build/ament_uncrustify': AMENT_PREFIX_PATH=/home/manish/ros2_ws/ros2_ws/src/install/uncrustify_vendor:${AMENT_PREFIX_PATH} CMAKE_PREFIX_PATH=/home/manish/ros2_ws/ros2_ws/src/install/uncrustify_vendor:${CMAKE_PREFIX_PATH} PYTHONPATH=/home/manish/ros2_ws/ros2_ws/src/install/ament_uncrustify/lib/python3.6/site-packages:${PYTHONPATH} /usr/bin/python3 setup.py develop --prefix /home/manish/ros2_ws/ros2_ws/src/install/ament_uncrustify --editable --build-directory /home/manish/ros2_ws/ros2_ws/src/build/ament_uncrustify/build --no-deps install_data --install-dir /home/manish/ros2_ws/ros2_ws/src/install/ament_uncrustify
[1.577s] running develop
[1.770s] running egg_info
[1.770s] creating ament_uncrustify.egg-info
[1.770s] writing ament_uncrustify.egg-info/PKG-INFO
[1.770s] writing dependency_links to ament_uncrustify.egg-info/dependency_links.txt
[1.770s] writing entry points to ament_uncrustify.egg-info/entry_points.txt
[1.771s] writing requirements to ament_uncrustify.egg-info/requires.txt
[1.771s] writing top-level names to ament_uncrustify.egg-info/top_level.txt
[1.773s] writing manifest file 'ament_uncrustify.egg-info/SOURCES.txt'
[1.807s] reading manifest file 'ament_uncrustify.egg-info/SOURCES.txt'
[1.807s] writing manifest file 'ament_uncrustify.egg-info/SOURCES.txt'
[1.812s] running build_ext
[1.812s] Creating /home/manish/ros2_ws/ros2_ws/src/install/ament_uncrustify/lib/python3.6/site-packages/ament-uncrustify.egg-link (link to .)
[1.813s] Installing ament_uncrustify script to /home/manish/ros2_ws/ros2_ws/src/install/ament_uncrustify/bin
[1.813s] 
[1.813s] Installed /home/manish/ros2_ws/ros2_ws/src/build/ament_uncrustify
[1.813s] running install_data
[1.813s] copying package.xml -> /home/manish/ros2_ws/ros2_ws/src/install/ament_uncrustify/share/ament_uncrustify
[1.814s] creating /home/manish/ros2_ws/ros2_ws/src/install/ament_uncrustify/share/ament_index
[1.814s] creating /home/manish/ros2_ws/ros2_ws/src/install/ament_uncrustify/share/ament_index/resource_index
[1.814s] creating /home/manish/ros2_ws/ros2_ws/src/install/ament_uncrustify/share/ament_index/resource_index/packages
[1.814s] copying resource/ament_uncrustify -> /home/manish/ros2_ws/ros2_ws/src/install/ament_uncrustify/share/ament_index/resource_index/packages
[2.082s] Invoked command in '/home/manish/ros2_ws/ros2_ws/src/build/ament_uncrustify' returned '0': AMENT_PREFIX_PATH=/home/manish/ros2_ws/ros2_ws/src/install/uncrustify_vendor:${AMENT_PREFIX_PATH} CMAKE_PREFIX_PATH=/home/manish/ros2_ws/ros2_ws/src/install/uncrustify_vendor:${CMAKE_PREFIX_PATH} PYTHONPATH=/home/manish/ros2_ws/ros2_ws/src/install/ament_uncrustify/lib/python3.6/site-packages:${PYTHONPATH} /usr/bin/python3 setup.py develop --prefix /home/manish/ros2_ws/ros2_ws/src/install/ament_uncrustify --editable --build-directory /home/manish/ros2_ws/ros2_ws/src/build/ament_uncrustify/build --no-deps install_data --install-dir /home/manish/ros2_ws/ros2_ws/src/install/ament_uncrustify
