[0.685s] Invoking command in '/home/manish/ros2_ws/ros2_ws/src/build/ament_pep8': PYTHONPATH=/home/manish/ros2_ws/ros2_ws/src/install/ament_pep8/lib/python3.6/site-packages:${PYTHONPATH} /usr/bin/python3 setup.py develop --prefix /home/manish/ros2_ws/ros2_ws/src/install/ament_pep8 --editable --build-directory /home/manish/ros2_ws/ros2_ws/src/build/ament_pep8/build --no-deps install_data --install-dir /home/manish/ros2_ws/ros2_ws/src/install/ament_pep8
[1.196s] running develop
[1.390s] running egg_info
[1.391s] creating ament_pep8.egg-info
[1.391s] writing ament_pep8.egg-info/PKG-INFO
[1.391s] writing dependency_links to ament_pep8.egg-info/dependency_links.txt
[1.391s] writing entry points to ament_pep8.egg-info/entry_points.txt
[1.391s] writing requirements to ament_pep8.egg-info/requires.txt
[1.391s] writing top-level names to ament_pep8.egg-info/top_level.txt
[1.397s] writing manifest file 'ament_pep8.egg-info/SOURCES.txt'
[1.428s] reading manifest file 'ament_pep8.egg-info/SOURCES.txt'
[1.428s] writing manifest file 'ament_pep8.egg-info/SOURCES.txt'
[1.433s] running build_ext
[1.434s] Creating /home/manish/ros2_ws/ros2_ws/src/install/ament_pep8/lib/python3.6/site-packages/ament-pep8.egg-link (link to .)
[1.434s] Installing ament_pep8 script to /home/manish/ros2_ws/ros2_ws/src/install/ament_pep8/bin
[1.435s] 
[1.435s] Installed /home/manish/ros2_ws/ros2_ws/src/build/ament_pep8
[1.435s] running install_data
[1.435s] copying package.xml -> /home/manish/ros2_ws/ros2_ws/src/install/ament_pep8/share/ament_pep8
[1.435s] creating /home/manish/ros2_ws/ros2_ws/src/install/ament_pep8/share/ament_index
[1.435s] creating /home/manish/ros2_ws/ros2_ws/src/install/ament_pep8/share/ament_index/resource_index
[1.435s] creating /home/manish/ros2_ws/ros2_ws/src/install/ament_pep8/share/ament_index/resource_index/packages
[1.435s] copying resource/ament_pep8 -> /home/manish/ros2_ws/ros2_ws/src/install/ament_pep8/share/ament_index/resource_index/packages
[1.467s] Invoked command in '/home/manish/ros2_ws/ros2_ws/src/build/ament_pep8' returned '0': PYTHONPATH=/home/manish/ros2_ws/ros2_ws/src/install/ament_pep8/lib/python3.6/site-packages:${PYTHONPATH} /usr/bin/python3 setup.py develop --prefix /home/manish/ros2_ws/ros2_ws/src/install/ament_pep8 --editable --build-directory /home/manish/ros2_ws/ros2_ws/src/build/ament_pep8/build --no-deps install_data --install-dir /home/manish/ros2_ws/ros2_ws/src/install/ament_pep8
