running develop
running egg_info
creating ament_pep257.egg-info
writing ament_pep257.egg-info/PKG-INFO
writing dependency_links to ament_pep257.egg-info/dependency_links.txt
writing entry points to ament_pep257.egg-info/entry_points.txt
writing requirements to ament_pep257.egg-info/requires.txt
writing top-level names to ament_pep257.egg-info/top_level.txt
writing manifest file 'ament_pep257.egg-info/SOURCES.txt'
reading manifest file 'ament_pep257.egg-info/SOURCES.txt'
writing manifest file 'ament_pep257.egg-info/SOURCES.txt'
running build_ext
Creating /home/manish/ros2_ws/ros2_ws/src/install/ament_pep257/lib/python3.6/site-packages/ament-pep257.egg-link (link to .)
Installing ament_pep257 script to /home/manish/ros2_ws/ros2_ws/src/install/ament_pep257/bin

Installed /home/manish/ros2_ws/ros2_ws/src/build/ament_pep257
running install_data
copying package.xml -> /home/manish/ros2_ws/ros2_ws/src/install/ament_pep257/share/ament_pep257
creating /home/manish/ros2_ws/ros2_ws/src/install/ament_pep257/share/ament_index
creating /home/manish/ros2_ws/ros2_ws/src/install/ament_pep257/share/ament_index/resource_index
creating /home/manish/ros2_ws/ros2_ws/src/install/ament_pep257/share/ament_index/resource_index/packages
copying resource/ament_pep257 -> /home/manish/ros2_ws/ros2_ws/src/install/ament_pep257/share/ament_index/resource_index/packages
