[1.198s] Invoking command in '/home/manish/ros2_ws/ros2_ws/src/build/ament_pep257': AMENT_PREFIX_PATH=/home/manish/ros2_ws/ros2_ws/src/install/ament_flake8:/home/manish/ros2_ws/ros2_ws/src/install/ament_lint:${AMENT_PREFIX_PATH} PATH=/home/manish/ros2_ws/ros2_ws/src/install/ament_flake8/bin:/home/manish/ros2_ws/ros2_ws/install/rviz2/bin:/home/manish/ros2_ws/ros2_ws/install/urdfdom/bin:/home/manish/ros2_ws/ros2_ws/install/rqt_topic/bin:/home/manish/ros2_ws/ros2_ws/install/rqt_gui/bin:/home/manish/ros2_ws/ros2_ws/install/ros2cli/bin:/home/manish/ros2_ws/ros2_ws/install/ament_uncrustify/bin:/home/manish/ros2_ws/ros2_ws/install/uncrustify_vendor/bin:/home/manish/ros2_ws/ros2_ws/install/pendulum_control/bin:/home/manish/ros2_ws/ros2_ws/install/tlsf_cpp/bin:/home/manish/ros2_ws/ros2_ws/install/rttest/bin:/home/manish/ros2_ws/ros2_ws/install/launch_testing/bin:/home/manish/ros2_ws/ros2_ws/install/cyclonedds/bin:/home/manish/ros2_ws/ros2_ws/install/ament_xmllint/bin:/home/manish/ros2_ws/ros2_ws/install/ament_pyflakes/bin:/home/manish/ros2_ws/ros2_ws/install/ament_pep8/bin:/home/manish/ros2_ws/ros2_ws/install/ament_pep257/bin:/home/manish/ros2_ws/ros2_ws/install/ament_pclint/bin:/home/manish/ros2_ws/ros2_ws/install/ament_lint_cmake/bin:/home/manish/ros2_ws/ros2_ws/install/ament_flake8/bin:/home/manish/ros2_ws/ros2_ws/install/ament_copyright/bin:/home/manish/ros2_ws/ros2_ws/install/ament_index_python/bin:/home/manish/ros2_ws/ros2_ws/install/ament_cpplint/bin:/home/manish/ros2_ws/ros2_ws/install/ament_cppcheck/bin:/home/manish/ros2_ws/ros2_ws/install/ament_clang_tidy/bin:/home/manish/ros2_ws/ros2_ws/install/ament_clang_format/bin:/home/manish/eclipse/:/snap/bin/:/usr/local/cuda/bin:/home/manish/.local/bin:/usr/local/sbin:/usr/local/bin:/usr/sbin:/usr/bin:/sbin:/bin:/usr/games:/usr/local/games:/snap/bin:/usr/lib/jvm/java-14-oracle/bin:/usr/lib/jvm/java-14-oracle/db/bin16739$ PYTHONPATH=/home/manish/ros2_ws/ros2_ws/src/install/ament_pep257/lib/python3.6/site-packages:/home/manish/ros2_ws/ros2_ws/src/build/ament_flake8:/home/manish/ros2_ws/ros2_ws/src/install/ament_flake8/lib/python3.6/site-packages:/home/manish/ros2_ws/ros2_ws/src/build/ament_lint:/home/manish/ros2_ws/ros2_ws/src/install/ament_lint/lib/python3.6/site-packages:${PYTHONPATH} /usr/bin/python3 setup.py develop --prefix /home/manish/ros2_ws/ros2_ws/src/install/ament_pep257 --editable --build-directory /home/manish/ros2_ws/ros2_ws/src/build/ament_pep257/build --no-deps install_data --install-dir /home/manish/ros2_ws/ros2_ws/src/install/ament_pep257
[1.721s] running develop
[1.936s] running egg_info
[1.936s] creating ament_pep257.egg-info
[1.936s] writing ament_pep257.egg-info/PKG-INFO
[1.937s] writing dependency_links to ament_pep257.egg-info/dependency_links.txt
[1.937s] writing entry points to ament_pep257.egg-info/entry_points.txt
[1.937s] writing requirements to ament_pep257.egg-info/requires.txt
[1.937s] writing top-level names to ament_pep257.egg-info/top_level.txt
[1.940s] writing manifest file 'ament_pep257.egg-info/SOURCES.txt'
[1.975s] reading manifest file 'ament_pep257.egg-info/SOURCES.txt'
[1.976s] writing manifest file 'ament_pep257.egg-info/SOURCES.txt'
[1.981s] running build_ext
[1.981s] Creating /home/manish/ros2_ws/ros2_ws/src/install/ament_pep257/lib/python3.6/site-packages/ament-pep257.egg-link (link to .)
[1.982s] Installing ament_pep257 script to /home/manish/ros2_ws/ros2_ws/src/install/ament_pep257/bin
[1.982s] 
[1.982s] Installed /home/manish/ros2_ws/ros2_ws/src/build/ament_pep257
[1.982s] running install_data
[1.982s] copying package.xml -> /home/manish/ros2_ws/ros2_ws/src/install/ament_pep257/share/ament_pep257
[1.982s] creating /home/manish/ros2_ws/ros2_ws/src/install/ament_pep257/share/ament_index
[1.982s] creating /home/manish/ros2_ws/ros2_ws/src/install/ament_pep257/share/ament_index/resource_index
[1.983s] creating /home/manish/ros2_ws/ros2_ws/src/install/ament_pep257/share/ament_index/resource_index/packages
[1.983s] copying resource/ament_pep257 -> /home/manish/ros2_ws/ros2_ws/src/install/ament_pep257/share/ament_index/resource_index/packages
[2.015s] Invoked command in '/home/manish/ros2_ws/ros2_ws/src/build/ament_pep257' returned '0': AMENT_PREFIX_PATH=/home/manish/ros2_ws/ros2_ws/src/install/ament_flake8:/home/manish/ros2_ws/ros2_ws/src/install/ament_lint:${AMENT_PREFIX_PATH} PATH=/home/manish/ros2_ws/ros2_ws/src/install/ament_flake8/bin:/home/manish/ros2_ws/ros2_ws/install/rviz2/bin:/home/manish/ros2_ws/ros2_ws/install/urdfdom/bin:/home/manish/ros2_ws/ros2_ws/install/rqt_topic/bin:/home/manish/ros2_ws/ros2_ws/install/rqt_gui/bin:/home/manish/ros2_ws/ros2_ws/install/ros2cli/bin:/home/manish/ros2_ws/ros2_ws/install/ament_uncrustify/bin:/home/manish/ros2_ws/ros2_ws/install/uncrustify_vendor/bin:/home/manish/ros2_ws/ros2_ws/install/pendulum_control/bin:/home/manish/ros2_ws/ros2_ws/install/tlsf_cpp/bin:/home/manish/ros2_ws/ros2_ws/install/rttest/bin:/home/manish/ros2_ws/ros2_ws/install/launch_testing/bin:/home/manish/ros2_ws/ros2_ws/install/cyclonedds/bin:/home/manish/ros2_ws/ros2_ws/install/ament_xmllint/bin:/home/manish/ros2_ws/ros2_ws/install/ament_pyflakes/bin:/home/manish/ros2_ws/ros2_ws/install/ament_pep8/bin:/home/manish/ros2_ws/ros2_ws/install/ament_pep257/bin:/home/manish/ros2_ws/ros2_ws/install/ament_pclint/bin:/home/manish/ros2_ws/ros2_ws/install/ament_lint_cmake/bin:/home/manish/ros2_ws/ros2_ws/install/ament_flake8/bin:/home/manish/ros2_ws/ros2_ws/install/ament_copyright/bin:/home/manish/ros2_ws/ros2_ws/install/ament_index_python/bin:/home/manish/ros2_ws/ros2_ws/install/ament_cpplint/bin:/home/manish/ros2_ws/ros2_ws/install/ament_cppcheck/bin:/home/manish/ros2_ws/ros2_ws/install/ament_clang_tidy/bin:/home/manish/ros2_ws/ros2_ws/install/ament_clang_format/bin:/home/manish/eclipse/:/snap/bin/:/usr/local/cuda/bin:/home/manish/.local/bin:/usr/local/sbin:/usr/local/bin:/usr/sbin:/usr/bin:/sbin:/bin:/usr/games:/usr/local/games:/snap/bin:/usr/lib/jvm/java-14-oracle/bin:/usr/lib/jvm/java-14-oracle/db/bin16739$ PYTHONPATH=/home/manish/ros2_ws/ros2_ws/src/install/ament_pep257/lib/python3.6/site-packages:/home/manish/ros2_ws/ros2_ws/src/build/ament_flake8:/home/manish/ros2_ws/ros2_ws/src/install/ament_flake8/lib/python3.6/site-packages:/home/manish/ros2_ws/ros2_ws/src/build/ament_lint:/home/manish/ros2_ws/ros2_ws/src/install/ament_lint/lib/python3.6/site-packages:${PYTHONPATH} /usr/bin/python3 setup.py develop --prefix /home/manish/ros2_ws/ros2_ws/src/install/ament_pep257 --editable --build-directory /home/manish/ros2_ws/ros2_ws/src/build/ament_pep257/build --no-deps install_data --install-dir /home/manish/ros2_ws/ros2_ws/src/install/ament_pep257
