-- Found ament_cmake_core: 0.7.5 (/home/manish/ros2_ws/ros2_ws/src/install/ament_cmake_core/share/ament_cmake_core/cmake)
-- Found PythonInterp: /usr/bin/python3 (found suitable version "3.6.9", minimum required is "3") 
-- Using PYTHON_EXECUTABLE: /usr/bin/python3
-- Override CMake install command with custom implementation using symlinks instead of copying resources
-- Configuring done
-- Generating done
-- Build files have been written to: /home/manish/ros2_ws/ros2_ws/src/build/ament_cmake_nose
[36mInstall the project...[0m
-- Install configuration: ""
-- Execute custom install script
-- Symlinking: /home/manish/ros2_ws/ros2_ws/src/install/ament_cmake_nose/share/ament_index/resource_index/package_run_dependencies/ament_cmake_nose
-- Symlinking: /home/manish/ros2_ws/ros2_ws/src/install/ament_cmake_nose/share/ament_index/resource_index/parent_prefix_path/ament_cmake_nose
-- Symlinking: /home/manish/ros2_ws/ros2_ws/src/install/ament_cmake_nose/share/ament_cmake_nose/environment/ament_prefix_path.sh
-- Symlinking: /home/manish/ros2_ws/ros2_ws/src/install/ament_cmake_nose/share/ament_cmake_nose/environment/path.sh
-- Symlinking: /home/manish/ros2_ws/ros2_ws/src/install/ament_cmake_nose/share/ament_cmake_nose/local_setup.bash
-- Symlinking: /home/manish/ros2_ws/ros2_ws/src/install/ament_cmake_nose/share/ament_cmake_nose/local_setup.sh
-- Symlinking: /home/manish/ros2_ws/ros2_ws/src/install/ament_cmake_nose/share/ament_cmake_nose/local_setup.zsh
-- Symlinking: /home/manish/ros2_ws/ros2_ws/src/install/ament_cmake_nose/share/ament_index/resource_index/packages/ament_cmake_nose
-- Symlinking: /home/manish/ros2_ws/ros2_ws/src/install/ament_cmake_nose/share/ament_cmake_nose/cmake/ament_cmake_nose-extras.cmake
-- Symlinking: /home/manish/ros2_ws/ros2_ws/src/install/ament_cmake_nose/share/ament_cmake_nose/cmake/ament_cmake_noseConfig.cmake
-- Symlinking: /home/manish/ros2_ws/ros2_ws/src/install/ament_cmake_nose/share/ament_cmake_nose/cmake/ament_cmake_noseConfig-version.cmake
-- Symlinking: /home/manish/ros2_ws/ros2_ws/src/install/ament_cmake_nose/share/ament_cmake_nose/package.xml
-- Symlinking: /home/manish/ros2_ws/ros2_ws/src/install/ament_cmake_nose/share/ament_cmake_nose/cmake/ament_add_nose_test.cmake
-- Symlinking: /home/manish/ros2_ws/ros2_ws/src/install/ament_cmake_nose/share/ament_cmake_nose/cmake/ament_find_nosetests.cmake
