running develop
running egg_info
creating ament_cppcheck.egg-info
writing ament_cppcheck.egg-info/PKG-INFO
writing dependency_links to ament_cppcheck.egg-info/dependency_links.txt
writing entry points to ament_cppcheck.egg-info/entry_points.txt
writing requirements to ament_cppcheck.egg-info/requires.txt
writing top-level names to ament_cppcheck.egg-info/top_level.txt
writing manifest file 'ament_cppcheck.egg-info/SOURCES.txt'
reading manifest file 'ament_cppcheck.egg-info/SOURCES.txt'
writing manifest file 'ament_cppcheck.egg-info/SOURCES.txt'
running build_ext
Creating /home/manish/ros2_ws/ros2_ws/src/install/ament_cppcheck/lib/python3.6/site-packages/ament-cppcheck.egg-link (link to .)
Installing ament_cppcheck script to /home/manish/ros2_ws/ros2_ws/src/install/ament_cppcheck/bin

Installed /home/manish/ros2_ws/ros2_ws/src/build/ament_cppcheck
running install_data
copying package.xml -> /home/manish/ros2_ws/ros2_ws/src/install/ament_cppcheck/share/ament_cppcheck
creating /home/manish/ros2_ws/ros2_ws/src/install/ament_cppcheck/share/ament_index
creating /home/manish/ros2_ws/ros2_ws/src/install/ament_cppcheck/share/ament_index/resource_index
creating /home/manish/ros2_ws/ros2_ws/src/install/ament_cppcheck/share/ament_index/resource_index/packages
copying resource/ament_cppcheck -> /home/manish/ros2_ws/ros2_ws/src/install/ament_cppcheck/share/ament_index/resource_index/packages
