[1.435s] Invoking command in '/home/manish/ros2_ws/ros2_ws/src/build/ament_cppcheck': PYTHONPATH=/home/manish/ros2_ws/ros2_ws/src/install/ament_cppcheck/lib/python3.6/site-packages:${PYTHONPATH} /usr/bin/python3 setup.py develop --prefix /home/manish/ros2_ws/ros2_ws/src/install/ament_cppcheck --editable --build-directory /home/manish/ros2_ws/ros2_ws/src/build/ament_cppcheck/build --no-deps install_data --install-dir /home/manish/ros2_ws/ros2_ws/src/install/ament_cppcheck
[1.933s] running develop
[2.140s] running egg_info
[2.140s] creating ament_cppcheck.egg-info
[2.140s] writing ament_cppcheck.egg-info/PKG-INFO
[2.140s] writing dependency_links to ament_cppcheck.egg-info/dependency_links.txt
[2.140s] writing entry points to ament_cppcheck.egg-info/entry_points.txt
[2.141s] writing requirements to ament_cppcheck.egg-info/requires.txt
[2.141s] writing top-level names to ament_cppcheck.egg-info/top_level.txt
[2.145s] writing manifest file 'ament_cppcheck.egg-info/SOURCES.txt'
[2.186s] reading manifest file 'ament_cppcheck.egg-info/SOURCES.txt'
[2.187s] writing manifest file 'ament_cppcheck.egg-info/SOURCES.txt'
[2.192s] running build_ext
[2.193s] Creating /home/manish/ros2_ws/ros2_ws/src/install/ament_cppcheck/lib/python3.6/site-packages/ament-cppcheck.egg-link (link to .)
[2.194s] Installing ament_cppcheck script to /home/manish/ros2_ws/ros2_ws/src/install/ament_cppcheck/bin
[2.194s] 
[2.194s] Installed /home/manish/ros2_ws/ros2_ws/src/build/ament_cppcheck
[2.194s] running install_data
[2.194s] copying package.xml -> /home/manish/ros2_ws/ros2_ws/src/install/ament_cppcheck/share/ament_cppcheck
[2.195s] creating /home/manish/ros2_ws/ros2_ws/src/install/ament_cppcheck/share/ament_index
[2.195s] creating /home/manish/ros2_ws/ros2_ws/src/install/ament_cppcheck/share/ament_index/resource_index
[2.195s] creating /home/manish/ros2_ws/ros2_ws/src/install/ament_cppcheck/share/ament_index/resource_index/packages
[2.195s] copying resource/ament_cppcheck -> /home/manish/ros2_ws/ros2_ws/src/install/ament_cppcheck/share/ament_index/resource_index/packages
[2.378s] Invoked command in '/home/manish/ros2_ws/ros2_ws/src/build/ament_cppcheck' returned '0': PYTHONPATH=/home/manish/ros2_ws/ros2_ws/src/install/ament_cppcheck/lib/python3.6/site-packages:${PYTHONPATH} /usr/bin/python3 setup.py develop --prefix /home/manish/ros2_ws/ros2_ws/src/install/ament_cppcheck --editable --build-directory /home/manish/ros2_ws/ros2_ws/src/build/ament_cppcheck/build --no-deps install_data --install-dir /home/manish/ros2_ws/ros2_ws/src/install/ament_cppcheck
