-- Found ament_cmake_core: 0.7.5 (/home/manish/ros2_ws/ros2_ws/src/install/ament_cmake_core/share/ament_cmake_core/cmake)
-- Found PythonInterp: /usr/bin/python3 (found suitable version "3.6.9", minimum required is "3") 
-- Using PYTHON_EXECUTABLE: /usr/bin/python3
-- Override CMake install command with custom implementation using symlinks instead of copying resources
-- Found ament_cmake_test: 0.7.5 (/home/manish/ros2_ws/ros2_ws/src/install/ament_cmake_test/share/ament_cmake_test/cmake)
-- Found ament_cmake_copyright: 0.7.12 (/home/manish/ros2_ws/ros2_ws/src/install/ament_cmake_copyright/share/ament_cmake_copyright/cmake)
-- Found ament_cmake_lint_cmake: 0.7.12 (/home/manish/ros2_ws/ros2_ws/src/install/ament_cmake_lint_cmake/share/ament_cmake_lint_cmake/cmake)
-- Configuring done
-- Generating done
-- Build files have been written to: /home/manish/ros2_ws/ros2_ws/src/build/ament_cmake_xmllint
[36mInstall the project...[0m
-- Install configuration: ""
-- Execute custom install script
-- Symlinking: /home/manish/ros2_ws/ros2_ws/src/install/ament_cmake_xmllint/share/ament_index/resource_index/package_run_dependencies/ament_cmake_xmllint
-- Symlinking: /home/manish/ros2_ws/ros2_ws/src/install/ament_cmake_xmllint/share/ament_index/resource_index/parent_prefix_path/ament_cmake_xmllint
-- Symlinking: /home/manish/ros2_ws/ros2_ws/src/install/ament_cmake_xmllint/share/ament_cmake_xmllint/environment/ament_prefix_path.sh
-- Symlinking: /home/manish/ros2_ws/ros2_ws/src/install/ament_cmake_xmllint/share/ament_cmake_xmllint/environment/path.sh
-- Symlinking: /home/manish/ros2_ws/ros2_ws/src/install/ament_cmake_xmllint/share/ament_cmake_xmllint/local_setup.bash
-- Symlinking: /home/manish/ros2_ws/ros2_ws/src/install/ament_cmake_xmllint/share/ament_cmake_xmllint/local_setup.sh
-- Symlinking: /home/manish/ros2_ws/ros2_ws/src/install/ament_cmake_xmllint/share/ament_cmake_xmllint/local_setup.zsh
-- Symlinking: /home/manish/ros2_ws/ros2_ws/src/install/ament_cmake_xmllint/share/ament_index/resource_index/packages/ament_cmake_xmllint
-- Symlinking: /home/manish/ros2_ws/ros2_ws/src/install/ament_cmake_xmllint/share/ament_cmake_xmllint/cmake/ament_cmake_xmllint-extras.cmake
-- Symlinking: /home/manish/ros2_ws/ros2_ws/src/install/ament_cmake_xmllint/share/ament_cmake_xmllint/cmake/ament_cmake_xmllintConfig.cmake
-- Symlinking: /home/manish/ros2_ws/ros2_ws/src/install/ament_cmake_xmllint/share/ament_cmake_xmllint/cmake/ament_cmake_xmllintConfig-version.cmake
-- Symlinking: /home/manish/ros2_ws/ros2_ws/src/install/ament_cmake_xmllint/share/ament_cmake_xmllint/package.xml
-- Symlinking: /home/manish/ros2_ws/ros2_ws/src/install/ament_cmake_xmllint/share/ament_cmake_xmllint/cmake/ament_cmake_xmllint_lint_hook.cmake
-- Symlinking: /home/manish/ros2_ws/ros2_ws/src/install/ament_cmake_xmllint/share/ament_cmake_xmllint/cmake/ament_xmllint.cmake
