running develop
running egg_info
creating ament_lint_cmake.egg-info
writing ament_lint_cmake.egg-info/PKG-INFO
writing dependency_links to ament_lint_cmake.egg-info/dependency_links.txt
writing entry points to ament_lint_cmake.egg-info/entry_points.txt
writing requirements to ament_lint_cmake.egg-info/requires.txt
writing top-level names to ament_lint_cmake.egg-info/top_level.txt
writing manifest file 'ament_lint_cmake.egg-info/SOURCES.txt'
reading manifest file 'ament_lint_cmake.egg-info/SOURCES.txt'
writing manifest file 'ament_lint_cmake.egg-info/SOURCES.txt'
running build_ext
Creating /home/manish/ros2_ws/ros2_ws/src/install/ament_lint_cmake/lib/python3.6/site-packages/ament-lint-cmake.egg-link (link to .)
Installing ament_lint_cmake script to /home/manish/ros2_ws/ros2_ws/src/install/ament_lint_cmake/bin

Installed /home/manish/ros2_ws/ros2_ws/src/build/ament_lint_cmake
running install_data
copying package.xml -> /home/manish/ros2_ws/ros2_ws/src/install/ament_lint_cmake/share/ament_lint_cmake
creating /home/manish/ros2_ws/ros2_ws/src/install/ament_lint_cmake/share/ament_index
creating /home/manish/ros2_ws/ros2_ws/src/install/ament_lint_cmake/share/ament_index/resource_index
creating /home/manish/ros2_ws/ros2_ws/src/install/ament_lint_cmake/share/ament_index/resource_index/packages
copying resource/ament_lint_cmake -> /home/manish/ros2_ws/ros2_ws/src/install/ament_lint_cmake/share/ament_index/resource_index/packages
