-- The C compiler identification is GNU 7.5.0
-- The CXX compiler identification is GNU 7.5.0
-- Check for working C compiler: /usr/bin/cc
-- Check for working C compiler: /usr/bin/cc -- works
-- Detecting C compiler ABI info
-- Detecting C compiler ABI info - done
-- Detecting C compile features
-- Detecting C compile features - done
-- Check for working CXX compiler: /usr/bin/c++
-- Check for working CXX compiler: /usr/bin/c++ -- works
-- Detecting CXX compiler ABI info
-- Detecting CXX compiler ABI info - done
-- Detecting CXX compile features
-- Detecting CXX compile features - done
-- Found ament_cmake: 0.7.5 (/home/manish/ros2_ws/ros2_ws/src/install/ament_cmake/share/ament_cmake/cmake)
-- Found PythonInterp: /usr/bin/python3 (found suitable version "3.6.9", minimum required is "3") 
-- Using PYTHON_EXECUTABLE: /usr/bin/python3
-- Override CMake install command with custom implementation using symlinks instead of copying resources
-- Configuring done
-- Generating done
-- Build files have been written to: /home/manish/ros2_ws/ros2_ws/src/build/uncrustify_vendor
[36mInstall the project...[0m
-- Install configuration: ""
-- Execute custom install script
-- Symlinking: /home/manish/ros2_ws/ros2_ws/src/install/uncrustify_vendor/share/ament_index/resource_index/package_run_dependencies/uncrustify_vendor
-- Symlinking: /home/manish/ros2_ws/ros2_ws/src/install/uncrustify_vendor/share/ament_index/resource_index/parent_prefix_path/uncrustify_vendor
-- Symlinking: /home/manish/ros2_ws/ros2_ws/src/install/uncrustify_vendor/share/uncrustify_vendor/environment/ament_prefix_path.sh
-- Symlinking: /home/manish/ros2_ws/ros2_ws/src/install/uncrustify_vendor/share/uncrustify_vendor/environment/path.sh
-- Symlinking: /home/manish/ros2_ws/ros2_ws/src/install/uncrustify_vendor/share/uncrustify_vendor/local_setup.bash
-- Symlinking: /home/manish/ros2_ws/ros2_ws/src/install/uncrustify_vendor/share/uncrustify_vendor/local_setup.sh
-- Symlinking: /home/manish/ros2_ws/ros2_ws/src/install/uncrustify_vendor/share/uncrustify_vendor/local_setup.zsh
-- Symlinking: /home/manish/ros2_ws/ros2_ws/src/install/uncrustify_vendor/share/ament_index/resource_index/packages/uncrustify_vendor
-- Symlinking: /home/manish/ros2_ws/ros2_ws/src/install/uncrustify_vendor/share/uncrustify_vendor/cmake/uncrustify_vendorConfig.cmake
-- Symlinking: /home/manish/ros2_ws/ros2_ws/src/install/uncrustify_vendor/share/uncrustify_vendor/cmake/uncrustify_vendorConfig-version.cmake
-- Symlinking: /home/manish/ros2_ws/ros2_ws/src/install/uncrustify_vendor/share/uncrustify_vendor/package.xml
