-- Found ament_cmake_core: 0.7.5 (/home/manish/ros2_ws/ros2_ws/src/install/ament_cmake_core/share/ament_cmake_core/cmake)
-- Found PythonInterp: /usr/bin/python3 (found suitable version "3.6.9", minimum required is "3") 
-- Using PYTHON_EXECUTABLE: /usr/bin/python3
-- Override CMake install command with custom implementation using symlinks instead of copying resources
-- Found ament_cmake_export_dependencies: 0.7.5 (/home/manish/ros2_ws/ros2_ws/src/install/ament_cmake_export_dependencies/share/ament_cmake_export_dependencies/cmake)
-- Configuring done
-- Generating done
-- Build files have been written to: /home/manish/ros2_ws/ros2_ws/src/build/ament_lint_common
[36mInstall the project...[0m
-- Install configuration: ""
-- Execute custom install script
-- Symlinking: /home/manish/ros2_ws/ros2_ws/src/install/ament_lint_common/share/ament_index/resource_index/package_run_dependencies/ament_lint_common
-- Symlinking: /home/manish/ros2_ws/ros2_ws/src/install/ament_lint_common/share/ament_index/resource_index/parent_prefix_path/ament_lint_common
-- Symlinking: /home/manish/ros2_ws/ros2_ws/src/install/ament_lint_common/share/ament_lint_common/environment/ament_prefix_path.sh
-- Symlinking: /home/manish/ros2_ws/ros2_ws/src/install/ament_lint_common/share/ament_lint_common/environment/path.sh
-- Symlinking: /home/manish/ros2_ws/ros2_ws/src/install/ament_lint_common/share/ament_lint_common/local_setup.bash
-- Symlinking: /home/manish/ros2_ws/ros2_ws/src/install/ament_lint_common/share/ament_lint_common/local_setup.sh
-- Symlinking: /home/manish/ros2_ws/ros2_ws/src/install/ament_lint_common/share/ament_lint_common/local_setup.zsh
-- Symlinking: /home/manish/ros2_ws/ros2_ws/src/install/ament_lint_common/share/ament_index/resource_index/packages/ament_lint_common
-- Symlinking: /home/manish/ros2_ws/ros2_ws/src/install/ament_lint_common/share/ament_lint_common/cmake/ament_cmake_export_dependencies-extras.cmake
-- Symlinking: /home/manish/ros2_ws/ros2_ws/src/install/ament_lint_common/share/ament_lint_common/cmake/ament_lint_commonConfig.cmake
-- Symlinking: /home/manish/ros2_ws/ros2_ws/src/install/ament_lint_common/share/ament_lint_common/cmake/ament_lint_commonConfig-version.cmake
-- Symlinking: /home/manish/ros2_ws/ros2_ws/src/install/ament_lint_common/share/ament_lint_common/package.xml
