[0.617s] Invoking command in '/home/manish/ros2_ws/ros2_ws/src/build/ament_flake8': AMENT_PREFIX_PATH=/home/manish/ros2_ws/ros2_ws/src/install/ament_lint:${AMENT_PREFIX_PATH} PYTHONPATH=/home/manish/ros2_ws/ros2_ws/src/install/ament_flake8/lib/python3.6/site-packages:/home/manish/ros2_ws/ros2_ws/src/build/ament_lint:/home/manish/ros2_ws/ros2_ws/src/install/ament_lint/lib/python3.6/site-packages:${PYTHONPATH} /usr/bin/python3 setup.py develop --prefix /home/manish/ros2_ws/ros2_ws/src/install/ament_flake8 --editable --build-directory /home/manish/ros2_ws/ros2_ws/src/build/ament_flake8/build --no-deps install_data --install-dir /home/manish/ros2_ws/ros2_ws/src/install/ament_flake8
[1.138s] running develop
[1.344s] running egg_info
[1.345s] creating ament_flake8.egg-info
[1.345s] writing ament_flake8.egg-info/PKG-INFO
[1.345s] writing dependency_links to ament_flake8.egg-info/dependency_links.txt
[1.345s] writing entry points to ament_flake8.egg-info/entry_points.txt
[1.345s] writing requirements to ament_flake8.egg-info/requires.txt
[1.345s] writing top-level names to ament_flake8.egg-info/top_level.txt
[1.348s] writing manifest file 'ament_flake8.egg-info/SOURCES.txt'
[1.382s] reading manifest file 'ament_flake8.egg-info/SOURCES.txt'
[1.383s] writing manifest file 'ament_flake8.egg-info/SOURCES.txt'
[1.388s] running build_ext
[1.388s] Creating /home/manish/ros2_ws/ros2_ws/src/install/ament_flake8/lib/python3.6/site-packages/ament-flake8.egg-link (link to .)
[1.389s] Installing ament_flake8 script to /home/manish/ros2_ws/ros2_ws/src/install/ament_flake8/bin
[1.389s] 
[1.389s] Installed /home/manish/ros2_ws/ros2_ws/src/build/ament_flake8
[1.389s] running install_data
[1.389s] copying package.xml -> /home/manish/ros2_ws/ros2_ws/src/install/ament_flake8/share/ament_flake8
[1.389s] creating /home/manish/ros2_ws/ros2_ws/src/install/ament_flake8/share/ament_index
[1.389s] creating /home/manish/ros2_ws/ros2_ws/src/install/ament_flake8/share/ament_index/resource_index
[1.389s] creating /home/manish/ros2_ws/ros2_ws/src/install/ament_flake8/share/ament_index/resource_index/packages
[1.389s] copying resource/ament_flake8 -> /home/manish/ros2_ws/ros2_ws/src/install/ament_flake8/share/ament_index/resource_index/packages
[1.430s] Invoked command in '/home/manish/ros2_ws/ros2_ws/src/build/ament_flake8' returned '0': AMENT_PREFIX_PATH=/home/manish/ros2_ws/ros2_ws/src/install/ament_lint:${AMENT_PREFIX_PATH} PYTHONPATH=/home/manish/ros2_ws/ros2_ws/src/install/ament_flake8/lib/python3.6/site-packages:/home/manish/ros2_ws/ros2_ws/src/build/ament_lint:/home/manish/ros2_ws/ros2_ws/src/install/ament_lint/lib/python3.6/site-packages:${PYTHONPATH} /usr/bin/python3 setup.py develop --prefix /home/manish/ros2_ws/ros2_ws/src/install/ament_flake8 --editable --build-directory /home/manish/ros2_ws/ros2_ws/src/build/ament_flake8/build --no-deps install_data --install-dir /home/manish/ros2_ws/ros2_ws/src/install/ament_flake8
