-- The C compiler identification is GNU 7.5.0
-- The CXX compiler identification is GNU 7.5.0
-- Check for working C compiler: /usr/bin/cc
-- Check for working C compiler: /usr/bin/cc -- works
-- Detecting C compiler ABI info
-- Detecting C compiler ABI info - done
-- Detecting C compile features
-- Detecting C compile features - done
-- Check for working CXX compiler: /usr/bin/c++
-- Check for working CXX compiler: /usr/bin/c++ -- works
-- Detecting CXX compiler ABI info
-- Detecting CXX compiler ABI info - done
-- Detecting CXX compile features
-- Detecting CXX compile features - done
-- Setting build type to 'RelWithDebInfo' as none was specified.
-- Looking for pthread.h
-- Looking for pthread.h - found
-- Looking for pthread_create
-- Looking for pthread_create - not found
-- Looking for pthread_create in pthreads
-- Looking for pthread_create in pthreads - not found
-- Looking for pthread_create in pthread
-- Looking for pthread_create in pthread - found
-- Found Threads: TRUE  
-- Looking for clock_gettime in c
-- Looking for clock_gettime in c - found
-- Found OpenSSL: /usr/lib/x86_64-linux-gnu/libcrypto.so (found version "1.1.1") 
-- Building with OpenSSL support
-- Performing Test COMPILER_HAS_HIDDEN_VISIBILITY
-- Performing Test COMPILER_HAS_HIDDEN_VISIBILITY - Success
-- Performing Test COMPILER_HAS_HIDDEN_INLINE_VISIBILITY
-- Performing Test COMPILER_HAS_HIDDEN_INLINE_VISIBILITY - Success
-- Performing Test COMPILER_HAS_DEPRECATED_ATTR
-- Performing Test COMPILER_HAS_DEPRECATED_ATTR - Success
-- Found Perl: /usr/bin/perl (found version "5.26.1") 
-- Found Java: /usr/bin/java (found version "1.8.0.265") found components:  Runtime 
-- Java or not trang not found: not converting/checking RNC to XSD
-- Configuring done
-- Generating done
-- Build files have been written to: /home/manish/ros2_ws/ros2_ws/src/build/cyclonedds
[35m[1mScanning dependencies of target ddsc[0m
[35m[1mScanning dependencies of target options_doc[0m
[  1%] [34m[1mGenerating options.md, cyclonedds.rnc[0m
[  1%] Built target options_doc
[  1%] [32mBuilding C object src/core/CMakeFiles/ddsc.dir/ddsi/src/ddsi_eth.c.o[0m
[  2%] [32mBuilding C object src/core/CMakeFiles/ddsc.dir/ddsi/src/ddsi_tran.c.o[0m
[  3%] [32mBuilding C object src/core/CMakeFiles/ddsc.dir/ddsi/src/ddsi_tcp.c.o[0m
[  4%] [32mBuilding C object src/core/CMakeFiles/ddsc.dir/ddsi/src/ddsi_ssl.c.o[0m
[  4%] [32mBuilding C object src/core/CMakeFiles/ddsc.dir/ddsi/src/ddsi_udp.c.o[0m
[  5%] [32mBuilding C object src/core/CMakeFiles/ddsc.dir/ddsi/src/ddsi_raweth.c.o[0m
[  6%] [32mBuilding C object src/core/CMakeFiles/ddsc.dir/ddsi/src/ddsi_ipaddr.c.o[0m
[  7%] [32mBuilding C object src/core/CMakeFiles/ddsc.dir/ddsi/src/ddsi_mcgroup.c.o[0m
[  8%] [32mBuilding C object src/core/CMakeFiles/ddsc.dir/ddsi/src/ddsi_portmapping.c.o[0m
[  8%] [32mBuilding C object src/core/CMakeFiles/ddsc.dir/ddsi/src/ddsi_serdata.c.o[0m
[  9%] [32mBuilding C object src/core/CMakeFiles/ddsc.dir/ddsi/src/ddsi_serdata_default.c.o[0m
[ 10%] [32mBuilding C object src/core/CMakeFiles/ddsc.dir/ddsi/src/ddsi_sertopic.c.o[0m
[ 11%] [32mBuilding C object src/core/CMakeFiles/ddsc.dir/ddsi/src/ddsi_sertopic_default.c.o[0m
[ 12%] [32mBuilding C object src/core/CMakeFiles/ddsc.dir/ddsi/src/ddsi_iid.c.o[0m
[ 12%] [32mBuilding C object src/core/CMakeFiles/ddsc.dir/ddsi/src/ddsi_tkmap.c.o[0m
[ 13%] [32mBuilding C object src/core/CMakeFiles/ddsc.dir/ddsi/src/ddsi_vendor.c.o[0m
[ 14%] [32mBuilding C object src/core/CMakeFiles/ddsc.dir/ddsi/src/ddsi_threadmon.c.o[0m
[ 15%] [32mBuilding C object src/core/CMakeFiles/ddsc.dir/ddsi/src/ddsi_pmd.c.o[0m
[ 16%] [32mBuilding C object src/core/CMakeFiles/ddsc.dir/ddsi/src/ddsi_rhc.c.o[0m
[ 16%] [32mBuilding C object src/core/CMakeFiles/ddsc.dir/ddsi/src/ddsi_entity_index.c.o[0m
[ 17%] [32mBuilding C object src/core/CMakeFiles/ddsc.dir/ddsi/src/ddsi_deliver_locally.c.o[0m
[ 18%] [32mBuilding C object src/core/CMakeFiles/ddsc.dir/ddsi/src/ddsi_deadline.c.o[0m
[ 19%] [32mBuilding C object src/core/CMakeFiles/ddsc.dir/ddsi/src/ddsi_plist.c.o[0m
[ 20%] [32mBuilding C object src/core/CMakeFiles/ddsc.dir/ddsi/src/ddsi_cdrstream.c.o[0m
[ 20%] [32mBuilding C object src/core/CMakeFiles/ddsc.dir/ddsi/src/q_addrset.c.o[0m
[ 21%] [32mBuilding C object src/core/CMakeFiles/ddsc.dir/ddsi/src/q_bitset_inlines.c.o[0m
[ 22%] [32mBuilding C object src/core/CMakeFiles/ddsc.dir/ddsi/src/q_bswap.c.o[0m
[ 23%] [32mBuilding C object src/core/CMakeFiles/ddsc.dir/ddsi/src/q_config.c.o[0m
[ 24%] [32mBuilding C object src/core/CMakeFiles/ddsc.dir/ddsi/src/q_ddsi_discovery.c.o[0m
[ 24%] [32mBuilding C object src/core/CMakeFiles/ddsc.dir/ddsi/src/q_debmon.c.o[0m
[ 25%] [32mBuilding C object src/core/CMakeFiles/ddsc.dir/ddsi/src/q_entity.c.o[0m
[ 26%] [32mBuilding C object src/core/CMakeFiles/ddsc.dir/ddsi/src/q_gc.c.o[0m
[ 27%] [32mBuilding C object src/core/CMakeFiles/ddsc.dir/ddsi/src/q_init.c.o[0m
[ 27%] [32mBuilding C object src/core/CMakeFiles/ddsc.dir/ddsi/src/q_lat_estim.c.o[0m
[ 28%] [32mBuilding C object src/core/CMakeFiles/ddsc.dir/ddsi/src/q_lease.c.o[0m
[ 29%] [32mBuilding C object src/core/CMakeFiles/ddsc.dir/ddsi/src/q_misc.c.o[0m
[ 30%] [32mBuilding C object src/core/CMakeFiles/ddsc.dir/ddsi/src/q_nwif.c.o[0m
[ 31%] [32mBuilding C object src/core/CMakeFiles/ddsc.dir/ddsi/src/q_pcap.c.o[0m
[ 31%] [32mBuilding C object src/core/CMakeFiles/ddsc.dir/ddsi/src/q_qosmatch.c.o[0m
[ 32%] [32mBuilding C object src/core/CMakeFiles/ddsc.dir/ddsi/src/q_radmin.c.o[0m
[ 33%] [32mBuilding C object src/core/CMakeFiles/ddsc.dir/ddsi/src/q_receive.c.o[0m
[ 34%] [32mBuilding C object src/core/CMakeFiles/ddsc.dir/ddsi/src/q_sockwaitset.c.o[0m
[ 35%] [32mBuilding C object src/core/CMakeFiles/ddsc.dir/ddsi/src/q_thread.c.o[0m
[ 35%] [32mBuilding C object src/core/CMakeFiles/ddsc.dir/ddsi/src/q_time.c.o[0m
[ 36%] [32mBuilding C object src/core/CMakeFiles/ddsc.dir/ddsi/src/q_transmit.c.o[0m
[ 37%] [32mBuilding C object src/core/CMakeFiles/ddsc.dir/ddsi/src/q_whc.c.o[0m
[ 38%] [32mBuilding C object src/core/CMakeFiles/ddsc.dir/ddsi/src/q_inverse_uint32_set.c.o[0m
[ 39%] [32mBuilding C object src/core/CMakeFiles/ddsc.dir/ddsi/src/q_xevent.c.o[0m
[ 39%] [32mBuilding C object src/core/CMakeFiles/ddsc.dir/ddsi/src/q_xmsg.c.o[0m
[ 40%] [32mBuilding C object src/core/CMakeFiles/ddsc.dir/ddsi/src/q_freelist.c.o[0m
[ 41%] [32mBuilding C object src/core/CMakeFiles/ddsc.dir/ddsi/src/sysdeps.c.o[0m
[ 42%] [32mBuilding C object src/core/CMakeFiles/ddsc.dir/ddsi/src/ddsi_lifespan.c.o[0m
[ 43%] [32mBuilding C object src/core/CMakeFiles/ddsc.dir/ddsc/src/dds_alloc.c.o[0m
[ 43%] [32mBuilding C object src/core/CMakeFiles/ddsc.dir/ddsc/src/dds_builtin.c.o[0m
[ 44%] [32mBuilding C object src/core/CMakeFiles/ddsc.dir/ddsc/src/dds_coherent.c.o[0m
[ 45%] [32mBuilding C object src/core/CMakeFiles/ddsc.dir/ddsc/src/dds_participant.c.o[0m
[ 46%] [32mBuilding C object src/core/CMakeFiles/ddsc.dir/ddsc/src/dds_writer.c.o[0m
[ 47%] [32mBuilding C object src/core/CMakeFiles/ddsc.dir/ddsc/src/dds_reader.c.o[0m
[ 47%] [32mBuilding C object src/core/CMakeFiles/ddsc.dir/ddsc/src/dds_init.c.o[0m
[ 48%] [32mBuilding C object src/core/CMakeFiles/ddsc.dir/ddsc/src/dds_publisher.c.o[0m
[ 49%] [32mBuilding C object src/core/CMakeFiles/ddsc.dir/ddsc/src/dds_rhc.c.o[0m
[ 49%] [32mBuilding C object src/core/CMakeFiles/ddsc.dir/ddsc/src/dds_instance.c.o[0m
[ 50%] [32mBuilding C object src/core/CMakeFiles/ddsc.dir/ddsc/src/dds_domain.c.o[0m
[ 51%] [32mBuilding C object src/core/CMakeFiles/ddsc.dir/ddsc/src/dds_rhc_default.c.o[0m
[ 52%] [32mBuilding C object src/core/CMakeFiles/ddsc.dir/ddsc/src/dds_qos.c.o[0m
[ 53%] [32mBuilding C object src/core/CMakeFiles/ddsc.dir/ddsc/src/dds_handles.c.o[0m
[ 54%] [32mBuilding C object src/core/CMakeFiles/ddsc.dir/ddsc/src/dds_entity.c.o[0m
[ 54%] [32mBuilding C object src/core/CMakeFiles/ddsc.dir/ddsc/src/dds_matched.c.o[0m
[ 55%] [32mBuilding C object src/core/CMakeFiles/ddsc.dir/ddsc/src/dds_querycond.c.o[0m
[ 56%] [32mBuilding C object src/core/CMakeFiles/ddsc.dir/ddsc/src/dds_listener.c.o[0m
[ 57%] [32mBuilding C object src/core/CMakeFiles/ddsc.dir/ddsc/src/dds_topic.c.o[0m
[ 58%] [32mBuilding C object src/core/CMakeFiles/ddsc.dir/ddsc/src/dds_read.c.o[0m
[ 58%] [32mBuilding C object src/core/CMakeFiles/ddsc.dir/ddsc/src/dds_waitset.c.o[0m
[ 59%] [32mBuilding C object src/core/CMakeFiles/ddsc.dir/ddsc/src/dds_readcond.c.o[0m
[ 60%] [32mBuilding C object src/core/CMakeFiles/ddsc.dir/ddsc/src/dds_guardcond.c.o[0m
[ 61%] [32mBuilding C object src/core/CMakeFiles/ddsc.dir/ddsc/src/dds_subscriber.c.o[0m
[ 62%] [32mBuilding C object src/core/CMakeFiles/ddsc.dir/ddsc/src/dds_write.c.o[0m
[ 62%] [32mBuilding C object src/core/CMakeFiles/ddsc.dir/ddsc/src/dds_whc.c.o[0m
[ 63%] [32mBuilding C object src/core/CMakeFiles/ddsc.dir/ddsc/src/dds_whc_builtintopic.c.o[0m
[ 64%] [32mBuilding C object src/core/CMakeFiles/ddsc.dir/ddsc/src/dds_serdata_builtintopic.c.o[0m
[ 65%] [32mBuilding C object src/core/CMakeFiles/ddsc.dir/ddsc/src/dds_sertopic_builtintopic.c.o[0m
[ 66%] [32mBuilding C object src/core/CMakeFiles/ddsc.dir/__/ddsrt/src/bswap.c.o[0m
[ 66%] [32mBuilding C object src/core/CMakeFiles/ddsc.dir/__/ddsrt/src/io.c.o[0m
[ 67%] [32mBuilding C object src/core/CMakeFiles/ddsc.dir/__/ddsrt/src/log.c.o[0m
[ 68%] [32mBuilding C object src/core/CMakeFiles/ddsc.dir/__/ddsrt/src/retcode.c.o[0m
[ 69%] [32mBuilding C object src/core/CMakeFiles/ddsc.dir/__/ddsrt/src/strtod.c.o[0m
[ 70%] [32mBuilding C object src/core/CMakeFiles/ddsc.dir/__/ddsrt/src/strtol.c.o[0m
[ 70%] [32mBuilding C object src/core/CMakeFiles/ddsc.dir/__/ddsrt/src/mh3.c.o[0m
[ 71%] [32mBuilding C object src/core/CMakeFiles/ddsc.dir/__/ddsrt/src/avl.c.o[0m
[ 72%] [32mBuilding C object src/core/CMakeFiles/ddsc.dir/__/ddsrt/src/expand_envvars.c.o[0m
[ 73%] [32mBuilding C object src/core/CMakeFiles/ddsc.dir/__/ddsrt/src/fibheap.c.o[0m
[ 74%] [32mBuilding C object src/core/CMakeFiles/ddsc.dir/__/ddsrt/src/hopscotch.c.o[0m
[ 74%] [32mBuilding C object src/core/CMakeFiles/ddsc.dir/__/ddsrt/src/thread_pool.c.o[0m
[ 75%] [32mBuilding C object src/core/CMakeFiles/ddsc.dir/__/ddsrt/src/xmlparser.c.o[0m
[ 76%] [32mBuilding C object src/core/CMakeFiles/ddsc.dir/__/ddsrt/src/circlist.c.o[0m
[ 77%] [32mBuilding C object src/core/CMakeFiles/ddsc.dir/__/ddsrt/src/cdtors.c.o[0m
[ 77%] [32mBuilding C object src/core/CMakeFiles/ddsc.dir/__/ddsrt/src/atomics.c.o[0m
[ 78%] [32mBuilding C object src/core/CMakeFiles/ddsc.dir/__/ddsrt/src/environ/posix/environ.c.o[0m
[ 79%] [32mBuilding C object src/core/CMakeFiles/ddsc.dir/__/ddsrt/src/heap/posix/heap.c.o[0m
[ 80%] [32mBuilding C object src/core/CMakeFiles/ddsc.dir/__/ddsrt/src/ifaddrs.c.o[0m
[ 81%] [32mBuilding C object src/core/CMakeFiles/ddsc.dir/__/ddsrt/src/ifaddrs/posix/ifaddrs.c.o[0m
[ 81%] [32mBuilding C object src/core/CMakeFiles/ddsc.dir/__/ddsrt/src/random.c.o[0m
[ 82%] [32mBuilding C object src/core/CMakeFiles/ddsc.dir/__/ddsrt/src/random/posix/random.c.o[0m
[ 83%] [32mBuilding C object src/core/CMakeFiles/ddsc.dir/__/ddsrt/src/rusage/posix/rusage.c.o[0m
[ 84%] [32mBuilding C object src/core/CMakeFiles/ddsc.dir/__/ddsrt/src/sockets.c.o[0m
[ 85%] [32mBuilding C object src/core/CMakeFiles/ddsc.dir/__/ddsrt/src/sockets/posix/gethostname.c.o[0m
[ 85%] [32mBuilding C object src/core/CMakeFiles/ddsc.dir/__/ddsrt/src/sockets/posix/socket.c.o[0m
[ 86%] [32mBuilding C object src/core/CMakeFiles/ddsc.dir/__/ddsrt/src/string.c.o[0m
[ 87%] [32mBuilding C object src/core/CMakeFiles/ddsc.dir/__/ddsrt/src/string/posix/strerror.c.o[0m
[ 88%] [32mBuilding C object src/core/CMakeFiles/ddsc.dir/__/ddsrt/src/sync/posix/sync.c.o[0m
[ 89%] [32mBuilding C object src/core/CMakeFiles/ddsc.dir/__/ddsrt/src/threads.c.o[0m
[ 89%] [32mBuilding C object src/core/CMakeFiles/ddsc.dir/__/ddsrt/src/threads/posix/threads.c.o[0m
[ 90%] [32mBuilding C object src/core/CMakeFiles/ddsc.dir/__/ddsrt/src/time.c.o[0m
[ 91%] [32mBuilding C object src/core/CMakeFiles/ddsc.dir/__/ddsrt/src/time/posix/time.c.o[0m
[ 92%] [32mBuilding C object src/core/CMakeFiles/ddsc.dir/__/ddsrt/src/md5.c.o[0m
[ 93%] [32mBuilding C object src/core/CMakeFiles/ddsc.dir/__/ddsrt/src/process/posix/process.c.o[0m
[ 93%] [32mBuilding C object src/core/CMakeFiles/ddsc.dir/__/ddsrt/src/netstat/linux/netstat.c.o[0m
[ 94%] [32m[1mLinking C shared library ../../lib/libddsc.so[0m
[ 94%] Built target ddsc
[35m[1mScanning dependencies of target ddsls[0m
[35m[1mScanning dependencies of target pubsub[0m
[ 95%] [32mBuilding C object src/tools/ddsls/CMakeFiles/ddsls.dir/ddsls.c.o[0m
[ 96%] [32mBuilding C object src/tools/pubsub/CMakeFiles/pubsub.dir/testtype.c.o[0m
[ 97%] [32mBuilding C object src/tools/pubsub/CMakeFiles/pubsub.dir/pubsub.c.o[0m
[ 97%] [32mBuilding C object src/tools/pubsub/CMakeFiles/pubsub.dir/common.c.o[0m
[ 98%] [32mBuilding C object src/tools/pubsub/CMakeFiles/pubsub.dir/porting.c.o[0m
[ 99%] [32m[1mLinking C executable ../../../bin/ddsls[0m
[ 99%] Built target ddsls
[100%] [32m[1mLinking C executable ../../../bin/pubsub[0m
[100%] Built target pubsub
[  1%] Built target options_doc
[ 94%] Built target ddsc
[ 98%] Built target pubsub
[100%] Built target ddsls
[36mInstall the project...[0m
-- Install configuration: "RelWithDebInfo"
-- Installing: /home/manish/ros2_ws/ros2_ws/src/install/cyclonedds/lib/cmake/CycloneDDS/CycloneDDSConfig.cmake
-- Installing: /home/manish/ros2_ws/ros2_ws/src/install/cyclonedds/lib/cmake/CycloneDDS/CycloneDDSVersion.cmake
-- Installing: /home/manish/ros2_ws/ros2_ws/src/install/cyclonedds/lib/cmake/CycloneDDS/CycloneDDSTargets.cmake
-- Installing: /home/manish/ros2_ws/ros2_ws/src/install/cyclonedds/lib/cmake/CycloneDDS/CycloneDDSTargets-relwithdebinfo.cmake
-- Installing: /home/manish/ros2_ws/ros2_ws/src/install/cyclonedds/include
-- Installing: /home/manish/ros2_ws/ros2_ws/src/install/cyclonedds/include/dds
-- Installing: /home/manish/ros2_ws/ros2_ws/src/install/cyclonedds/include/dds/ddsrt
-- Installing: /home/manish/ros2_ws/ros2_ws/src/install/cyclonedds/include/dds/ddsrt/atomics.h
-- Installing: /home/manish/ros2_ws/ros2_ws/src/install/cyclonedds/include/dds/ddsrt/mh3.h
-- Installing: /home/manish/ros2_ws/ros2_ws/src/install/cyclonedds/include/dds/ddsrt/sockets.h
-- Installing: /home/manish/ros2_ws/ros2_ws/src/install/cyclonedds/include/dds/ddsrt/attributes.h
-- Installing: /home/manish/ros2_ws/ros2_ws/src/install/cyclonedds/include/dds/ddsrt/hopscotch.h
-- Installing: /home/manish/ros2_ws/ros2_ws/src/install/cyclonedds/include/dds/ddsrt/strtol.h
-- Installing: /home/manish/ros2_ws/ros2_ws/src/install/cyclonedds/include/dds/ddsrt/time.h
-- Installing: /home/manish/ros2_ws/ros2_ws/src/install/cyclonedds/include/dds/ddsrt/heap.h
-- Installing: /home/manish/ros2_ws/ros2_ws/src/install/cyclonedds/include/dds/ddsrt/misc.h
-- Installing: /home/manish/ros2_ws/ros2_ws/src/install/cyclonedds/include/dds/ddsrt/fibheap.h
-- Installing: /home/manish/ros2_ws/ros2_ws/src/install/cyclonedds/include/dds/ddsrt/xmlparser.h
-- Installing: /home/manish/ros2_ws/ros2_ws/src/install/cyclonedds/include/dds/ddsrt/endian.h
-- Installing: /home/manish/ros2_ws/ros2_ws/src/install/cyclonedds/include/dds/ddsrt/countargs.h
-- Installing: /home/manish/ros2_ws/ros2_ws/src/install/cyclonedds/include/dds/ddsrt/netstat.h
-- Installing: /home/manish/ros2_ws/ros2_ws/src/install/cyclonedds/include/dds/ddsrt/string.h
-- Installing: /home/manish/ros2_ws/ros2_ws/src/install/cyclonedds/include/dds/ddsrt/md5.h
-- Installing: /home/manish/ros2_ws/ros2_ws/src/install/cyclonedds/include/dds/ddsrt/types.h
-- Installing: /home/manish/ros2_ws/ros2_ws/src/install/cyclonedds/include/dds/ddsrt/strtod.h
-- Installing: /home/manish/ros2_ws/ros2_ws/src/install/cyclonedds/include/dds/ddsrt/cdtors.h
-- Installing: /home/manish/ros2_ws/ros2_ws/src/install/cyclonedds/include/dds/ddsrt/threads
-- Installing: /home/manish/ros2_ws/ros2_ws/src/install/cyclonedds/include/dds/ddsrt/threads/windows.h
-- Installing: /home/manish/ros2_ws/ros2_ws/src/install/cyclonedds/include/dds/ddsrt/threads/freertos.h
-- Installing: /home/manish/ros2_ws/ros2_ws/src/install/cyclonedds/include/dds/ddsrt/threads/posix.h
-- Installing: /home/manish/ros2_ws/ros2_ws/src/install/cyclonedds/include/dds/ddsrt/static_assert.h
-- Installing: /home/manish/ros2_ws/ros2_ws/src/install/cyclonedds/include/dds/ddsrt/sync.h
-- Installing: /home/manish/ros2_ws/ros2_ws/src/install/cyclonedds/include/dds/ddsrt/threads.h
-- Installing: /home/manish/ros2_ws/ros2_ws/src/install/cyclonedds/include/dds/ddsrt/time
-- Installing: /home/manish/ros2_ws/ros2_ws/src/install/cyclonedds/include/dds/ddsrt/time/freertos.h
-- Installing: /home/manish/ros2_ws/ros2_ws/src/install/cyclonedds/include/dds/ddsrt/bswap.h
-- Installing: /home/manish/ros2_ws/ros2_ws/src/install/cyclonedds/include/dds/ddsrt/retcode.h
-- Installing: /home/manish/ros2_ws/ros2_ws/src/install/cyclonedds/include/dds/ddsrt/random.h
-- Installing: /home/manish/ros2_ws/ros2_ws/src/install/cyclonedds/include/dds/ddsrt/circlist.h
-- Installing: /home/manish/ros2_ws/ros2_ws/src/install/cyclonedds/include/dds/ddsrt/types
-- Installing: /home/manish/ros2_ws/ros2_ws/src/install/cyclonedds/include/dds/ddsrt/types/windows.h
-- Installing: /home/manish/ros2_ws/ros2_ws/src/install/cyclonedds/include/dds/ddsrt/types/vxworks.h
-- Installing: /home/manish/ros2_ws/ros2_ws/src/install/cyclonedds/include/dds/ddsrt/types/posix.h
-- Installing: /home/manish/ros2_ws/ros2_ws/src/install/cyclonedds/include/dds/ddsrt/atomics
-- Installing: /home/manish/ros2_ws/ros2_ws/src/install/cyclonedds/include/dds/ddsrt/atomics/arm.h
-- Installing: /home/manish/ros2_ws/ros2_ws/src/install/cyclonedds/include/dds/ddsrt/atomics/gcc.h
-- Installing: /home/manish/ros2_ws/ros2_ws/src/install/cyclonedds/include/dds/ddsrt/atomics/sun.h
-- Installing: /home/manish/ros2_ws/ros2_ws/src/install/cyclonedds/include/dds/ddsrt/atomics/msvc.h
-- Installing: /home/manish/ros2_ws/ros2_ws/src/install/cyclonedds/include/dds/ddsrt/process.h
-- Installing: /home/manish/ros2_ws/ros2_ws/src/install/cyclonedds/include/dds/ddsrt/environ.h
-- Installing: /home/manish/ros2_ws/ros2_ws/src/install/cyclonedds/include/dds/ddsrt/avl.h
-- Installing: /home/manish/ros2_ws/ros2_ws/src/install/cyclonedds/include/dds/ddsrt/thread_pool.h
-- Installing: /home/manish/ros2_ws/ros2_ws/src/install/cyclonedds/include/dds/ddsrt/sync
-- Installing: /home/manish/ros2_ws/ros2_ws/src/install/cyclonedds/include/dds/ddsrt/sync/windows.h
-- Installing: /home/manish/ros2_ws/ros2_ws/src/install/cyclonedds/include/dds/ddsrt/sync/freertos.h
-- Installing: /home/manish/ros2_ws/ros2_ws/src/install/cyclonedds/include/dds/ddsrt/sync/solaris2.6.h
-- Installing: /home/manish/ros2_ws/ros2_ws/src/install/cyclonedds/include/dds/ddsrt/sync/posix.h
-- Installing: /home/manish/ros2_ws/ros2_ws/src/install/cyclonedds/include/dds/ddsrt/ifaddrs.h
-- Installing: /home/manish/ros2_ws/ros2_ws/src/install/cyclonedds/include/dds/ddsrt/sockets
-- Installing: /home/manish/ros2_ws/ros2_ws/src/install/cyclonedds/include/dds/ddsrt/sockets/windows.h
-- Installing: /home/manish/ros2_ws/ros2_ws/src/install/cyclonedds/include/dds/ddsrt/sockets/posix.h
-- Installing: /home/manish/ros2_ws/ros2_ws/src/install/cyclonedds/include/dds/ddsrt/arch.h
-- Installing: /home/manish/ros2_ws/ros2_ws/src/install/cyclonedds/include/dds/ddsrt/log.h
-- Installing: /home/manish/ros2_ws/ros2_ws/src/install/cyclonedds/include/dds/ddsrt/rusage.h
-- Installing: /home/manish/ros2_ws/ros2_ws/src/install/cyclonedds/include/dds/ddsrt/io.h
-- Up-to-date: /home/manish/ros2_ws/ros2_ws/src/install/cyclonedds/include
-- Up-to-date: /home/manish/ros2_ws/ros2_ws/src/install/cyclonedds/include/dds
-- Installing: /home/manish/ros2_ws/ros2_ws/src/install/cyclonedds/include/dds/version.h
-- Up-to-date: /home/manish/ros2_ws/ros2_ws/src/install/cyclonedds/include
-- Up-to-date: /home/manish/ros2_ws/ros2_ws/src/install/cyclonedds/include/dds
-- Installing: /home/manish/ros2_ws/ros2_ws/src/install/cyclonedds/include/dds/ddsi
-- Installing: /home/manish/ros2_ws/ros2_ws/src/install/cyclonedds/include/dds/ddsi/q_ddsi_discovery.h
-- Installing: /home/manish/ros2_ws/ros2_ws/src/install/cyclonedds/include/dds/ddsi/q_log.h
-- Installing: /home/manish/ros2_ws/ros2_ws/src/install/cyclonedds/include/dds/ddsi/ddsi_tkmap.h
-- Installing: /home/manish/ros2_ws/ros2_ws/src/install/cyclonedds/include/dds/ddsi/q_sockwaitset.h
-- Installing: /home/manish/ros2_ws/ros2_ws/src/install/cyclonedds/include/dds/ddsi/ddsi_rhc.h
-- Installing: /home/manish/ros2_ws/ros2_ws/src/install/cyclonedds/include/dds/ddsi/q_entity.h
-- Installing: /home/manish/ros2_ws/ros2_ws/src/install/cyclonedds/include/dds/ddsi/q_transmit.h
-- Installing: /home/manish/ros2_ws/ros2_ws/src/install/cyclonedds/include/dds/ddsi/ddsi_raweth.h
-- Installing: /home/manish/ros2_ws/ros2_ws/src/install/cyclonedds/include/dds/ddsi/q_freelist.h
-- Installing: /home/manish/ros2_ws/ros2_ws/src/install/cyclonedds/include/dds/ddsi/ddsi_vendor.h
-- Installing: /home/manish/ros2_ws/ros2_ws/src/install/cyclonedds/include/dds/ddsi/q_xevent.h
-- Installing: /home/manish/ros2_ws/ros2_ws/src/install/cyclonedds/include/dds/ddsi/q_hbcontrol.h
-- Installing: /home/manish/ros2_ws/ros2_ws/src/install/cyclonedds/include/dds/ddsi/q_qosmatch.h
-- Installing: /home/manish/ros2_ws/ros2_ws/src/install/cyclonedds/include/dds/ddsi/q_protocol.h
-- Installing: /home/manish/ros2_ws/ros2_ws/src/install/cyclonedds/include/dds/ddsi/q_inverse_uint32_set.h
-- Installing: /home/manish/ros2_ws/ros2_ws/src/install/cyclonedds/include/dds/ddsi/q_thread.h
-- Installing: /home/manish/ros2_ws/ros2_ws/src/install/cyclonedds/include/dds/ddsi/q_config.h
-- Installing: /home/manish/ros2_ws/ros2_ws/src/install/cyclonedds/include/dds/ddsi/ddsi_portmapping.h
-- Installing: /home/manish/ros2_ws/ros2_ws/src/install/cyclonedds/include/dds/ddsi/ddsi_threadmon.h
-- Installing: /home/manish/ros2_ws/ros2_ws/src/install/cyclonedds/include/dds/ddsi/ddsi_ssl.h
-- Installing: /home/manish/ros2_ws/ros2_ws/src/install/cyclonedds/include/dds/ddsi/ddsi_deliver_locally.h
-- Installing: /home/manish/ros2_ws/ros2_ws/src/install/cyclonedds/include/dds/ddsi/ddsi_serdata.h
-- Installing: /home/manish/ros2_ws/ros2_ws/src/install/cyclonedds/include/dds/ddsi/q_debmon.h
-- Installing: /home/manish/ros2_ws/ros2_ws/src/install/cyclonedds/include/dds/ddsi/q_radmin.h
-- Installing: /home/manish/ros2_ws/ros2_ws/src/install/cyclonedds/include/dds/ddsi/ddsi_udp.h
-- Installing: /home/manish/ros2_ws/ros2_ws/src/install/cyclonedds/include/dds/ddsi/ddsi_entity_index.h
-- Installing: /home/manish/ros2_ws/ros2_ws/src/install/cyclonedds/include/dds/ddsi/q_pcap.h
-- Installing: /home/manish/ros2_ws/ros2_ws/src/install/cyclonedds/include/dds/ddsi/q_rtps.h
-- Installing: /home/manish/ros2_ws/ros2_ws/src/install/cyclonedds/include/dds/ddsi/ddsi_sertopic.h
-- Installing: /home/manish/ros2_ws/ros2_ws/src/install/cyclonedds/include/dds/ddsi/q_unused.h
-- Installing: /home/manish/ros2_ws/ros2_ws/src/install/cyclonedds/include/dds/ddsi/ddsi_cdrstream.h
-- Installing: /home/manish/ros2_ws/ros2_ws/src/install/cyclonedds/include/dds/ddsi/q_lat_estim.h
-- Installing: /home/manish/ros2_ws/ros2_ws/src/install/cyclonedds/include/dds/ddsi/ddsi_guid.h
-- Installing: /home/manish/ros2_ws/ros2_ws/src/install/cyclonedds/include/dds/ddsi/q_nwif.h
-- Installing: /home/manish/ros2_ws/ros2_ws/src/install/cyclonedds/include/dds/ddsi/q_addrset.h
-- Installing: /home/manish/ros2_ws/ros2_ws/src/install/cyclonedds/include/dds/ddsi/q_time.h
-- Installing: /home/manish/ros2_ws/ros2_ws/src/install/cyclonedds/include/dds/ddsi/ddsi_pmd.h
-- Installing: /home/manish/ros2_ws/ros2_ws/src/install/cyclonedds/include/dds/ddsi/ddsi_tran.h
-- Installing: /home/manish/ros2_ws/ros2_ws/src/install/cyclonedds/include/dds/ddsi/q_bitset.h
-- Installing: /home/manish/ros2_ws/ros2_ws/src/install/cyclonedds/include/dds/ddsi/q_whc.h
-- Installing: /home/manish/ros2_ws/ros2_ws/src/install/cyclonedds/include/dds/ddsi/sysdeps.h
-- Installing: /home/manish/ros2_ws/ros2_ws/src/install/cyclonedds/include/dds/ddsi/q_receive.h
-- Installing: /home/manish/ros2_ws/ros2_ws/src/install/cyclonedds/include/dds/ddsi/q_feature_check.h
-- Installing: /home/manish/ros2_ws/ros2_ws/src/install/cyclonedds/include/dds/ddsi/ddsi_plist_generic.h
-- Installing: /home/manish/ros2_ws/ros2_ws/src/install/cyclonedds/include/dds/ddsi/ddsi_lifespan.h
-- Installing: /home/manish/ros2_ws/ros2_ws/src/install/cyclonedds/include/dds/ddsi/ddsi_xqos.h
-- Installing: /home/manish/ros2_ws/ros2_ws/src/install/cyclonedds/include/dds/ddsi/ddsi_deadline.h
-- Installing: /home/manish/ros2_ws/ros2_ws/src/install/cyclonedds/include/dds/ddsi/q_lease.h
-- Installing: /home/manish/ros2_ws/ros2_ws/src/install/cyclonedds/include/dds/ddsi/q_xmsg.h
-- Installing: /home/manish/ros2_ws/ros2_ws/src/install/cyclonedds/include/dds/ddsi/ddsi_mcgroup.h
-- Installing: /home/manish/ros2_ws/ros2_ws/src/install/cyclonedds/include/dds/ddsi/q_misc.h
-- Installing: /home/manish/ros2_ws/ros2_ws/src/install/cyclonedds/include/dds/ddsi/ddsi_plist.h
-- Installing: /home/manish/ros2_ws/ros2_ws/src/install/cyclonedds/include/dds/ddsi/q_bswap.h
-- Installing: /home/manish/ros2_ws/ros2_ws/src/install/cyclonedds/include/dds/ddsi/q_init.h
-- Installing: /home/manish/ros2_ws/ros2_ws/src/install/cyclonedds/include/dds/ddsi/ddsi_iid.h
-- Installing: /home/manish/ros2_ws/ros2_ws/src/install/cyclonedds/include/dds/ddsi/ddsi_ipaddr.h
-- Installing: /home/manish/ros2_ws/ros2_ws/src/install/cyclonedds/include/dds/ddsi/ddsi_serdata_default.h
-- Installing: /home/manish/ros2_ws/ros2_ws/src/install/cyclonedds/include/dds/ddsi/ddsi_tcp.h
-- Installing: /home/manish/ros2_ws/ros2_ws/src/install/cyclonedds/include/dds/ddsi/q_gc.h
-- Installing: /home/manish/ros2_ws/ros2_ws/src/install/cyclonedds/include/dds/ddsi/ddsi_domaingv.h
-- Installing: /home/manish/ros2_ws/ros2_ws/src/install/cyclonedds/include/dds/ddsi/ddsi_builtin_topic_if.h
-- Up-to-date: /home/manish/ros2_ws/ros2_ws/src/install/cyclonedds/include
-- Up-to-date: /home/manish/ros2_ws/ros2_ws/src/install/cyclonedds/include/dds
-- Installing: /home/manish/ros2_ws/ros2_ws/src/install/cyclonedds/include/dds/dds.h
-- Installing: /home/manish/ros2_ws/ros2_ws/src/install/cyclonedds/include/dds/ddsc
-- Installing: /home/manish/ros2_ws/ros2_ws/src/install/cyclonedds/include/dds/ddsc/dds_internal_api.h
-- Installing: /home/manish/ros2_ws/ros2_ws/src/install/cyclonedds/include/dds/ddsc/dds_public_listener.h
-- Installing: /home/manish/ros2_ws/ros2_ws/src/install/cyclonedds/include/dds/ddsc/dds_public_alloc.h
-- Installing: /home/manish/ros2_ws/ros2_ws/src/install/cyclonedds/include/dds/ddsc/dds_public_error.h
-- Installing: /home/manish/ros2_ws/ros2_ws/src/install/cyclonedds/include/dds/ddsc/dds_rhc.h
-- Installing: /home/manish/ros2_ws/ros2_ws/src/install/cyclonedds/include/dds/ddsc/dds_public_status.h
-- Installing: /home/manish/ros2_ws/ros2_ws/src/install/cyclonedds/include/dds/ddsc/dds_public_impl.h
-- Installing: /home/manish/ros2_ws/ros2_ws/src/install/cyclonedds/include/dds/ddsc/dds_public_qosdefs.h
-- Installing: /home/manish/ros2_ws/ros2_ws/src/install/cyclonedds/include/dds/ddsc/dds_public_qos.h
-- Installing: /home/manish/ros2_ws/ros2_ws/src/install/cyclonedds/include/ddsc
-- Installing: /home/manish/ros2_ws/ros2_ws/src/install/cyclonedds/include/ddsc/dds.h
-- Up-to-date: /home/manish/ros2_ws/ros2_ws/src/install/cyclonedds/include
-- Up-to-date: /home/manish/ros2_ws/ros2_ws/src/install/cyclonedds/include/dds
-- Installing: /home/manish/ros2_ws/ros2_ws/src/install/cyclonedds/include/dds/export.h
-- Installing: /home/manish/ros2_ws/ros2_ws/src/install/cyclonedds/lib/libddsc.so.0.5.0
-- Installing: /home/manish/ros2_ws/ros2_ws/src/install/cyclonedds/lib/libddsc.so.0
-- Installing: /home/manish/ros2_ws/ros2_ws/src/install/cyclonedds/lib/libddsc.so
-- Set runtime path of "/home/manish/ros2_ws/ros2_ws/src/install/cyclonedds/lib/libddsc.so.0.5.0" to "$ORIGIN/../lib"
-- Installing: /home/manish/ros2_ws/ros2_ws/src/install/cyclonedds/bin/pubsub
-- Set runtime path of "/home/manish/ros2_ws/ros2_ws/src/install/cyclonedds/bin/pubsub" to "$ORIGIN/../lib"
-- Installing: /home/manish/ros2_ws/ros2_ws/src/install/cyclonedds/bin/ddsls
-- Set runtime path of "/home/manish/ros2_ws/ros2_ws/src/install/cyclonedds/bin/ddsls" to "$ORIGIN/../lib"
