[0.040s] Invoking command in '/home/manish/ros2_ws/ros2_ws/src/build/cyclonedds': CMAKE_PREFIX_PATH=${CMAKE_PREFIX_PATH}:/home/manish/ros2_ws/ros2_ws/install/ros2bag:/home/manish/ros2_ws/ros2_ws/install/topic_monitor:/home/manish/ros2_ws/ros2_ws/install/sros2:/home/manish/ros2_ws/ros2_ws/install/rqt_topic:/home/manish/ros2_ws/ros2_ws/install/rqt_action:/home/manish/ros2_ws/ros2_ws/install/rqt:/home/manish/ros2_ws/ros2_ws/install/rqt_graph:/home/manish/ros2_ws/ros2_ws/install/rqt_gui_py:/home/manish/ros2_ws/ros2_ws/install/rqt_gui:/home/manish/ros2_ws/ros2_ws/install/ros2topic:/home/manish/ros2_ws/ros2_ws/install/ros2test:/home/manish/ros2_ws/ros2_ws/install/ros2component:/home/manish/ros2_ws/ros2_ws/install/ros2param:/home/manish/ros2_ws/ros2_ws/install/ros2lifecycle:/home/manish/ros2_ws/ros2_ws/install/ros2service:/home/manish/ros2_ws/ros2_ws/install/ros2srv:/home/manish/ros2_ws/ros2_ws/install/ros2run:/home/manish/ros2_ws/ros2_ws/install/ros2launch:/home/manish/ros2_ws/ros2_ws/install/ros2pkg:/home/manish/ros2_ws/ros2_ws/install/ros2node:/home/manish/ros2_ws/ros2_ws/install/ros2multicast:/home/manish/ros2_ws/ros2_ws/install/ros2msg:/home/manish/ros2_ws/ros2_ws/install/ros2action:/home/manish/ros2_ws/ros2_ws/install/ros2cli:/home/manish/ros2_ws/ros2_ws/install/quality_of_service_demo_py:/home/manish/ros2_ws/ros2_ws/install/launch_testing_ros:/home/manish/ros2_ws/ros2_ws/install/launch_ros:/home/manish/ros2_ws/ros2_ws/install/examples_rclpy_minimal_subscriber:/home/manish/ros2_ws/ros2_ws/install/examples_rclpy_minimal_service:/home/manish/ros2_ws/ros2_ws/install/examples_rclpy_minimal_publisher:/home/manish/ros2_ws/ros2_ws/install/examples_rclpy_minimal_client:/home/manish/ros2_ws/ros2_ws/install/examples_rclpy_minimal_action_server:/home/manish/ros2_ws/ros2_ws/install/examples_rclpy_minimal_action_client:/home/manish/ros2_ws/ros2_ws/install/examples_rclpy_executors:/home/manish/ros2_ws/ros2_ws/install/demo_nodes_py:/home/manish/ros2_ws/ros2_ws/install/ament_uncrustify:/home/manish/ros2_ws/ros2_ws/install/test_launch_ros:/home/manish/ros2_ws/ros2_ws/install/rosidl_runtime_py:/home/manish/ros2_ws/ros2_ws/install/launch_testing:/home/manish/ros2_ws/ros2_ws/install/launch:/home/manish/ros2_ws/ros2_ws/install/osrf_pycommon:/home/manish/ros2_ws/ros2_ws/install/ament_xmllint:/home/manish/ros2_ws/ros2_ws/install/ament_pyflakes:/home/manish/ros2_ws/ros2_ws/install/ament_pep8:/home/manish/ros2_ws/ros2_ws/install/ament_pep257:/home/manish/ros2_ws/ros2_ws/install/ament_pclint:/home/manish/ros2_ws/ros2_ws/install/ament_package:/home/manish/ros2_ws/ros2_ws/install/ament_lint_cmake:/home/manish/ros2_ws/ros2_ws/install/ament_flake8:/home/manish/ros2_ws/ros2_ws/install/ament_copyright:/home/manish/ros2_ws/ros2_ws/install/ament_lint:/home/manish/ros2_ws/ros2_ws/install/ament_index_python:/home/manish/ros2_ws/ros2_ws/install/ament_cpplint:/home/manish/ros2_ws/ros2_ws/install/ament_cppcheck:/home/manish/ros2_ws/ros2_ws/install/ament_clang_tidy:/home/manish/ros2_ws/ros2_ws/install/ament_clang_format /usr/bin/cmake /home/manish/ros2_ws/ros2_ws/src/eclipse-cyclonedds/cyclonedds -DBUILD_IDLC=AUTO -DCMAKE_INSTALL_PREFIX=/home/manish/ros2_ws/ros2_ws/src/install/cyclonedds
[0.263s] -- The C compiler identification is GNU 7.5.0
[0.459s] -- The CXX compiler identification is GNU 7.5.0
[0.464s] -- Check for working C compiler: /usr/bin/cc
[0.691s] -- Check for working C compiler: /usr/bin/cc -- works
[0.691s] -- Detecting C compiler ABI info
[0.813s] -- Detecting C compiler ABI info - done
[0.818s] -- Detecting C compile features
[1.171s] -- Detecting C compile features - done
[1.173s] -- Check for working CXX compiler: /usr/bin/c++
[1.304s] -- Check for working CXX compiler: /usr/bin/c++ -- works
[1.305s] -- Detecting CXX compiler ABI info
[1.439s] -- Detecting CXX compiler ABI info - done
[1.444s] -- Detecting CXX compile features
[2.001s] -- Detecting CXX compile features - done
[2.002s] -- Setting build type to 'RelWithDebInfo' as none was specified.
[2.289s] -- Looking for pthread.h
[2.416s] -- Looking for pthread.h - found
[2.416s] -- Looking for pthread_create
[2.548s] -- Looking for pthread_create - not found
[2.549s] -- Looking for pthread_create in pthreads
[2.668s] -- Looking for pthread_create in pthreads - not found
[2.669s] -- Looking for pthread_create in pthread
[2.803s] -- Looking for pthread_create in pthread - found
[2.804s] -- Found Threads: TRUE  
[2.804s] -- Looking for clock_gettime in c
[2.928s] -- Looking for clock_gettime in c - found
[2.930s] You have called ADD_LIBRARY for library ddsc without any source files. This typically indicates a problem with your CMakeLists.txt file
[3.076s] -- Found OpenSSL: /usr/lib/x86_64-linux-gnu/libcrypto.so (found version "1.1.1") 
[3.078s] -- Building with OpenSSL support
[3.080s] -- Performing Test COMPILER_HAS_HIDDEN_VISIBILITY
[3.220s] -- Performing Test COMPILER_HAS_HIDDEN_VISIBILITY - Success
[3.221s] -- Performing Test COMPILER_HAS_HIDDEN_INLINE_VISIBILITY
[3.356s] -- Performing Test COMPILER_HAS_HIDDEN_INLINE_VISIBILITY - Success
[3.356s] -- Performing Test COMPILER_HAS_DEPRECATED_ATTR
[3.488s] -- Performing Test COMPILER_HAS_DEPRECATED_ATTR - Success
[3.506s] -- Found Perl: /usr/bin/perl (found version "5.26.1") 
[3.692s] -- Found Java: /usr/bin/java (found version "1.8.0.265") found components:  Runtime 
[3.692s] -- Java or not trang not found: not converting/checking RNC to XSD
[3.709s] -- Configuring done
[3.755s] -- Generating done
[3.757s] -- Build files have been written to: /home/manish/ros2_ws/ros2_ws/src/build/cyclonedds
[4.204s] Invoked command in '/home/manish/ros2_ws/ros2_ws/src/build/cyclonedds' returned '0': CMAKE_PREFIX_PATH=${CMAKE_PREFIX_PATH}:/home/manish/ros2_ws/ros2_ws/install/ros2bag:/home/manish/ros2_ws/ros2_ws/install/topic_monitor:/home/manish/ros2_ws/ros2_ws/install/sros2:/home/manish/ros2_ws/ros2_ws/install/rqt_topic:/home/manish/ros2_ws/ros2_ws/install/rqt_action:/home/manish/ros2_ws/ros2_ws/install/rqt:/home/manish/ros2_ws/ros2_ws/install/rqt_graph:/home/manish/ros2_ws/ros2_ws/install/rqt_gui_py:/home/manish/ros2_ws/ros2_ws/install/rqt_gui:/home/manish/ros2_ws/ros2_ws/install/ros2topic:/home/manish/ros2_ws/ros2_ws/install/ros2test:/home/manish/ros2_ws/ros2_ws/install/ros2component:/home/manish/ros2_ws/ros2_ws/install/ros2param:/home/manish/ros2_ws/ros2_ws/install/ros2lifecycle:/home/manish/ros2_ws/ros2_ws/install/ros2service:/home/manish/ros2_ws/ros2_ws/install/ros2srv:/home/manish/ros2_ws/ros2_ws/install/ros2run:/home/manish/ros2_ws/ros2_ws/install/ros2launch:/home/manish/ros2_ws/ros2_ws/install/ros2pkg:/home/manish/ros2_ws/ros2_ws/install/ros2node:/home/manish/ros2_ws/ros2_ws/install/ros2multicast:/home/manish/ros2_ws/ros2_ws/install/ros2msg:/home/manish/ros2_ws/ros2_ws/install/ros2action:/home/manish/ros2_ws/ros2_ws/install/ros2cli:/home/manish/ros2_ws/ros2_ws/install/quality_of_service_demo_py:/home/manish/ros2_ws/ros2_ws/install/launch_testing_ros:/home/manish/ros2_ws/ros2_ws/install/launch_ros:/home/manish/ros2_ws/ros2_ws/install/examples_rclpy_minimal_subscriber:/home/manish/ros2_ws/ros2_ws/install/examples_rclpy_minimal_service:/home/manish/ros2_ws/ros2_ws/install/examples_rclpy_minimal_publisher:/home/manish/ros2_ws/ros2_ws/install/examples_rclpy_minimal_client:/home/manish/ros2_ws/ros2_ws/install/examples_rclpy_minimal_action_server:/home/manish/ros2_ws/ros2_ws/install/examples_rclpy_minimal_action_client:/home/manish/ros2_ws/ros2_ws/install/examples_rclpy_executors:/home/manish/ros2_ws/ros2_ws/install/demo_nodes_py:/home/manish/ros2_ws/ros2_ws/install/ament_uncrustify:/home/manish/ros2_ws/ros2_ws/install/test_launch_ros:/home/manish/ros2_ws/ros2_ws/install/rosidl_runtime_py:/home/manish/ros2_ws/ros2_ws/install/launch_testing:/home/manish/ros2_ws/ros2_ws/install/launch:/home/manish/ros2_ws/ros2_ws/install/osrf_pycommon:/home/manish/ros2_ws/ros2_ws/install/ament_xmllint:/home/manish/ros2_ws/ros2_ws/install/ament_pyflakes:/home/manish/ros2_ws/ros2_ws/install/ament_pep8:/home/manish/ros2_ws/ros2_ws/install/ament_pep257:/home/manish/ros2_ws/ros2_ws/install/ament_pclint:/home/manish/ros2_ws/ros2_ws/install/ament_package:/home/manish/ros2_ws/ros2_ws/install/ament_lint_cmake:/home/manish/ros2_ws/ros2_ws/install/ament_flake8:/home/manish/ros2_ws/ros2_ws/install/ament_copyright:/home/manish/ros2_ws/ros2_ws/install/ament_lint:/home/manish/ros2_ws/ros2_ws/install/ament_index_python:/home/manish/ros2_ws/ros2_ws/install/ament_cpplint:/home/manish/ros2_ws/ros2_ws/install/ament_cppcheck:/home/manish/ros2_ws/ros2_ws/install/ament_clang_tidy:/home/manish/ros2_ws/ros2_ws/install/ament_clang_format /usr/bin/cmake /home/manish/ros2_ws/ros2_ws/src/eclipse-cyclonedds/cyclonedds -DBUILD_IDLC=AUTO -DCMAKE_INSTALL_PREFIX=/home/manish/ros2_ws/ros2_ws/src/install/cyclonedds
[4.205s] Invoking command in '/home/manish/ros2_ws/ros2_ws/src/build/cyclonedds': CMAKE_PREFIX_PATH=${CMAKE_PREFIX_PATH}:/home/manish/ros2_ws/ros2_ws/install/ros2bag:/home/manish/ros2_ws/ros2_ws/install/topic_monitor:/home/manish/ros2_ws/ros2_ws/install/sros2:/home/manish/ros2_ws/ros2_ws/install/rqt_topic:/home/manish/ros2_ws/ros2_ws/install/rqt_action:/home/manish/ros2_ws/ros2_ws/install/rqt:/home/manish/ros2_ws/ros2_ws/install/rqt_graph:/home/manish/ros2_ws/ros2_ws/install/rqt_gui_py:/home/manish/ros2_ws/ros2_ws/install/rqt_gui:/home/manish/ros2_ws/ros2_ws/install/ros2topic:/home/manish/ros2_ws/ros2_ws/install/ros2test:/home/manish/ros2_ws/ros2_ws/install/ros2component:/home/manish/ros2_ws/ros2_ws/install/ros2param:/home/manish/ros2_ws/ros2_ws/install/ros2lifecycle:/home/manish/ros2_ws/ros2_ws/install/ros2service:/home/manish/ros2_ws/ros2_ws/install/ros2srv:/home/manish/ros2_ws/ros2_ws/install/ros2run:/home/manish/ros2_ws/ros2_ws/install/ros2launch:/home/manish/ros2_ws/ros2_ws/install/ros2pkg:/home/manish/ros2_ws/ros2_ws/install/ros2node:/home/manish/ros2_ws/ros2_ws/install/ros2multicast:/home/manish/ros2_ws/ros2_ws/install/ros2msg:/home/manish/ros2_ws/ros2_ws/install/ros2action:/home/manish/ros2_ws/ros2_ws/install/ros2cli:/home/manish/ros2_ws/ros2_ws/install/quality_of_service_demo_py:/home/manish/ros2_ws/ros2_ws/install/launch_testing_ros:/home/manish/ros2_ws/ros2_ws/install/launch_ros:/home/manish/ros2_ws/ros2_ws/install/examples_rclpy_minimal_subscriber:/home/manish/ros2_ws/ros2_ws/install/examples_rclpy_minimal_service:/home/manish/ros2_ws/ros2_ws/install/examples_rclpy_minimal_publisher:/home/manish/ros2_ws/ros2_ws/install/examples_rclpy_minimal_client:/home/manish/ros2_ws/ros2_ws/install/examples_rclpy_minimal_action_server:/home/manish/ros2_ws/ros2_ws/install/examples_rclpy_minimal_action_client:/home/manish/ros2_ws/ros2_ws/install/examples_rclpy_executors:/home/manish/ros2_ws/ros2_ws/install/demo_nodes_py:/home/manish/ros2_ws/ros2_ws/install/ament_uncrustify:/home/manish/ros2_ws/ros2_ws/install/test_launch_ros:/home/manish/ros2_ws/ros2_ws/install/rosidl_runtime_py:/home/manish/ros2_ws/ros2_ws/install/launch_testing:/home/manish/ros2_ws/ros2_ws/install/launch:/home/manish/ros2_ws/ros2_ws/install/osrf_pycommon:/home/manish/ros2_ws/ros2_ws/install/ament_xmllint:/home/manish/ros2_ws/ros2_ws/install/ament_pyflakes:/home/manish/ros2_ws/ros2_ws/install/ament_pep8:/home/manish/ros2_ws/ros2_ws/install/ament_pep257:/home/manish/ros2_ws/ros2_ws/install/ament_pclint:/home/manish/ros2_ws/ros2_ws/install/ament_package:/home/manish/ros2_ws/ros2_ws/install/ament_lint_cmake:/home/manish/ros2_ws/ros2_ws/install/ament_flake8:/home/manish/ros2_ws/ros2_ws/install/ament_copyright:/home/manish/ros2_ws/ros2_ws/install/ament_lint:/home/manish/ros2_ws/ros2_ws/install/ament_index_python:/home/manish/ros2_ws/ros2_ws/install/ament_cpplint:/home/manish/ros2_ws/ros2_ws/install/ament_cppcheck:/home/manish/ros2_ws/ros2_ws/install/ament_clang_tidy:/home/manish/ros2_ws/ros2_ws/install/ament_clang_format /usr/bin/cmake --build /home/manish/ros2_ws/ros2_ws/src/build/cyclonedds -- -j4 -l4
[4.307s] [35m[1mScanning dependencies of target ddsc[0m
[4.315s] [35m[1mScanning dependencies of target options_doc[0m
[4.348s] [  1%] [34m[1mGenerating options.md, cyclonedds.rnc[0m
[4.508s] [  1%] Built target options_doc
[4.600s] [  1%] [32mBuilding C object src/core/CMakeFiles/ddsc.dir/ddsi/src/ddsi_eth.c.o[0m
[4.631s] [  2%] [32mBuilding C object src/core/CMakeFiles/ddsc.dir/ddsi/src/ddsi_tran.c.o[0m
[4.631s] [  3%] [32mBuilding C object src/core/CMakeFiles/ddsc.dir/ddsi/src/ddsi_tcp.c.o[0m
[4.634s] [  4%] [32mBuilding C object src/core/CMakeFiles/ddsc.dir/ddsi/src/ddsi_ssl.c.o[0m
[4.755s] [  4%] [32mBuilding C object src/core/CMakeFiles/ddsc.dir/ddsi/src/ddsi_udp.c.o[0m
[4.959s] [  5%] [32mBuilding C object src/core/CMakeFiles/ddsc.dir/ddsi/src/ddsi_raweth.c.o[0m
[5.032s] [  6%] [32mBuilding C object src/core/CMakeFiles/ddsc.dir/ddsi/src/ddsi_ipaddr.c.o[0m
[5.070s] [  7%] [32mBuilding C object src/core/CMakeFiles/ddsc.dir/ddsi/src/ddsi_mcgroup.c.o[0m
[5.200s] [  8%] [32mBuilding C object src/core/CMakeFiles/ddsc.dir/ddsi/src/ddsi_portmapping.c.o[0m
[5.251s] [  8%] [32mBuilding C object src/core/CMakeFiles/ddsc.dir/ddsi/src/ddsi_serdata.c.o[0m
[5.303s] [  9%] [32mBuilding C object src/core/CMakeFiles/ddsc.dir/ddsi/src/ddsi_serdata_default.c.o[0m
[5.317s] [ 10%] [32mBuilding C object src/core/CMakeFiles/ddsc.dir/ddsi/src/ddsi_sertopic.c.o[0m
[5.347s] [ 11%] [32mBuilding C object src/core/CMakeFiles/ddsc.dir/ddsi/src/ddsi_sertopic_default.c.o[0m
[5.435s] [ 12%] [32mBuilding C object src/core/CMakeFiles/ddsc.dir/ddsi/src/ddsi_iid.c.o[0m
[5.507s] [ 12%] [32mBuilding C object src/core/CMakeFiles/ddsc.dir/ddsi/src/ddsi_tkmap.c.o[0m
[5.583s] [ 13%] [32mBuilding C object src/core/CMakeFiles/ddsc.dir/ddsi/src/ddsi_vendor.c.o[0m
[5.647s] [ 14%] [32mBuilding C object src/core/CMakeFiles/ddsc.dir/ddsi/src/ddsi_threadmon.c.o[0m
[5.664s] [ 15%] [32mBuilding C object src/core/CMakeFiles/ddsc.dir/ddsi/src/ddsi_pmd.c.o[0m
[5.697s] [ 16%] [32mBuilding C object src/core/CMakeFiles/ddsc.dir/ddsi/src/ddsi_rhc.c.o[0m
[5.716s] [ 16%] [32mBuilding C object src/core/CMakeFiles/ddsc.dir/ddsi/src/ddsi_entity_index.c.o[0m
[5.873s] [ 17%] [32mBuilding C object src/core/CMakeFiles/ddsc.dir/ddsi/src/ddsi_deliver_locally.c.o[0m
[5.889s] [ 18%] [32mBuilding C object src/core/CMakeFiles/ddsc.dir/ddsi/src/ddsi_deadline.c.o[0m
[5.997s] [ 19%] [32mBuilding C object src/core/CMakeFiles/ddsc.dir/ddsi/src/ddsi_plist.c.o[0m
[6.023s] [ 20%] [32mBuilding C object src/core/CMakeFiles/ddsc.dir/ddsi/src/ddsi_cdrstream.c.o[0m
[6.045s] [ 20%] [32mBuilding C object src/core/CMakeFiles/ddsc.dir/ddsi/src/q_addrset.c.o[0m
[6.207s] [ 21%] [32mBuilding C object src/core/CMakeFiles/ddsc.dir/ddsi/src/q_bitset_inlines.c.o[0m
[6.394s] [ 22%] [32mBuilding C object src/core/CMakeFiles/ddsc.dir/ddsi/src/q_bswap.c.o[0m
[6.406s] [ 23%] [32mBuilding C object src/core/CMakeFiles/ddsc.dir/ddsi/src/q_config.c.o[0m
[6.573s] [ 24%] [32mBuilding C object src/core/CMakeFiles/ddsc.dir/ddsi/src/q_ddsi_discovery.c.o[0m
[6.976s] [ 24%] [32mBuilding C object src/core/CMakeFiles/ddsc.dir/ddsi/src/q_debmon.c.o[0m
[7.032s] [ 25%] [32mBuilding C object src/core/CMakeFiles/ddsc.dir/ddsi/src/q_entity.c.o[0m
[7.672s] [ 26%] [32mBuilding C object src/core/CMakeFiles/ddsc.dir/ddsi/src/q_gc.c.o[0m
[7.681s] [ 27%] [32mBuilding C object src/core/CMakeFiles/ddsc.dir/ddsi/src/q_init.c.o[0m
[7.797s] [ 27%] [32mBuilding C object src/core/CMakeFiles/ddsc.dir/ddsi/src/q_lat_estim.c.o[0m
[8.188s] [ 28%] [32mBuilding C object src/core/CMakeFiles/ddsc.dir/ddsi/src/q_lease.c.o[0m
[8.228s] [ 29%] [32mBuilding C object src/core/CMakeFiles/ddsc.dir/ddsi/src/q_misc.c.o[0m
[8.545s] [ 30%] [32mBuilding C object src/core/CMakeFiles/ddsc.dir/ddsi/src/q_nwif.c.o[0m
[8.671s] [ 31%] [32mBuilding C object src/core/CMakeFiles/ddsc.dir/ddsi/src/q_pcap.c.o[0m
[9.103s] [ 31%] [32mBuilding C object src/core/CMakeFiles/ddsc.dir/ddsi/src/q_qosmatch.c.o[0m
[9.142s] [ 32%] [32mBuilding C object src/core/CMakeFiles/ddsc.dir/ddsi/src/q_radmin.c.o[0m
[9.223s] [ 33%] [32mBuilding C object src/core/CMakeFiles/ddsc.dir/ddsi/src/q_receive.c.o[0m
[9.486s] [ 34%] [32mBuilding C object src/core/CMakeFiles/ddsc.dir/ddsi/src/q_sockwaitset.c.o[0m
[10.003s] [ 35%] [32mBuilding C object src/core/CMakeFiles/ddsc.dir/ddsi/src/q_thread.c.o[0m
[10.122s] [ 35%] [32mBuilding C object src/core/CMakeFiles/ddsc.dir/ddsi/src/q_time.c.o[0m
[10.397s] [ 36%] [32mBuilding C object src/core/CMakeFiles/ddsc.dir/ddsi/src/q_transmit.c.o[0m
[10.431s] [ 37%] [32mBuilding C object src/core/CMakeFiles/ddsc.dir/ddsi/src/q_whc.c.o[0m
[10.462s] [ 38%] [32mBuilding C object src/core/CMakeFiles/ddsc.dir/ddsi/src/q_inverse_uint32_set.c.o[0m
[10.718s] [ 39%] [32mBuilding C object src/core/CMakeFiles/ddsc.dir/ddsi/src/q_xevent.c.o[0m
[10.839s] [ 39%] [32mBuilding C object src/core/CMakeFiles/ddsc.dir/ddsi/src/q_xmsg.c.o[0m
[11.394s] [ 40%] [32mBuilding C object src/core/CMakeFiles/ddsc.dir/ddsi/src/q_freelist.c.o[0m
[11.510s] [ 41%] [32mBuilding C object src/core/CMakeFiles/ddsc.dir/ddsi/src/sysdeps.c.o[0m
[11.711s] [ 42%] [32mBuilding C object src/core/CMakeFiles/ddsc.dir/ddsi/src/ddsi_lifespan.c.o[0m
[11.817s] [ 43%] [32mBuilding C object src/core/CMakeFiles/ddsc.dir/ddsc/src/dds_alloc.c.o[0m
[11.834s] [ 43%] [32mBuilding C object src/core/CMakeFiles/ddsc.dir/ddsc/src/dds_builtin.c.o[0m
[11.843s] [ 44%] [32mBuilding C object src/core/CMakeFiles/ddsc.dir/ddsc/src/dds_coherent.c.o[0m
[11.995s] [ 45%] [32mBuilding C object src/core/CMakeFiles/ddsc.dir/ddsc/src/dds_participant.c.o[0m
[12.173s] [ 46%] [32mBuilding C object src/core/CMakeFiles/ddsc.dir/ddsc/src/dds_writer.c.o[0m
[12.195s] [ 47%] [32mBuilding C object src/core/CMakeFiles/ddsc.dir/ddsc/src/dds_reader.c.o[0m
[12.212s] [ 47%] [32mBuilding C object src/core/CMakeFiles/ddsc.dir/ddsc/src/dds_init.c.o[0m
[12.390s] [ 48%] [32mBuilding C object src/core/CMakeFiles/ddsc.dir/ddsc/src/dds_publisher.c.o[0m
[12.678s] [ 49%] [32mBuilding C object src/core/CMakeFiles/ddsc.dir/ddsc/src/dds_rhc.c.o[0m
[12.759s] [ 49%] [32mBuilding C object src/core/CMakeFiles/ddsc.dir/ddsc/src/dds_instance.c.o[0m
[12.774s] [ 50%] [32mBuilding C object src/core/CMakeFiles/ddsc.dir/ddsc/src/dds_domain.c.o[0m
[12.793s] [ 51%] [32mBuilding C object src/core/CMakeFiles/ddsc.dir/ddsc/src/dds_rhc_default.c.o[0m
[12.981s] [ 52%] [32mBuilding C object src/core/CMakeFiles/ddsc.dir/ddsc/src/dds_qos.c.o[0m
[13.273s] [ 53%] [32mBuilding C object src/core/CMakeFiles/ddsc.dir/ddsc/src/dds_handles.c.o[0m
[13.330s] [ 54%] [32mBuilding C object src/core/CMakeFiles/ddsc.dir/ddsc/src/dds_entity.c.o[0m
[13.686s] [ 54%] [32mBuilding C object src/core/CMakeFiles/ddsc.dir/ddsc/src/dds_matched.c.o[0m
[13.798s] [ 55%] [32mBuilding C object src/core/CMakeFiles/ddsc.dir/ddsc/src/dds_querycond.c.o[0m
[14.148s] [ 56%] [32mBuilding C object src/core/CMakeFiles/ddsc.dir/ddsc/src/dds_listener.c.o[0m
[14.169s] [ 57%] [32mBuilding C object src/core/CMakeFiles/ddsc.dir/ddsc/src/dds_topic.c.o[0m
[14.370s] [ 58%] [32mBuilding C object src/core/CMakeFiles/ddsc.dir/ddsc/src/dds_read.c.o[0m
[14.619s] [ 58%] [32mBuilding C object src/core/CMakeFiles/ddsc.dir/ddsc/src/dds_waitset.c.o[0m
[14.704s] [ 59%] [32mBuilding C object src/core/CMakeFiles/ddsc.dir/ddsc/src/dds_readcond.c.o[0m
[14.788s] [ 60%] [32mBuilding C object src/core/CMakeFiles/ddsc.dir/ddsc/src/dds_guardcond.c.o[0m
[15.045s] [ 61%] [32mBuilding C object src/core/CMakeFiles/ddsc.dir/ddsc/src/dds_subscriber.c.o[0m
[15.086s] [ 62%] [32mBuilding C object src/core/CMakeFiles/ddsc.dir/ddsc/src/dds_write.c.o[0m
[15.151s] [ 62%] [32mBuilding C object src/core/CMakeFiles/ddsc.dir/ddsc/src/dds_whc.c.o[0m
[15.152s] [ 63%] [32mBuilding C object src/core/CMakeFiles/ddsc.dir/ddsc/src/dds_whc_builtintopic.c.o[0m
[15.461s] [ 64%] [32mBuilding C object src/core/CMakeFiles/ddsc.dir/ddsc/src/dds_serdata_builtintopic.c.o[0m
[15.545s] [ 65%] [32mBuilding C object src/core/CMakeFiles/ddsc.dir/ddsc/src/dds_sertopic_builtintopic.c.o[0m
[15.601s] [ 66%] [32mBuilding C object src/core/CMakeFiles/ddsc.dir/__/ddsrt/src/bswap.c.o[0m
[15.842s] [ 66%] [32mBuilding C object src/core/CMakeFiles/ddsc.dir/__/ddsrt/src/io.c.o[0m
[15.937s] [ 67%] [32mBuilding C object src/core/CMakeFiles/ddsc.dir/__/ddsrt/src/log.c.o[0m
[15.997s] [ 68%] [32mBuilding C object src/core/CMakeFiles/ddsc.dir/__/ddsrt/src/retcode.c.o[0m
[16.070s] [ 69%] [32mBuilding C object src/core/CMakeFiles/ddsc.dir/__/ddsrt/src/strtod.c.o[0m
[16.213s] [ 70%] [32mBuilding C object src/core/CMakeFiles/ddsc.dir/__/ddsrt/src/strtol.c.o[0m
[16.226s] [ 70%] [32mBuilding C object src/core/CMakeFiles/ddsc.dir/__/ddsrt/src/mh3.c.o[0m
[16.361s] [ 71%] [32mBuilding C object src/core/CMakeFiles/ddsc.dir/__/ddsrt/src/avl.c.o[0m
[16.472s] [ 72%] [32mBuilding C object src/core/CMakeFiles/ddsc.dir/__/ddsrt/src/expand_envvars.c.o[0m
[16.482s] [ 73%] [32mBuilding C object src/core/CMakeFiles/ddsc.dir/__/ddsrt/src/fibheap.c.o[0m
[16.549s] [ 74%] [32mBuilding C object src/core/CMakeFiles/ddsc.dir/__/ddsrt/src/hopscotch.c.o[0m
[16.889s] [ 74%] [32mBuilding C object src/core/CMakeFiles/ddsc.dir/__/ddsrt/src/thread_pool.c.o[0m
[16.907s] [ 75%] [32mBuilding C object src/core/CMakeFiles/ddsc.dir/__/ddsrt/src/xmlparser.c.o[0m
[17.218s] [ 76%] [32mBuilding C object src/core/CMakeFiles/ddsc.dir/__/ddsrt/src/circlist.c.o[0m
[17.252s] [ 77%] [32mBuilding C object src/core/CMakeFiles/ddsc.dir/__/ddsrt/src/cdtors.c.o[0m
[17.255s] [ 77%] [32mBuilding C object src/core/CMakeFiles/ddsc.dir/__/ddsrt/src/atomics.c.o[0m
[17.428s] [ 78%] [32mBuilding C object src/core/CMakeFiles/ddsc.dir/__/ddsrt/src/environ/posix/environ.c.o[0m
[17.547s] [ 79%] [32mBuilding C object src/core/CMakeFiles/ddsc.dir/__/ddsrt/src/heap/posix/heap.c.o[0m
[17.607s] [ 80%] [32mBuilding C object src/core/CMakeFiles/ddsc.dir/__/ddsrt/src/ifaddrs.c.o[0m
[17.684s] [ 81%] [32mBuilding C object src/core/CMakeFiles/ddsc.dir/__/ddsrt/src/ifaddrs/posix/ifaddrs.c.o[0m
[17.735s] [ 81%] [32mBuilding C object src/core/CMakeFiles/ddsc.dir/__/ddsrt/src/random.c.o[0m
[17.834s] [ 82%] [32mBuilding C object src/core/CMakeFiles/ddsc.dir/__/ddsrt/src/random/posix/random.c.o[0m
[17.948s] [ 83%] [32mBuilding C object src/core/CMakeFiles/ddsc.dir/__/ddsrt/src/rusage/posix/rusage.c.o[0m
[18.007s] [ 84%] [32mBuilding C object src/core/CMakeFiles/ddsc.dir/__/ddsrt/src/sockets.c.o[0m
[18.027s] [ 85%] [32mBuilding C object src/core/CMakeFiles/ddsc.dir/__/ddsrt/src/sockets/posix/gethostname.c.o[0m
[18.171s] [ 85%] [32mBuilding C object src/core/CMakeFiles/ddsc.dir/__/ddsrt/src/sockets/posix/socket.c.o[0m
[18.339s] [ 86%] [32mBuilding C object src/core/CMakeFiles/ddsc.dir/__/ddsrt/src/string.c.o[0m
[18.398s] [ 87%] [32mBuilding C object src/core/CMakeFiles/ddsc.dir/__/ddsrt/src/string/posix/strerror.c.o[0m
[18.594s] [ 88%] [32mBuilding C object src/core/CMakeFiles/ddsc.dir/__/ddsrt/src/sync/posix/sync.c.o[0m
[18.788s] [ 89%] [32mBuilding C object src/core/CMakeFiles/ddsc.dir/__/ddsrt/src/threads.c.o[0m
[18.807s] [ 89%] [32mBuilding C object src/core/CMakeFiles/ddsc.dir/__/ddsrt/src/threads/posix/threads.c.o[0m
[18.990s] [ 90%] [32mBuilding C object src/core/CMakeFiles/ddsc.dir/__/ddsrt/src/time.c.o[0m
[19.071s] [ 91%] [32mBuilding C object src/core/CMakeFiles/ddsc.dir/__/ddsrt/src/time/posix/time.c.o[0m
[19.073s] [ 92%] [32mBuilding C object src/core/CMakeFiles/ddsc.dir/__/ddsrt/src/md5.c.o[0m
[19.360s] [ 93%] [32mBuilding C object src/core/CMakeFiles/ddsc.dir/__/ddsrt/src/process/posix/process.c.o[0m
[19.367s] [ 93%] [32mBuilding C object src/core/CMakeFiles/ddsc.dir/__/ddsrt/src/netstat/linux/netstat.c.o[0m
[19.997s] [ 94%] [32m[1mLinking C shared library ../../lib/libddsc.so[0m
[20.632s] [ 94%] Built target ddsc
[20.748s] [35m[1mScanning dependencies of target ddsls[0m
[20.748s] [35m[1mScanning dependencies of target pubsub[0m
[20.901s] [ 95%] [32mBuilding C object src/tools/ddsls/CMakeFiles/ddsls.dir/ddsls.c.o[0m
[20.906s] [ 96%] [32mBuilding C object src/tools/pubsub/CMakeFiles/pubsub.dir/testtype.c.o[0m
[20.930s] [ 97%] [32mBuilding C object src/tools/pubsub/CMakeFiles/pubsub.dir/pubsub.c.o[0m
[20.939s] [ 97%] [32mBuilding C object src/tools/pubsub/CMakeFiles/pubsub.dir/common.c.o[0m
[21.179s] [ 98%] [32mBuilding C object src/tools/pubsub/CMakeFiles/pubsub.dir/porting.c.o[0m
[21.384s] [ 99%] [32m[1mLinking C executable ../../../bin/ddsls[0m
[21.734s] [ 99%] Built target ddsls
[22.384s] [100%] [32m[1mLinking C executable ../../../bin/pubsub[0m
[22.696s] [100%] Built target pubsub
[22.764s] Invoked command in '/home/manish/ros2_ws/ros2_ws/src/build/cyclonedds' returned '0': CMAKE_PREFIX_PATH=${CMAKE_PREFIX_PATH}:/home/manish/ros2_ws/ros2_ws/install/ros2bag:/home/manish/ros2_ws/ros2_ws/install/topic_monitor:/home/manish/ros2_ws/ros2_ws/install/sros2:/home/manish/ros2_ws/ros2_ws/install/rqt_topic:/home/manish/ros2_ws/ros2_ws/install/rqt_action:/home/manish/ros2_ws/ros2_ws/install/rqt:/home/manish/ros2_ws/ros2_ws/install/rqt_graph:/home/manish/ros2_ws/ros2_ws/install/rqt_gui_py:/home/manish/ros2_ws/ros2_ws/install/rqt_gui:/home/manish/ros2_ws/ros2_ws/install/ros2topic:/home/manish/ros2_ws/ros2_ws/install/ros2test:/home/manish/ros2_ws/ros2_ws/install/ros2component:/home/manish/ros2_ws/ros2_ws/install/ros2param:/home/manish/ros2_ws/ros2_ws/install/ros2lifecycle:/home/manish/ros2_ws/ros2_ws/install/ros2service:/home/manish/ros2_ws/ros2_ws/install/ros2srv:/home/manish/ros2_ws/ros2_ws/install/ros2run:/home/manish/ros2_ws/ros2_ws/install/ros2launch:/home/manish/ros2_ws/ros2_ws/install/ros2pkg:/home/manish/ros2_ws/ros2_ws/install/ros2node:/home/manish/ros2_ws/ros2_ws/install/ros2multicast:/home/manish/ros2_ws/ros2_ws/install/ros2msg:/home/manish/ros2_ws/ros2_ws/install/ros2action:/home/manish/ros2_ws/ros2_ws/install/ros2cli:/home/manish/ros2_ws/ros2_ws/install/quality_of_service_demo_py:/home/manish/ros2_ws/ros2_ws/install/launch_testing_ros:/home/manish/ros2_ws/ros2_ws/install/launch_ros:/home/manish/ros2_ws/ros2_ws/install/examples_rclpy_minimal_subscriber:/home/manish/ros2_ws/ros2_ws/install/examples_rclpy_minimal_service:/home/manish/ros2_ws/ros2_ws/install/examples_rclpy_minimal_publisher:/home/manish/ros2_ws/ros2_ws/install/examples_rclpy_minimal_client:/home/manish/ros2_ws/ros2_ws/install/examples_rclpy_minimal_action_server:/home/manish/ros2_ws/ros2_ws/install/examples_rclpy_minimal_action_client:/home/manish/ros2_ws/ros2_ws/install/examples_rclpy_executors:/home/manish/ros2_ws/ros2_ws/install/demo_nodes_py:/home/manish/ros2_ws/ros2_ws/install/ament_uncrustify:/home/manish/ros2_ws/ros2_ws/install/test_launch_ros:/home/manish/ros2_ws/ros2_ws/install/rosidl_runtime_py:/home/manish/ros2_ws/ros2_ws/install/launch_testing:/home/manish/ros2_ws/ros2_ws/install/launch:/home/manish/ros2_ws/ros2_ws/install/osrf_pycommon:/home/manish/ros2_ws/ros2_ws/install/ament_xmllint:/home/manish/ros2_ws/ros2_ws/install/ament_pyflakes:/home/manish/ros2_ws/ros2_ws/install/ament_pep8:/home/manish/ros2_ws/ros2_ws/install/ament_pep257:/home/manish/ros2_ws/ros2_ws/install/ament_pclint:/home/manish/ros2_ws/ros2_ws/install/ament_package:/home/manish/ros2_ws/ros2_ws/install/ament_lint_cmake:/home/manish/ros2_ws/ros2_ws/install/ament_flake8:/home/manish/ros2_ws/ros2_ws/install/ament_copyright:/home/manish/ros2_ws/ros2_ws/install/ament_lint:/home/manish/ros2_ws/ros2_ws/install/ament_index_python:/home/manish/ros2_ws/ros2_ws/install/ament_cpplint:/home/manish/ros2_ws/ros2_ws/install/ament_cppcheck:/home/manish/ros2_ws/ros2_ws/install/ament_clang_tidy:/home/manish/ros2_ws/ros2_ws/install/ament_clang_format /usr/bin/cmake --build /home/manish/ros2_ws/ros2_ws/src/build/cyclonedds -- -j4 -l4
[23.082s] Invoking command in '/home/manish/ros2_ws/ros2_ws/src/build/cyclonedds': CMAKE_PREFIX_PATH=${CMAKE_PREFIX_PATH}:/home/manish/ros2_ws/ros2_ws/install/ros2bag:/home/manish/ros2_ws/ros2_ws/install/topic_monitor:/home/manish/ros2_ws/ros2_ws/install/sros2:/home/manish/ros2_ws/ros2_ws/install/rqt_topic:/home/manish/ros2_ws/ros2_ws/install/rqt_action:/home/manish/ros2_ws/ros2_ws/install/rqt:/home/manish/ros2_ws/ros2_ws/install/rqt_graph:/home/manish/ros2_ws/ros2_ws/install/rqt_gui_py:/home/manish/ros2_ws/ros2_ws/install/rqt_gui:/home/manish/ros2_ws/ros2_ws/install/ros2topic:/home/manish/ros2_ws/ros2_ws/install/ros2test:/home/manish/ros2_ws/ros2_ws/install/ros2component:/home/manish/ros2_ws/ros2_ws/install/ros2param:/home/manish/ros2_ws/ros2_ws/install/ros2lifecycle:/home/manish/ros2_ws/ros2_ws/install/ros2service:/home/manish/ros2_ws/ros2_ws/install/ros2srv:/home/manish/ros2_ws/ros2_ws/install/ros2run:/home/manish/ros2_ws/ros2_ws/install/ros2launch:/home/manish/ros2_ws/ros2_ws/install/ros2pkg:/home/manish/ros2_ws/ros2_ws/install/ros2node:/home/manish/ros2_ws/ros2_ws/install/ros2multicast:/home/manish/ros2_ws/ros2_ws/install/ros2msg:/home/manish/ros2_ws/ros2_ws/install/ros2action:/home/manish/ros2_ws/ros2_ws/install/ros2cli:/home/manish/ros2_ws/ros2_ws/install/quality_of_service_demo_py:/home/manish/ros2_ws/ros2_ws/install/launch_testing_ros:/home/manish/ros2_ws/ros2_ws/install/launch_ros:/home/manish/ros2_ws/ros2_ws/install/examples_rclpy_minimal_subscriber:/home/manish/ros2_ws/ros2_ws/install/examples_rclpy_minimal_service:/home/manish/ros2_ws/ros2_ws/install/examples_rclpy_minimal_publisher:/home/manish/ros2_ws/ros2_ws/install/examples_rclpy_minimal_client:/home/manish/ros2_ws/ros2_ws/install/examples_rclpy_minimal_action_server:/home/manish/ros2_ws/ros2_ws/install/examples_rclpy_minimal_action_client:/home/manish/ros2_ws/ros2_ws/install/examples_rclpy_executors:/home/manish/ros2_ws/ros2_ws/install/demo_nodes_py:/home/manish/ros2_ws/ros2_ws/install/ament_uncrustify:/home/manish/ros2_ws/ros2_ws/install/test_launch_ros:/home/manish/ros2_ws/ros2_ws/install/rosidl_runtime_py:/home/manish/ros2_ws/ros2_ws/install/launch_testing:/home/manish/ros2_ws/ros2_ws/install/launch:/home/manish/ros2_ws/ros2_ws/install/osrf_pycommon:/home/manish/ros2_ws/ros2_ws/install/ament_xmllint:/home/manish/ros2_ws/ros2_ws/install/ament_pyflakes:/home/manish/ros2_ws/ros2_ws/install/ament_pep8:/home/manish/ros2_ws/ros2_ws/install/ament_pep257:/home/manish/ros2_ws/ros2_ws/install/ament_pclint:/home/manish/ros2_ws/ros2_ws/install/ament_package:/home/manish/ros2_ws/ros2_ws/install/ament_lint_cmake:/home/manish/ros2_ws/ros2_ws/install/ament_flake8:/home/manish/ros2_ws/ros2_ws/install/ament_copyright:/home/manish/ros2_ws/ros2_ws/install/ament_lint:/home/manish/ros2_ws/ros2_ws/install/ament_index_python:/home/manish/ros2_ws/ros2_ws/install/ament_cpplint:/home/manish/ros2_ws/ros2_ws/install/ament_cppcheck:/home/manish/ros2_ws/ros2_ws/install/ament_clang_tidy:/home/manish/ros2_ws/ros2_ws/install/ament_clang_format /usr/bin/cmake --build /home/manish/ros2_ws/ros2_ws/src/build/cyclonedds --target install -- -j4 -l4
[23.516s] [  1%] Built target options_doc
[23.639s] [ 94%] Built target ddsc
[23.860s] [ 98%] Built target pubsub
[23.867s] [100%] Built target ddsls
[24.039s] [36mInstall the project...[0m
[24.076s] -- Install configuration: "RelWithDebInfo"
[24.076s] -- Installing: /home/manish/ros2_ws/ros2_ws/src/install/cyclonedds/lib/cmake/CycloneDDS/CycloneDDSConfig.cmake
[24.076s] -- Installing: /home/manish/ros2_ws/ros2_ws/src/install/cyclonedds/lib/cmake/CycloneDDS/CycloneDDSVersion.cmake
[24.076s] -- Installing: /home/manish/ros2_ws/ros2_ws/src/install/cyclonedds/lib/cmake/CycloneDDS/CycloneDDSTargets.cmake
[24.077s] -- Installing: /home/manish/ros2_ws/ros2_ws/src/install/cyclonedds/lib/cmake/CycloneDDS/CycloneDDSTargets-relwithdebinfo.cmake
[24.077s] -- Installing: /home/manish/ros2_ws/ros2_ws/src/install/cyclonedds/include
[24.077s] -- Installing: /home/manish/ros2_ws/ros2_ws/src/install/cyclonedds/include/dds
[24.077s] -- Installing: /home/manish/ros2_ws/ros2_ws/src/install/cyclonedds/include/dds/ddsrt
[24.077s] -- Installing: /home/manish/ros2_ws/ros2_ws/src/install/cyclonedds/include/dds/ddsrt/atomics.h
[24.077s] -- Installing: /home/manish/ros2_ws/ros2_ws/src/install/cyclonedds/include/dds/ddsrt/mh3.h
[24.078s] -- Installing: /home/manish/ros2_ws/ros2_ws/src/install/cyclonedds/include/dds/ddsrt/sockets.h
[24.078s] -- Installing: /home/manish/ros2_ws/ros2_ws/src/install/cyclonedds/include/dds/ddsrt/attributes.h
[24.078s] -- Installing: /home/manish/ros2_ws/ros2_ws/src/install/cyclonedds/include/dds/ddsrt/hopscotch.h
[24.078s] -- Installing: /home/manish/ros2_ws/ros2_ws/src/install/cyclonedds/include/dds/ddsrt/strtol.h
[24.078s] -- Installing: /home/manish/ros2_ws/ros2_ws/src/install/cyclonedds/include/dds/ddsrt/time.h
[24.078s] -- Installing: /home/manish/ros2_ws/ros2_ws/src/install/cyclonedds/include/dds/ddsrt/heap.h
[24.078s] -- Installing: /home/manish/ros2_ws/ros2_ws/src/install/cyclonedds/include/dds/ddsrt/misc.h
[24.078s] -- Installing: /home/manish/ros2_ws/ros2_ws/src/install/cyclonedds/include/dds/ddsrt/fibheap.h
[24.083s] -- Installing: /home/manish/ros2_ws/ros2_ws/src/install/cyclonedds/include/dds/ddsrt/xmlparser.h
[24.083s] -- Installing: /home/manish/ros2_ws/ros2_ws/src/install/cyclonedds/include/dds/ddsrt/endian.h
[24.083s] -- Installing: /home/manish/ros2_ws/ros2_ws/src/install/cyclonedds/include/dds/ddsrt/countargs.h
[24.083s] -- Installing: /home/manish/ros2_ws/ros2_ws/src/install/cyclonedds/include/dds/ddsrt/netstat.h
[24.083s] -- Installing: /home/manish/ros2_ws/ros2_ws/src/install/cyclonedds/include/dds/ddsrt/string.h
[24.083s] -- Installing: /home/manish/ros2_ws/ros2_ws/src/install/cyclonedds/include/dds/ddsrt/md5.h
[24.083s] -- Installing: /home/manish/ros2_ws/ros2_ws/src/install/cyclonedds/include/dds/ddsrt/types.h
[24.083s] -- Installing: /home/manish/ros2_ws/ros2_ws/src/install/cyclonedds/include/dds/ddsrt/strtod.h
[24.084s] -- Installing: /home/manish/ros2_ws/ros2_ws/src/install/cyclonedds/include/dds/ddsrt/cdtors.h
[24.084s] -- Installing: /home/manish/ros2_ws/ros2_ws/src/install/cyclonedds/include/dds/ddsrt/threads
[24.084s] -- Installing: /home/manish/ros2_ws/ros2_ws/src/install/cyclonedds/include/dds/ddsrt/threads/windows.h
[24.084s] -- Installing: /home/manish/ros2_ws/ros2_ws/src/install/cyclonedds/include/dds/ddsrt/threads/freertos.h
[24.084s] -- Installing: /home/manish/ros2_ws/ros2_ws/src/install/cyclonedds/include/dds/ddsrt/threads/posix.h
[24.084s] -- Installing: /home/manish/ros2_ws/ros2_ws/src/install/cyclonedds/include/dds/ddsrt/static_assert.h
[24.084s] -- Installing: /home/manish/ros2_ws/ros2_ws/src/install/cyclonedds/include/dds/ddsrt/sync.h
[24.084s] -- Installing: /home/manish/ros2_ws/ros2_ws/src/install/cyclonedds/include/dds/ddsrt/threads.h
[24.084s] -- Installing: /home/manish/ros2_ws/ros2_ws/src/install/cyclonedds/include/dds/ddsrt/time
[24.085s] -- Installing: /home/manish/ros2_ws/ros2_ws/src/install/cyclonedds/include/dds/ddsrt/time/freertos.h
[24.085s] -- Installing: /home/manish/ros2_ws/ros2_ws/src/install/cyclonedds/include/dds/ddsrt/bswap.h
[24.085s] -- Installing: /home/manish/ros2_ws/ros2_ws/src/install/cyclonedds/include/dds/ddsrt/retcode.h
[24.085s] -- Installing: /home/manish/ros2_ws/ros2_ws/src/install/cyclonedds/include/dds/ddsrt/random.h
[24.085s] -- Installing: /home/manish/ros2_ws/ros2_ws/src/install/cyclonedds/include/dds/ddsrt/circlist.h
[24.085s] -- Installing: /home/manish/ros2_ws/ros2_ws/src/install/cyclonedds/include/dds/ddsrt/types
[24.085s] -- Installing: /home/manish/ros2_ws/ros2_ws/src/install/cyclonedds/include/dds/ddsrt/types/windows.h
[24.085s] -- Installing: /home/manish/ros2_ws/ros2_ws/src/install/cyclonedds/include/dds/ddsrt/types/vxworks.h
[24.085s] -- Installing: /home/manish/ros2_ws/ros2_ws/src/install/cyclonedds/include/dds/ddsrt/types/posix.h
[24.085s] -- Installing: /home/manish/ros2_ws/ros2_ws/src/install/cyclonedds/include/dds/ddsrt/atomics
[24.085s] -- Installing: /home/manish/ros2_ws/ros2_ws/src/install/cyclonedds/include/dds/ddsrt/atomics/arm.h
[24.085s] -- Installing: /home/manish/ros2_ws/ros2_ws/src/install/cyclonedds/include/dds/ddsrt/atomics/gcc.h
[24.086s] -- Installing: /home/manish/ros2_ws/ros2_ws/src/install/cyclonedds/include/dds/ddsrt/atomics/sun.h
[24.086s] -- Installing: /home/manish/ros2_ws/ros2_ws/src/install/cyclonedds/include/dds/ddsrt/atomics/msvc.h
[24.086s] -- Installing: /home/manish/ros2_ws/ros2_ws/src/install/cyclonedds/include/dds/ddsrt/process.h
[24.086s] -- Installing: /home/manish/ros2_ws/ros2_ws/src/install/cyclonedds/include/dds/ddsrt/environ.h
[24.086s] -- Installing: /home/manish/ros2_ws/ros2_ws/src/install/cyclonedds/include/dds/ddsrt/avl.h
[24.086s] -- Installing: /home/manish/ros2_ws/ros2_ws/src/install/cyclonedds/include/dds/ddsrt/thread_pool.h
[24.086s] -- Installing: /home/manish/ros2_ws/ros2_ws/src/install/cyclonedds/include/dds/ddsrt/sync
[24.086s] -- Installing: /home/manish/ros2_ws/ros2_ws/src/install/cyclonedds/include/dds/ddsrt/sync/windows.h
[24.086s] -- Installing: /home/manish/ros2_ws/ros2_ws/src/install/cyclonedds/include/dds/ddsrt/sync/freertos.h
[24.086s] -- Installing: /home/manish/ros2_ws/ros2_ws/src/install/cyclonedds/include/dds/ddsrt/sync/solaris2.6.h
[24.086s] -- Installing: /home/manish/ros2_ws/ros2_ws/src/install/cyclonedds/include/dds/ddsrt/sync/posix.h
[24.086s] -- Installing: /home/manish/ros2_ws/ros2_ws/src/install/cyclonedds/include/dds/ddsrt/ifaddrs.h
[24.087s] -- Installing: /home/manish/ros2_ws/ros2_ws/src/install/cyclonedds/include/dds/ddsrt/sockets
[24.087s] -- Installing: /home/manish/ros2_ws/ros2_ws/src/install/cyclonedds/include/dds/ddsrt/sockets/windows.h
[24.087s] -- Installing: /home/manish/ros2_ws/ros2_ws/src/install/cyclonedds/include/dds/ddsrt/sockets/posix.h
[24.087s] -- Installing: /home/manish/ros2_ws/ros2_ws/src/install/cyclonedds/include/dds/ddsrt/arch.h
[24.087s] -- Installing: /home/manish/ros2_ws/ros2_ws/src/install/cyclonedds/include/dds/ddsrt/log.h
[24.087s] -- Installing: /home/manish/ros2_ws/ros2_ws/src/install/cyclonedds/include/dds/ddsrt/rusage.h
[24.087s] -- Installing: /home/manish/ros2_ws/ros2_ws/src/install/cyclonedds/include/dds/ddsrt/io.h
[24.087s] -- Up-to-date: /home/manish/ros2_ws/ros2_ws/src/install/cyclonedds/include
[24.087s] -- Up-to-date: /home/manish/ros2_ws/ros2_ws/src/install/cyclonedds/include/dds
[24.087s] -- Installing: /home/manish/ros2_ws/ros2_ws/src/install/cyclonedds/include/dds/version.h
[24.087s] -- Up-to-date: /home/manish/ros2_ws/ros2_ws/src/install/cyclonedds/include
[24.088s] -- Up-to-date: /home/manish/ros2_ws/ros2_ws/src/install/cyclonedds/include/dds
[24.088s] -- Installing: /home/manish/ros2_ws/ros2_ws/src/install/cyclonedds/include/dds/ddsi
[24.088s] -- Installing: /home/manish/ros2_ws/ros2_ws/src/install/cyclonedds/include/dds/ddsi/q_ddsi_discovery.h
[24.089s] -- Installing: /home/manish/ros2_ws/ros2_ws/src/install/cyclonedds/include/dds/ddsi/q_log.h
[24.089s] -- Installing: /home/manish/ros2_ws/ros2_ws/src/install/cyclonedds/include/dds/ddsi/ddsi_tkmap.h
[24.090s] -- Installing: /home/manish/ros2_ws/ros2_ws/src/install/cyclonedds/include/dds/ddsi/q_sockwaitset.h
[24.090s] -- Installing: /home/manish/ros2_ws/ros2_ws/src/install/cyclonedds/include/dds/ddsi/ddsi_rhc.h
[24.090s] -- Installing: /home/manish/ros2_ws/ros2_ws/src/install/cyclonedds/include/dds/ddsi/q_entity.h
[24.090s] -- Installing: /home/manish/ros2_ws/ros2_ws/src/install/cyclonedds/include/dds/ddsi/q_transmit.h
[24.092s] -- Installing: /home/manish/ros2_ws/ros2_ws/src/install/cyclonedds/include/dds/ddsi/ddsi_raweth.h
[24.094s] -- Installing: /home/manish/ros2_ws/ros2_ws/src/install/cyclonedds/include/dds/ddsi/q_freelist.h
[24.094s] -- Installing: /home/manish/ros2_ws/ros2_ws/src/install/cyclonedds/include/dds/ddsi/ddsi_vendor.h
[24.094s] -- Installing: /home/manish/ros2_ws/ros2_ws/src/install/cyclonedds/include/dds/ddsi/q_xevent.h
[24.095s] -- Installing: /home/manish/ros2_ws/ros2_ws/src/install/cyclonedds/include/dds/ddsi/q_hbcontrol.h
[24.095s] -- Installing: /home/manish/ros2_ws/ros2_ws/src/install/cyclonedds/include/dds/ddsi/q_qosmatch.h
[24.095s] -- Installing: /home/manish/ros2_ws/ros2_ws/src/install/cyclonedds/include/dds/ddsi/q_protocol.h
[24.095s] -- Installing: /home/manish/ros2_ws/ros2_ws/src/install/cyclonedds/include/dds/ddsi/q_inverse_uint32_set.h
[24.095s] -- Installing: /home/manish/ros2_ws/ros2_ws/src/install/cyclonedds/include/dds/ddsi/q_thread.h
[24.095s] -- Installing: /home/manish/ros2_ws/ros2_ws/src/install/cyclonedds/include/dds/ddsi/q_config.h
[24.095s] -- Installing: /home/manish/ros2_ws/ros2_ws/src/install/cyclonedds/include/dds/ddsi/ddsi_portmapping.h
[24.095s] -- Installing: /home/manish/ros2_ws/ros2_ws/src/install/cyclonedds/include/dds/ddsi/ddsi_threadmon.h
[24.095s] -- Installing: /home/manish/ros2_ws/ros2_ws/src/install/cyclonedds/include/dds/ddsi/ddsi_ssl.h
[24.096s] -- Installing: /home/manish/ros2_ws/ros2_ws/src/install/cyclonedds/include/dds/ddsi/ddsi_deliver_locally.h
[24.096s] -- Installing: /home/manish/ros2_ws/ros2_ws/src/install/cyclonedds/include/dds/ddsi/ddsi_serdata.h
[24.097s] -- Installing: /home/manish/ros2_ws/ros2_ws/src/install/cyclonedds/include/dds/ddsi/q_debmon.h
[24.097s] -- Installing: /home/manish/ros2_ws/ros2_ws/src/install/cyclonedds/include/dds/ddsi/q_radmin.h
[24.097s] -- Installing: /home/manish/ros2_ws/ros2_ws/src/install/cyclonedds/include/dds/ddsi/ddsi_udp.h
[24.097s] -- Installing: /home/manish/ros2_ws/ros2_ws/src/install/cyclonedds/include/dds/ddsi/ddsi_entity_index.h
[24.097s] -- Installing: /home/manish/ros2_ws/ros2_ws/src/install/cyclonedds/include/dds/ddsi/q_pcap.h
[24.097s] -- Installing: /home/manish/ros2_ws/ros2_ws/src/install/cyclonedds/include/dds/ddsi/q_rtps.h
[24.097s] -- Installing: /home/manish/ros2_ws/ros2_ws/src/install/cyclonedds/include/dds/ddsi/ddsi_sertopic.h
[24.097s] -- Installing: /home/manish/ros2_ws/ros2_ws/src/install/cyclonedds/include/dds/ddsi/q_unused.h
[24.097s] -- Installing: /home/manish/ros2_ws/ros2_ws/src/install/cyclonedds/include/dds/ddsi/ddsi_cdrstream.h
[24.097s] -- Installing: /home/manish/ros2_ws/ros2_ws/src/install/cyclonedds/include/dds/ddsi/q_lat_estim.h
[24.103s] -- Installing: /home/manish/ros2_ws/ros2_ws/src/install/cyclonedds/include/dds/ddsi/ddsi_guid.h
[24.103s] -- Installing: /home/manish/ros2_ws/ros2_ws/src/install/cyclonedds/include/dds/ddsi/q_nwif.h
[24.103s] -- Installing: /home/manish/ros2_ws/ros2_ws/src/install/cyclonedds/include/dds/ddsi/q_addrset.h
[24.103s] -- Installing: /home/manish/ros2_ws/ros2_ws/src/install/cyclonedds/include/dds/ddsi/q_time.h
[24.103s] -- Installing: /home/manish/ros2_ws/ros2_ws/src/install/cyclonedds/include/dds/ddsi/ddsi_pmd.h
[24.103s] -- Installing: /home/manish/ros2_ws/ros2_ws/src/install/cyclonedds/include/dds/ddsi/ddsi_tran.h
[24.103s] -- Installing: /home/manish/ros2_ws/ros2_ws/src/install/cyclonedds/include/dds/ddsi/q_bitset.h
[24.103s] -- Installing: /home/manish/ros2_ws/ros2_ws/src/install/cyclonedds/include/dds/ddsi/q_whc.h
[24.103s] -- Installing: /home/manish/ros2_ws/ros2_ws/src/install/cyclonedds/include/dds/ddsi/sysdeps.h
[24.104s] -- Installing: /home/manish/ros2_ws/ros2_ws/src/install/cyclonedds/include/dds/ddsi/q_receive.h
[24.104s] -- Installing: /home/manish/ros2_ws/ros2_ws/src/install/cyclonedds/include/dds/ddsi/q_feature_check.h
[24.104s] -- Installing: /home/manish/ros2_ws/ros2_ws/src/install/cyclonedds/include/dds/ddsi/ddsi_plist_generic.h
[24.104s] -- Installing: /home/manish/ros2_ws/ros2_ws/src/install/cyclonedds/include/dds/ddsi/ddsi_lifespan.h
[24.104s] -- Installing: /home/manish/ros2_ws/ros2_ws/src/install/cyclonedds/include/dds/ddsi/ddsi_xqos.h
[24.104s] -- Installing: /home/manish/ros2_ws/ros2_ws/src/install/cyclonedds/include/dds/ddsi/ddsi_deadline.h
[24.104s] -- Installing: /home/manish/ros2_ws/ros2_ws/src/install/cyclonedds/include/dds/ddsi/q_lease.h
[24.104s] -- Installing: /home/manish/ros2_ws/ros2_ws/src/install/cyclonedds/include/dds/ddsi/q_xmsg.h
[24.104s] -- Installing: /home/manish/ros2_ws/ros2_ws/src/install/cyclonedds/include/dds/ddsi/ddsi_mcgroup.h
[24.105s] -- Installing: /home/manish/ros2_ws/ros2_ws/src/install/cyclonedds/include/dds/ddsi/q_misc.h
[24.105s] -- Installing: /home/manish/ros2_ws/ros2_ws/src/install/cyclonedds/include/dds/ddsi/ddsi_plist.h
[24.105s] -- Installing: /home/manish/ros2_ws/ros2_ws/src/install/cyclonedds/include/dds/ddsi/q_bswap.h
[24.105s] -- Installing: /home/manish/ros2_ws/ros2_ws/src/install/cyclonedds/include/dds/ddsi/q_init.h
[24.105s] -- Installing: /home/manish/ros2_ws/ros2_ws/src/install/cyclonedds/include/dds/ddsi/ddsi_iid.h
[24.105s] -- Installing: /home/manish/ros2_ws/ros2_ws/src/install/cyclonedds/include/dds/ddsi/ddsi_ipaddr.h
[24.105s] -- Installing: /home/manish/ros2_ws/ros2_ws/src/install/cyclonedds/include/dds/ddsi/ddsi_serdata_default.h
[24.105s] -- Installing: /home/manish/ros2_ws/ros2_ws/src/install/cyclonedds/include/dds/ddsi/ddsi_tcp.h
[24.105s] -- Installing: /home/manish/ros2_ws/ros2_ws/src/install/cyclonedds/include/dds/ddsi/q_gc.h
[24.105s] -- Installing: /home/manish/ros2_ws/ros2_ws/src/install/cyclonedds/include/dds/ddsi/ddsi_domaingv.h
[24.106s] -- Installing: /home/manish/ros2_ws/ros2_ws/src/install/cyclonedds/include/dds/ddsi/ddsi_builtin_topic_if.h
[24.106s] -- Up-to-date: /home/manish/ros2_ws/ros2_ws/src/install/cyclonedds/include
[24.106s] -- Up-to-date: /home/manish/ros2_ws/ros2_ws/src/install/cyclonedds/include/dds
[24.106s] -- Installing: /home/manish/ros2_ws/ros2_ws/src/install/cyclonedds/include/dds/dds.h
[24.106s] -- Installing: /home/manish/ros2_ws/ros2_ws/src/install/cyclonedds/include/dds/ddsc
[24.106s] -- Installing: /home/manish/ros2_ws/ros2_ws/src/install/cyclonedds/include/dds/ddsc/dds_internal_api.h
[24.106s] -- Installing: /home/manish/ros2_ws/ros2_ws/src/install/cyclonedds/include/dds/ddsc/dds_public_listener.h
[24.106s] -- Installing: /home/manish/ros2_ws/ros2_ws/src/install/cyclonedds/include/dds/ddsc/dds_public_alloc.h
[24.106s] -- Installing: /home/manish/ros2_ws/ros2_ws/src/install/cyclonedds/include/dds/ddsc/dds_public_error.h
[24.106s] -- Installing: /home/manish/ros2_ws/ros2_ws/src/install/cyclonedds/include/dds/ddsc/dds_rhc.h
[24.107s] -- Installing: /home/manish/ros2_ws/ros2_ws/src/install/cyclonedds/include/dds/ddsc/dds_public_status.h
[24.107s] -- Installing: /home/manish/ros2_ws/ros2_ws/src/install/cyclonedds/include/dds/ddsc/dds_public_impl.h
[24.107s] -- Installing: /home/manish/ros2_ws/ros2_ws/src/install/cyclonedds/include/dds/ddsc/dds_public_qosdefs.h
[24.107s] -- Installing: /home/manish/ros2_ws/ros2_ws/src/install/cyclonedds/include/dds/ddsc/dds_public_qos.h
[24.107s] -- Installing: /home/manish/ros2_ws/ros2_ws/src/install/cyclonedds/include/ddsc
[24.107s] -- Installing: /home/manish/ros2_ws/ros2_ws/src/install/cyclonedds/include/ddsc/dds.h
[24.107s] -- Up-to-date: /home/manish/ros2_ws/ros2_ws/src/install/cyclonedds/include
[24.107s] -- Up-to-date: /home/manish/ros2_ws/ros2_ws/src/install/cyclonedds/include/dds
[24.107s] -- Installing: /home/manish/ros2_ws/ros2_ws/src/install/cyclonedds/include/dds/export.h
[24.107s] -- Installing: /home/manish/ros2_ws/ros2_ws/src/install/cyclonedds/lib/libddsc.so.0.5.0
[24.111s] -- Installing: /home/manish/ros2_ws/ros2_ws/src/install/cyclonedds/lib/libddsc.so.0
[24.111s] -- Installing: /home/manish/ros2_ws/ros2_ws/src/install/cyclonedds/lib/libddsc.so
[24.121s] -- Set runtime path of "/home/manish/ros2_ws/ros2_ws/src/install/cyclonedds/lib/libddsc.so.0.5.0" to "$ORIGIN/../lib"
[24.122s] -- Installing: /home/manish/ros2_ws/ros2_ws/src/install/cyclonedds/bin/pubsub
[24.122s] -- Set runtime path of "/home/manish/ros2_ws/ros2_ws/src/install/cyclonedds/bin/pubsub" to "$ORIGIN/../lib"
[24.123s] -- Installing: /home/manish/ros2_ws/ros2_ws/src/install/cyclonedds/bin/ddsls
[24.123s] -- Set runtime path of "/home/manish/ros2_ws/ros2_ws/src/install/cyclonedds/bin/ddsls" to "$ORIGIN/../lib"
[24.133s] Invoked command in '/home/manish/ros2_ws/ros2_ws/src/build/cyclonedds' returned '0': CMAKE_PREFIX_PATH=${CMAKE_PREFIX_PATH}:/home/manish/ros2_ws/ros2_ws/install/ros2bag:/home/manish/ros2_ws/ros2_ws/install/topic_monitor:/home/manish/ros2_ws/ros2_ws/install/sros2:/home/manish/ros2_ws/ros2_ws/install/rqt_topic:/home/manish/ros2_ws/ros2_ws/install/rqt_action:/home/manish/ros2_ws/ros2_ws/install/rqt:/home/manish/ros2_ws/ros2_ws/install/rqt_graph:/home/manish/ros2_ws/ros2_ws/install/rqt_gui_py:/home/manish/ros2_ws/ros2_ws/install/rqt_gui:/home/manish/ros2_ws/ros2_ws/install/ros2topic:/home/manish/ros2_ws/ros2_ws/install/ros2test:/home/manish/ros2_ws/ros2_ws/install/ros2component:/home/manish/ros2_ws/ros2_ws/install/ros2param:/home/manish/ros2_ws/ros2_ws/install/ros2lifecycle:/home/manish/ros2_ws/ros2_ws/install/ros2service:/home/manish/ros2_ws/ros2_ws/install/ros2srv:/home/manish/ros2_ws/ros2_ws/install/ros2run:/home/manish/ros2_ws/ros2_ws/install/ros2launch:/home/manish/ros2_ws/ros2_ws/install/ros2pkg:/home/manish/ros2_ws/ros2_ws/install/ros2node:/home/manish/ros2_ws/ros2_ws/install/ros2multicast:/home/manish/ros2_ws/ros2_ws/install/ros2msg:/home/manish/ros2_ws/ros2_ws/install/ros2action:/home/manish/ros2_ws/ros2_ws/install/ros2cli:/home/manish/ros2_ws/ros2_ws/install/quality_of_service_demo_py:/home/manish/ros2_ws/ros2_ws/install/launch_testing_ros:/home/manish/ros2_ws/ros2_ws/install/launch_ros:/home/manish/ros2_ws/ros2_ws/install/examples_rclpy_minimal_subscriber:/home/manish/ros2_ws/ros2_ws/install/examples_rclpy_minimal_service:/home/manish/ros2_ws/ros2_ws/install/examples_rclpy_minimal_publisher:/home/manish/ros2_ws/ros2_ws/install/examples_rclpy_minimal_client:/home/manish/ros2_ws/ros2_ws/install/examples_rclpy_minimal_action_server:/home/manish/ros2_ws/ros2_ws/install/examples_rclpy_minimal_action_client:/home/manish/ros2_ws/ros2_ws/install/examples_rclpy_executors:/home/manish/ros2_ws/ros2_ws/install/demo_nodes_py:/home/manish/ros2_ws/ros2_ws/install/ament_uncrustify:/home/manish/ros2_ws/ros2_ws/install/test_launch_ros:/home/manish/ros2_ws/ros2_ws/install/rosidl_runtime_py:/home/manish/ros2_ws/ros2_ws/install/launch_testing:/home/manish/ros2_ws/ros2_ws/install/launch:/home/manish/ros2_ws/ros2_ws/install/osrf_pycommon:/home/manish/ros2_ws/ros2_ws/install/ament_xmllint:/home/manish/ros2_ws/ros2_ws/install/ament_pyflakes:/home/manish/ros2_ws/ros2_ws/install/ament_pep8:/home/manish/ros2_ws/ros2_ws/install/ament_pep257:/home/manish/ros2_ws/ros2_ws/install/ament_pclint:/home/manish/ros2_ws/ros2_ws/install/ament_package:/home/manish/ros2_ws/ros2_ws/install/ament_lint_cmake:/home/manish/ros2_ws/ros2_ws/install/ament_flake8:/home/manish/ros2_ws/ros2_ws/install/ament_copyright:/home/manish/ros2_ws/ros2_ws/install/ament_lint:/home/manish/ros2_ws/ros2_ws/install/ament_index_python:/home/manish/ros2_ws/ros2_ws/install/ament_cpplint:/home/manish/ros2_ws/ros2_ws/install/ament_cppcheck:/home/manish/ros2_ws/ros2_ws/install/ament_clang_tidy:/home/manish/ros2_ws/ros2_ws/install/ament_clang_format /usr/bin/cmake --build /home/manish/ros2_ws/ros2_ws/src/build/cyclonedds --target install -- -j4 -l4
