[1.507s] Invoking command in '/home/manish/ros2_ws/ros2_ws/src/build/ament_package': PYTHONPATH=/home/manish/ros2_ws/ros2_ws/src/install/ament_package/lib/python3.6/site-packages:${PYTHONPATH} /usr/bin/python3 setup.py develop --prefix /home/manish/ros2_ws/ros2_ws/src/install/ament_package --editable --build-directory /home/manish/ros2_ws/ros2_ws/src/build/ament_package/build --no-deps install_data --install-dir /home/manish/ros2_ws/ros2_ws/src/install/ament_package
[2.014s] running develop
[2.245s] running egg_info
[2.245s] creating ament_package.egg-info
[2.245s] writing ament_package.egg-info/PKG-INFO
[2.245s] writing dependency_links to ament_package.egg-info/dependency_links.txt
[2.246s] writing top-level names to ament_package.egg-info/top_level.txt
[2.249s] writing manifest file 'ament_package.egg-info/SOURCES.txt'
[2.284s] reading manifest file 'ament_package.egg-info/SOURCES.txt'
[2.285s] writing manifest file 'ament_package.egg-info/SOURCES.txt'
[2.290s] running build_ext
[2.290s] Creating /home/manish/ros2_ws/ros2_ws/src/install/ament_package/lib/python3.6/site-packages/ament-package.egg-link (link to .)
[2.291s] 
[2.292s] Installed /home/manish/ros2_ws/ros2_ws/src/build/ament_package
[2.292s] running install_data
[2.292s] copying package.xml -> /home/manish/ros2_ws/ros2_ws/src/install/ament_package/share/ament_package
[2.292s] creating /home/manish/ros2_ws/ros2_ws/src/install/ament_package/share/ament_index
[2.292s] creating /home/manish/ros2_ws/ros2_ws/src/install/ament_package/share/ament_index/resource_index
[2.292s] creating /home/manish/ros2_ws/ros2_ws/src/install/ament_package/share/ament_index/resource_index/packages
[2.292s] copying resource/ament_package -> /home/manish/ros2_ws/ros2_ws/src/install/ament_package/share/ament_index/resource_index/packages
[2.456s] Invoked command in '/home/manish/ros2_ws/ros2_ws/src/build/ament_package' returned '0': PYTHONPATH=/home/manish/ros2_ws/ros2_ws/src/install/ament_package/lib/python3.6/site-packages:${PYTHONPATH} /usr/bin/python3 setup.py develop --prefix /home/manish/ros2_ws/ros2_ws/src/install/ament_package --editable --build-directory /home/manish/ros2_ws/ros2_ws/src/build/ament_package/build --no-deps install_data --install-dir /home/manish/ros2_ws/ros2_ws/src/install/ament_package
